running egg_info
creating ../../build/robot_arm_bridge/robot_arm_bridge.egg-info
writing ../../build/robot_arm_bridge/robot_arm_bridge.egg-info/PKG-INFO
writing dependency_links to ../../build/robot_arm_bridge/robot_arm_bridge.egg-info/dependency_links.txt
writing entry points to ../../build/robot_arm_bridge/robot_arm_bridge.egg-info/entry_points.txt
writing requirements to ../../build/robot_arm_bridge/robot_arm_bridge.egg-info/requires.txt
writing top-level names to ../../build/robot_arm_bridge/robot_arm_bridge.egg-info/top_level.txt
writing manifest file '../../build/robot_arm_bridge/robot_arm_bridge.egg-info/SOURCES.txt'
reading manifest file '../../build/robot_arm_bridge/robot_arm_bridge.egg-info/SOURCES.txt'
writing manifest file '../../build/robot_arm_bridge/robot_arm_bridge.egg-info/SOURCES.txt'
running build
running build_py
creating /home/farouk/ros2_ws/build/robot_arm_bridge/build
creating /home/farouk/ros2_ws/build/robot_arm_bridge/build/lib
creating /home/farouk/ros2_ws/build/robot_arm_bridge/build/lib/robot_arm_bridge
copying robot_arm_bridge/serial_bridge_node.py -> /home/farouk/ros2_ws/build/robot_arm_bridge/build/lib/robot_arm_bridge
copying robot_arm_bridge/gazebo_mirror_node.py -> /home/farouk/ros2_ws/build/robot_arm_bridge/build/lib/robot_arm_bridge
copying robot_arm_bridge/__init__.py -> /home/farouk/ros2_ws/build/robot_arm_bridge/build/lib/robot_arm_bridge
running install
running install_lib
creating /home/farouk/ros2_ws/install/robot_arm_bridge/lib/python3.8/site-packages/robot_arm_bridge
copying /home/farouk/ros2_ws/build/robot_arm_bridge/build/lib/robot_arm_bridge/serial_bridge_node.py -> /home/farouk/ros2_ws/install/robot_arm_bridge/lib/python3.8/site-packages/robot_arm_bridge
copying /home/farouk/ros2_ws/build/robot_arm_bridge/build/lib/robot_arm_bridge/gazebo_mirror_node.py -> /home/farouk/ros2_ws/install/robot_arm_bridge/lib/python3.8/site-packages/robot_arm_bridge
copying /home/farouk/ros2_ws/build/robot_arm_bridge/build/lib/robot_arm_bridge/__init__.py -> /home/farouk/ros2_ws/install/robot_arm_bridge/lib/python3.8/site-packages/robot_arm_bridge
byte-compiling /home/farouk/ros2_ws/install/robot_arm_bridge/lib/python3.8/site-packages/robot_arm_bridge/serial_bridge_node.py to serial_bridge_node.cpython-38.pyc
byte-compiling /home/farouk/ros2_ws/install/robot_arm_bridge/lib/python3.8/site-packages/robot_arm_bridge/gazebo_mirror_node.py to gazebo_mirror_node.cpython-38.pyc
byte-compiling /home/farouk/ros2_ws/install/robot_arm_bridge/lib/python3.8/site-packages/robot_arm_bridge/__init__.py to __init__.cpython-38.pyc
running install_data
creating /home/farouk/ros2_ws/install/robot_arm_bridge/share/ament_index
creating /home/farouk/ros2_ws/install/robot_arm_bridge/share/ament_index/resource_index
creating /home/farouk/ros2_ws/install/robot_arm_bridge/share/ament_index/resource_index/packages
copying resource/robot_arm_bridge -> /home/farouk/ros2_ws/install/robot_arm_bridge/share/ament_index/resource_index/packages
copying package.xml -> /home/farouk/ros2_ws/install/robot_arm_bridge/share/robot_arm_bridge
creating /home/farouk/ros2_ws/install/robot_arm_bridge/share/robot_arm_bridge/launch
running install_egg_info
Copying ../../build/robot_arm_bridge/robot_arm_bridge.egg-info to /home/farouk/ros2_ws/install/robot_arm_bridge/lib/python3.8/site-packages/robot_arm_bridge-0.0.1-py3.8.egg-info
running install_scripts
Installing gazebo_mirror script to /home/farouk/ros2_ws/install/robot_arm_bridge/lib/robot_arm_bridge
Installing serial_bridge script to /home/farouk/ros2_ws/install/robot_arm_bridge/lib/robot_arm_bridge
writing list of installed files to '/home/farouk/ros2_ws/build/robot_arm_bridge/install.log'
