[1.450s] Invoking command in '/home/farouk/ros2_ws/src/robot_arm_bridge': PYTHONPATH=/home/farouk/ros2_ws/build/robot_arm_bridge/prefix_override:/usr/lib/python3/dist-packages/colcon_core/task/python/colcon_distutils_commands:/home/farouk/ros2_ws/install/robot_arm_bridge/lib/python3.8/site-packages:${PYTHONPATH} /usr/bin/python3 -W ignore:setup.py install is deprecated -W ignore:easy_install command is deprecated setup.py egg_info --egg-base ../../build/robot_arm_bridge build --build-base /home/farouk/ros2_ws/build/robot_arm_bridge/build install --record /home/farouk/ros2_ws/build/robot_arm_bridge/install.log --install-scripts $base/lib/robot_arm_bridge --single-version-externally-managed install_data
[1.943s] running egg_info
[1.944s] creating ../../build/robot_arm_bridge/robot_arm_bridge.egg-info
[1.944s] writing ../../build/robot_arm_bridge/robot_arm_bridge.egg-info/PKG-INFO
[1.944s] writing dependency_links to ../../build/robot_arm_bridge/robot_arm_bridge.egg-info/dependency_links.txt
[1.945s] writing entry points to ../../build/robot_arm_bridge/robot_arm_bridge.egg-info/entry_points.txt
[1.945s] writing requirements to ../../build/robot_arm_bridge/robot_arm_bridge.egg-info/requires.txt
[1.945s] writing top-level names to ../../build/robot_arm_bridge/robot_arm_bridge.egg-info/top_level.txt
[1.947s] writing manifest file '../../build/robot_arm_bridge/robot_arm_bridge.egg-info/SOURCES.txt'
[2.009s] reading manifest file '../../build/robot_arm_bridge/robot_arm_bridge.egg-info/SOURCES.txt'
[2.010s] writing manifest file '../../build/robot_arm_bridge/robot_arm_bridge.egg-info/SOURCES.txt'
[2.011s] running build
[2.011s] running build_py
[2.011s] creating /home/farouk/ros2_ws/build/robot_arm_bridge/build
[2.011s] creating /home/farouk/ros2_ws/build/robot_arm_bridge/build/lib
[2.011s] creating /home/farouk/ros2_ws/build/robot_arm_bridge/build/lib/robot_arm_bridge
[2.012s] copying robot_arm_bridge/serial_bridge_node.py -> /home/farouk/ros2_ws/build/robot_arm_bridge/build/lib/robot_arm_bridge
[2.012s] copying robot_arm_bridge/gazebo_mirror_node.py -> /home/farouk/ros2_ws/build/robot_arm_bridge/build/lib/robot_arm_bridge
[2.012s] copying robot_arm_bridge/__init__.py -> /home/farouk/ros2_ws/build/robot_arm_bridge/build/lib/robot_arm_bridge
[2.013s] running install
[2.013s] running install_lib
[2.015s] creating /home/farouk/ros2_ws/install/robot_arm_bridge/lib/python3.8/site-packages/robot_arm_bridge
[2.015s] copying /home/farouk/ros2_ws/build/robot_arm_bridge/build/lib/robot_arm_bridge/serial_bridge_node.py -> /home/farouk/ros2_ws/install/robot_arm_bridge/lib/python3.8/site-packages/robot_arm_bridge
[2.015s] copying /home/farouk/ros2_ws/build/robot_arm_bridge/build/lib/robot_arm_bridge/gazebo_mirror_node.py -> /home/farouk/ros2_ws/install/robot_arm_bridge/lib/python3.8/site-packages/robot_arm_bridge
[2.015s] copying /home/farouk/ros2_ws/build/robot_arm_bridge/build/lib/robot_arm_bridge/__init__.py -> /home/farouk/ros2_ws/install/robot_arm_bridge/lib/python3.8/site-packages/robot_arm_bridge
[2.016s] byte-compiling /home/farouk/ros2_ws/install/robot_arm_bridge/lib/python3.8/site-packages/robot_arm_bridge/serial_bridge_node.py to serial_bridge_node.cpython-38.pyc
[2.020s] byte-compiling /home/farouk/ros2_ws/install/robot_arm_bridge/lib/python3.8/site-packages/robot_arm_bridge/gazebo_mirror_node.py to gazebo_mirror_node.cpython-38.pyc
[2.021s] byte-compiling /home/farouk/ros2_ws/install/robot_arm_bridge/lib/python3.8/site-packages/robot_arm_bridge/__init__.py to __init__.cpython-38.pyc
[2.021s] running install_data
[2.021s] creating /home/farouk/ros2_ws/install/robot_arm_bridge/share/ament_index
[2.021s] creating /home/farouk/ros2_ws/install/robot_arm_bridge/share/ament_index/resource_index
[2.022s] creating /home/farouk/ros2_ws/install/robot_arm_bridge/share/ament_index/resource_index/packages
[2.022s] copying resource/robot_arm_bridge -> /home/farouk/ros2_ws/install/robot_arm_bridge/share/ament_index/resource_index/packages
[2.022s] copying package.xml -> /home/farouk/ros2_ws/install/robot_arm_bridge/share/robot_arm_bridge
[2.022s] creating /home/farouk/ros2_ws/install/robot_arm_bridge/share/robot_arm_bridge/launch
[2.022s] running install_egg_info
[2.025s] Copying ../../build/robot_arm_bridge/robot_arm_bridge.egg-info to /home/farouk/ros2_ws/install/robot_arm_bridge/lib/python3.8/site-packages/robot_arm_bridge-0.0.1-py3.8.egg-info
[2.026s] running install_scripts
[2.049s] Installing gazebo_mirror script to /home/farouk/ros2_ws/install/robot_arm_bridge/lib/robot_arm_bridge
[2.050s] Installing serial_bridge script to /home/farouk/ros2_ws/install/robot_arm_bridge/lib/robot_arm_bridge
[2.050s] writing list of installed files to '/home/farouk/ros2_ws/build/robot_arm_bridge/install.log'
[2.090s] Invoked command in '/home/farouk/ros2_ws/src/robot_arm_bridge' returned '0': PYTHONPATH=/home/farouk/ros2_ws/build/robot_arm_bridge/prefix_override:/usr/lib/python3/dist-packages/colcon_core/task/python/colcon_distutils_commands:/home/farouk/ros2_ws/install/robot_arm_bridge/lib/python3.8/site-packages:${PYTHONPATH} /usr/bin/python3 -W ignore:setup.py install is deprecated -W ignore:easy_install command is deprecated setup.py egg_info --egg-base ../../build/robot_arm_bridge build --build-base /home/farouk/ros2_ws/build/robot_arm_bridge/build install --record /home/farouk/ros2_ws/build/robot_arm_bridge/install.log --install-scripts $base/lib/robot_arm_bridge --single-version-externally-managed install_data
