-- Install configuration: ""
-- Up-to-date: /home/farouk/ros2_ws/install/my_robot_description/share/my_robot_description/launch
-- Installing: /home/farouk/ros2_ws/install/my_robot_description/share/my_robot_description/launch/spawn_robot.launch.py
-- Up-to-date: /home/farouk/ros2_ws/install/my_robot_description/share/my_robot_description/urdf
-- Up-to-date: /home/farouk/ros2_ws/install/my_robot_description/share/my_robot_description/urdf/x.txt
-- Up-to-date: /home/farouk/ros2_ws/install/my_robot_description/share/my_robot_description/urdf/old.txt
-- Installing: /home/farouk/ros2_ws/install/my_robot_description/share/my_robot_description/urdf/my_robot.urdf.xacro
-- Up-to-date: /home/farouk/ros2_ws/install/my_robot_description/share/my_robot_description/meshes
-- Up-to-date: /home/farouk/ros2_ws/install/my_robot_description/share/my_robot_description/meshes/link_3_wrist.stl
-- Up-to-date: /home/farouk/ros2_ws/install/my_robot_description/share/my_robot_description/meshes/link_1_shoulder.stl
-- Up-to-date: /home/farouk/ros2_ws/install/my_robot_description/share/my_robot_description/meshes/base_link.stl
-- Up-to-date: /home/farouk/ros2_ws/install/my_robot_description/share/my_robot_description/meshes/link_4_wrist.stl
-- Up-to-date: /home/farouk/ros2_ws/install/my_robot_description/share/my_robot_description/meshes/link_2_elbow.stl
-- Up-to-date: /home/farouk/ros2_ws/install/my_robot_description/share/my_robot_description/meshes/base.stl
-- Up-to-date: /home/farouk/ros2_ws/install/my_robot_description/share/my_robot_description/config
-- Up-to-date: /home/farouk/ros2_ws/install/my_robot_description/share/my_robot_description/config/my_robot_arm_controllers.yaml
-- Up-to-date: /home/farouk/ros2_ws/install/my_robot_description/share/ament_index/resource_index/package_run_dependencies/my_robot_description
-- Up-to-date: /home/farouk/ros2_ws/install/my_robot_description/share/ament_index/resource_index/parent_prefix_path/my_robot_description
-- Up-to-date: /home/farouk/ros2_ws/install/my_robot_description/share/my_robot_description/environment/ament_prefix_path.sh
-- Up-to-date: /home/farouk/ros2_ws/install/my_robot_description/share/my_robot_description/environment/ament_prefix_path.dsv
-- Up-to-date: /home/farouk/ros2_ws/install/my_robot_description/share/my_robot_description/environment/path.sh
-- Up-to-date: /home/farouk/ros2_ws/install/my_robot_description/share/my_robot_description/environment/path.dsv
-- Up-to-date: /home/farouk/ros2_ws/install/my_robot_description/share/my_robot_description/local_setup.bash
-- Up-to-date: /home/farouk/ros2_ws/install/my_robot_description/share/my_robot_description/local_setup.sh
-- Up-to-date: /home/farouk/ros2_ws/install/my_robot_description/share/my_robot_description/local_setup.zsh
-- Up-to-date: /home/farouk/ros2_ws/install/my_robot_description/share/my_robot_description/local_setup.dsv
-- Up-to-date: /home/farouk/ros2_ws/install/my_robot_description/share/my_robot_description/package.dsv
-- Up-to-date: /home/farouk/ros2_ws/install/my_robot_description/share/ament_index/resource_index/packages/my_robot_description
-- Up-to-date: /home/farouk/ros2_ws/install/my_robot_description/share/my_robot_description/cmake/my_robot_descriptionConfig.cmake
-- Up-to-date: /home/farouk/ros2_ws/install/my_robot_description/share/my_robot_description/cmake/my_robot_descriptionConfig-version.cmake
-- Up-to-date: /home/farouk/ros2_ws/install/my_robot_description/share/my_robot_description/package.xml
