[1.325s] Invoking command in '/home/farouk/ros2_ws/src/robot_arm_bridge': PYTHONPATH=/home/farouk/ros2_ws/build/robot_arm_bridge/prefix_override:/usr/lib/python3/dist-packages/colcon_core/task/python/colcon_distutils_commands:/home/farouk/ros2_ws/install/robot_arm_bridge/lib/python3.8/site-packages:${PYTHONPATH} /usr/bin/python3 -W ignore:setup.py install is deprecated -W ignore:easy_install command is deprecated setup.py egg_info --egg-base ../../build/robot_arm_bridge build --build-base /home/farouk/ros2_ws/build/robot_arm_bridge/build install --record /home/farouk/ros2_ws/build/robot_arm_bridge/install.log --install-scripts $base/lib/robot_arm_bridge --single-version-externally-managed install_data
[1.717s] running egg_info
[1.717s] creating ../../build/robot_arm_bridge/robot_arm_bridge.egg-info
[1.719s] writing ../../build/robot_arm_bridge/robot_arm_bridge.egg-info/PKG-INFO
[1.720s] writing dependency_links to ../../build/robot_arm_bridge/robot_arm_bridge.egg-info/dependency_links.txt
[1.721s] writing entry points to ../../build/robot_arm_bridge/robot_arm_bridge.egg-info/entry_points.txt
[1.721s] writing requirements to ../../build/robot_arm_bridge/robot_arm_bridge.egg-info/requires.txt
[1.721s] writing top-level names to ../../build/robot_arm_bridge/robot_arm_bridge.egg-info/top_level.txt
[1.722s] writing manifest file '../../build/robot_arm_bridge/robot_arm_bridge.egg-info/SOURCES.txt'
[1.784s] reading manifest file '../../build/robot_arm_bridge/robot_arm_bridge.egg-info/SOURCES.txt'
[1.786s] writing manifest file '../../build/robot_arm_bridge/robot_arm_bridge.egg-info/SOURCES.txt'
[1.786s] running build
[1.787s] running build_py
[1.787s] creating /home/farouk/ros2_ws/build/robot_arm_bridge/build
[1.788s] creating /home/farouk/ros2_ws/build/robot_arm_bridge/build/lib
[1.788s] creating /home/farouk/ros2_ws/build/robot_arm_bridge/build/lib/robot_arm_bridge
[1.789s] copying robot_arm_bridge/serial_bridge_node.py -> /home/farouk/ros2_ws/build/robot_arm_bridge/build/lib/robot_arm_bridge
[1.790s] copying robot_arm_bridge/gazebo_mirror_node.py -> /home/farouk/ros2_ws/build/robot_arm_bridge/build/lib/robot_arm_bridge
[1.791s] copying robot_arm_bridge/__init__.py -> /home/farouk/ros2_ws/build/robot_arm_bridge/build/lib/robot_arm_bridge
[1.791s] running install
[1.793s] running install_lib
[1.795s] creating /home/farouk/ros2_ws/install/robot_arm_bridge/lib/python3.8/site-packages/robot_arm_bridge
[1.795s] copying /home/farouk/ros2_ws/build/robot_arm_bridge/build/lib/robot_arm_bridge/serial_bridge_node.py -> /home/farouk/ros2_ws/install/robot_arm_bridge/lib/python3.8/site-packages/robot_arm_bridge
[1.796s] copying /home/farouk/ros2_ws/build/robot_arm_bridge/build/lib/robot_arm_bridge/gazebo_mirror_node.py -> /home/farouk/ros2_ws/install/robot_arm_bridge/lib/python3.8/site-packages/robot_arm_bridge
[1.796s] copying /home/farouk/ros2_ws/build/robot_arm_bridge/build/lib/robot_arm_bridge/__init__.py -> /home/farouk/ros2_ws/install/robot_arm_bridge/lib/python3.8/site-packages/robot_arm_bridge
[1.797s] byte-compiling /home/farouk/ros2_ws/install/robot_arm_bridge/lib/python3.8/site-packages/robot_arm_bridge/serial_bridge_node.py to serial_bridge_node.cpython-38.pyc
[1.802s] byte-compiling /home/farouk/ros2_ws/install/robot_arm_bridge/lib/python3.8/site-packages/robot_arm_bridge/gazebo_mirror_node.py to gazebo_mirror_node.cpython-38.pyc
[1.803s] byte-compiling /home/farouk/ros2_ws/install/robot_arm_bridge/lib/python3.8/site-packages/robot_arm_bridge/__init__.py to __init__.cpython-38.pyc
[1.804s] running install_data
[1.804s] creating /home/farouk/ros2_ws/install/robot_arm_bridge/share/ament_index
[1.804s] creating /home/farouk/ros2_ws/install/robot_arm_bridge/share/ament_index/resource_index
[1.805s] creating /home/farouk/ros2_ws/install/robot_arm_bridge/share/ament_index/resource_index/packages
[1.805s] copying resource/robot_arm_bridge -> /home/farouk/ros2_ws/install/robot_arm_bridge/share/ament_index/resource_index/packages
[1.805s] copying package.xml -> /home/farouk/ros2_ws/install/robot_arm_bridge/share/robot_arm_bridge
[1.806s] creating /home/farouk/ros2_ws/install/robot_arm_bridge/share/robot_arm_bridge/launch
[1.806s] running install_egg_info
[1.809s] Copying ../../build/robot_arm_bridge/robot_arm_bridge.egg-info to /home/farouk/ros2_ws/install/robot_arm_bridge/lib/python3.8/site-packages/robot_arm_bridge-0.0.1-py3.8.egg-info
[1.811s] running install_scripts
[1.838s] Installing gazebo_mirror script to /home/farouk/ros2_ws/install/robot_arm_bridge/lib/robot_arm_bridge
[1.839s] Installing serial_bridge script to /home/farouk/ros2_ws/install/robot_arm_bridge/lib/robot_arm_bridge
[1.839s] writing list of installed files to '/home/farouk/ros2_ws/build/robot_arm_bridge/install.log'
[1.884s] Invoked command in '/home/farouk/ros2_ws/src/robot_arm_bridge' returned '0': PYTHONPATH=/home/farouk/ros2_ws/build/robot_arm_bridge/prefix_override:/usr/lib/python3/dist-packages/colcon_core/task/python/colcon_distutils_commands:/home/farouk/ros2_ws/install/robot_arm_bridge/lib/python3.8/site-packages:${PYTHONPATH} /usr/bin/python3 -W ignore:setup.py install is deprecated -W ignore:easy_install command is deprecated setup.py egg_info --egg-base ../../build/robot_arm_bridge build --build-base /home/farouk/ros2_ws/build/robot_arm_bridge/build install --record /home/farouk/ros2_ws/build/robot_arm_bridge/install.log --install-scripts $base/lib/robot_arm_bridge --single-version-externally-managed install_data
