[0.362s] DEBUG:colcon:Command line arguments: ['/usr/bin/colcon', 'build']
[0.362s] DEBUG:colcon:Parsed command line arguments: Namespace(allow_overriding=[], ament_cmake_args=None, base_paths=['.'], build_base='build', catkin_cmake_args=None, catkin_skip_building_tests=False, cmake_args=None, cmake_clean_cache=False, cmake_clean_first=False, cmake_force_configure=False, cmake_target=None, cmake_target_skip_unavailable=False, continue_on_error=False, event_handlers=None, executor='parallel', ignore_user_meta=False, install_base='install', log_base=None, log_level=None, main=<bound method BuildVerb.main of <colcon_core.verb.build.BuildVerb object at 0x7f9c1b8c8dc0>>, merge_install=False, metas=['./colcon.meta'], packages_above=None, packages_above_and_dependencies=None, packages_above_depth=None, packages_end=None, packages_ignore=None, packages_ignore_regex=None, packages_select=None, packages_select_build_failed=False, packages_select_by_dep=None, packages_select_regex=None, packages_select_test_failures=False, packages_skip=None, packages_skip_build_finished=False, packages_skip_by_dep=None, packages_skip_regex=None, packages_skip_test_passed=False, packages_skip_up_to=None, packages_start=None, packages_up_to=None, packages_up_to_regex=None, parallel_workers=4, paths=None, symlink_install=False, test_result_base=None, verb_extension=<colcon_core.verb.build.BuildVerb object at 0x7f9c1b8c8dc0>, verb_name='build', verb_parser=<colcon_defaults.argument_parser.defaults.DefaultArgumentsDecorator object at 0x7f9c1b8da280>)
[0.634s] Level 1:colcon.colcon_core.package_discovery:discover_packages(colcon_meta) check parameters
[0.634s] Level 1:colcon.colcon_core.package_discovery:discover_packages(recursive) check parameters
[0.640s] Level 1:colcon.colcon_core.package_discovery:discover_packages(ignore) check parameters
[0.640s] Level 1:colcon.colcon_core.package_discovery:discover_packages(path) check parameters
[0.640s] Level 1:colcon.colcon_core.package_discovery:discover_packages(colcon_meta) discover
[0.640s] Level 1:colcon.colcon_core.package_discovery:discover_packages(recursive) discover
[0.640s] INFO:colcon.colcon_core.package_discovery:Crawling recursively for packages in '/home/farouk/ros2_ws'
[0.640s] Level 1:colcon.colcon_core.package_identification:_identify(.) by extensions ['ignore', 'ignore_ament_install']
[0.640s] Level 1:colcon.colcon_core.package_identification:_identify(.) by extension 'ignore'
[0.641s] Level 1:colcon.colcon_core.package_identification:_identify(.) by extension 'ignore_ament_install'
[0.641s] Level 1:colcon.colcon_core.package_identification:_identify(.) by extensions ['colcon_pkg']
[0.641s] Level 1:colcon.colcon_core.package_identification:_identify(.) by extension 'colcon_pkg'
[0.641s] Level 1:colcon.colcon_core.package_identification:_identify(.) by extensions ['colcon_meta']
[0.641s] Level 1:colcon.colcon_core.package_identification:_identify(.) by extension 'colcon_meta'
[0.641s] Level 1:colcon.colcon_core.package_identification:_identify(.) by extensions ['ros']
[0.641s] Level 1:colcon.colcon_core.package_identification:_identify(.) by extension 'ros'
[0.655s] Level 1:colcon.colcon_core.package_identification:_identify(.) by extensions ['cmake', 'python']
[0.655s] Level 1:colcon.colcon_core.package_identification:_identify(.) by extension 'cmake'
[0.655s] Level 1:colcon.colcon_core.package_identification:_identify(.) by extension 'python'
[0.655s] Level 1:colcon.colcon_core.package_identification:_identify(.) by extensions ['python_setup_py']
[0.655s] Level 1:colcon.colcon_core.package_identification:_identify(.) by extension 'python_setup_py'
[0.655s] Level 1:colcon.colcon_core.package_identification:_identify(build) by extensions ['ignore', 'ignore_ament_install']
[0.656s] Level 1:colcon.colcon_core.package_identification:_identify(build) by extension 'ignore'
[0.656s] Level 1:colcon.colcon_core.package_identification:_identify(build) ignored
[0.656s] Level 1:colcon.colcon_core.package_identification:_identify(install) by extensions ['ignore', 'ignore_ament_install']
[0.656s] Level 1:colcon.colcon_core.package_identification:_identify(install) by extension 'ignore'
[0.656s] Level 1:colcon.colcon_core.package_identification:_identify(install) ignored
[0.656s] Level 1:colcon.colcon_core.package_identification:_identify(log) by extensions ['ignore', 'ignore_ament_install']
[0.656s] Level 1:colcon.colcon_core.package_identification:_identify(log) by extension 'ignore'
[0.657s] Level 1:colcon.colcon_core.package_identification:_identify(log) ignored
[0.657s] Level 1:colcon.colcon_core.package_identification:_identify(src) by extensions ['ignore', 'ignore_ament_install']
[0.657s] Level 1:colcon.colcon_core.package_identification:_identify(src) by extension 'ignore'
[0.657s] Level 1:colcon.colcon_core.package_identification:_identify(src) by extension 'ignore_ament_install'
[0.657s] Level 1:colcon.colcon_core.package_identification:_identify(src) by extensions ['colcon_pkg']
[0.657s] Level 1:colcon.colcon_core.package_identification:_identify(src) by extension 'colcon_pkg'
[0.657s] Level 1:colcon.colcon_core.package_identification:_identify(src) by extensions ['colcon_meta']
[0.657s] Level 1:colcon.colcon_core.package_identification:_identify(src) by extension 'colcon_meta'
[0.657s] Level 1:colcon.colcon_core.package_identification:_identify(src) by extensions ['ros']
[0.657s] Level 1:colcon.colcon_core.package_identification:_identify(src) by extension 'ros'
[0.657s] Level 1:colcon.colcon_core.package_identification:_identify(src) by extensions ['cmake', 'python']
[0.657s] Level 1:colcon.colcon_core.package_identification:_identify(src) by extension 'cmake'
[0.658s] Level 1:colcon.colcon_core.package_identification:_identify(src) by extension 'python'
[0.658s] Level 1:colcon.colcon_core.package_identification:_identify(src) by extensions ['python_setup_py']
[0.658s] Level 1:colcon.colcon_core.package_identification:_identify(src) by extension 'python_setup_py'
[0.658s] Level 1:colcon.colcon_core.package_identification:_identify(src/micro-ROS-Agent) by extensions ['ignore', 'ignore_ament_install']
[0.658s] Level 1:colcon.colcon_core.package_identification:_identify(src/micro-ROS-Agent) by extension 'ignore'
[0.658s] Level 1:colcon.colcon_core.package_identification:_identify(src/micro-ROS-Agent) by extension 'ignore_ament_install'
[0.658s] Level 1:colcon.colcon_core.package_identification:_identify(src/micro-ROS-Agent) by extensions ['colcon_pkg']
[0.658s] Level 1:colcon.colcon_core.package_identification:_identify(src/micro-ROS-Agent) by extension 'colcon_pkg'
[0.658s] Level 1:colcon.colcon_core.package_identification:_identify(src/micro-ROS-Agent) by extensions ['colcon_meta']
[0.658s] Level 1:colcon.colcon_core.package_identification:_identify(src/micro-ROS-Agent) by extension 'colcon_meta'
[0.658s] Level 1:colcon.colcon_core.package_identification:_identify(src/micro-ROS-Agent) by extensions ['ros']
[0.659s] Level 1:colcon.colcon_core.package_identification:_identify(src/micro-ROS-Agent) by extension 'ros'
[0.659s] Level 1:colcon.colcon_core.package_identification:_identify(src/micro-ROS-Agent) by extensions ['cmake', 'python']
[0.659s] Level 1:colcon.colcon_core.package_identification:_identify(src/micro-ROS-Agent) by extension 'cmake'
[0.659s] Level 1:colcon.colcon_core.package_identification:_identify(src/micro-ROS-Agent) by extension 'python'
[0.659s] Level 1:colcon.colcon_core.package_identification:_identify(src/micro-ROS-Agent) by extensions ['python_setup_py']
[0.659s] Level 1:colcon.colcon_core.package_identification:_identify(src/micro-ROS-Agent) by extension 'python_setup_py'
[0.659s] Level 1:colcon.colcon_core.package_identification:_identify(src/micro-ROS-Agent/micro_ros_agent) by extensions ['ignore', 'ignore_ament_install']
[0.659s] Level 1:colcon.colcon_core.package_identification:_identify(src/micro-ROS-Agent/micro_ros_agent) by extension 'ignore'
[0.659s] Level 1:colcon.colcon_core.package_identification:_identify(src/micro-ROS-Agent/micro_ros_agent) by extension 'ignore_ament_install'
[0.659s] Level 1:colcon.colcon_core.package_identification:_identify(src/micro-ROS-Agent/micro_ros_agent) by extensions ['colcon_pkg']
[0.659s] Level 1:colcon.colcon_core.package_identification:_identify(src/micro-ROS-Agent/micro_ros_agent) by extension 'colcon_pkg'
[0.660s] Level 1:colcon.colcon_core.package_identification:_identify(src/micro-ROS-Agent/micro_ros_agent) by extensions ['colcon_meta']
[0.660s] Level 1:colcon.colcon_core.package_identification:_identify(src/micro-ROS-Agent/micro_ros_agent) by extension 'colcon_meta'
[0.660s] Level 1:colcon.colcon_core.package_identification:_identify(src/micro-ROS-Agent/micro_ros_agent) by extensions ['ros']
[0.660s] Level 1:colcon.colcon_core.package_identification:_identify(src/micro-ROS-Agent/micro_ros_agent) by extension 'ros'
[0.663s] DEBUG:colcon.colcon_core.package_identification:Package 'src/micro-ROS-Agent/micro_ros_agent' with type 'ros.ament_cmake' and name 'micro_ros_agent'
[0.664s] Level 1:colcon.colcon_core.package_identification:_identify(src/micro-ROS-Agent/snap) by extensions ['ignore', 'ignore_ament_install']
[0.664s] Level 1:colcon.colcon_core.package_identification:_identify(src/micro-ROS-Agent/snap) by extension 'ignore'
[0.664s] Level 1:colcon.colcon_core.package_identification:_identify(src/micro-ROS-Agent/snap) by extension 'ignore_ament_install'
[0.664s] Level 1:colcon.colcon_core.package_identification:_identify(src/micro-ROS-Agent/snap) by extensions ['colcon_pkg']
[0.664s] Level 1:colcon.colcon_core.package_identification:_identify(src/micro-ROS-Agent/snap) by extension 'colcon_pkg'
[0.664s] Level 1:colcon.colcon_core.package_identification:_identify(src/micro-ROS-Agent/snap) by extensions ['colcon_meta']
[0.664s] Level 1:colcon.colcon_core.package_identification:_identify(src/micro-ROS-Agent/snap) by extension 'colcon_meta'
[0.664s] Level 1:colcon.colcon_core.package_identification:_identify(src/micro-ROS-Agent/snap) by extensions ['ros']
[0.664s] Level 1:colcon.colcon_core.package_identification:_identify(src/micro-ROS-Agent/snap) by extension 'ros'
[0.664s] Level 1:colcon.colcon_core.package_identification:_identify(src/micro-ROS-Agent/snap) by extensions ['cmake', 'python']
[0.664s] Level 1:colcon.colcon_core.package_identification:_identify(src/micro-ROS-Agent/snap) by extension 'cmake'
[0.664s] Level 1:colcon.colcon_core.package_identification:_identify(src/micro-ROS-Agent/snap) by extension 'python'
[0.664s] Level 1:colcon.colcon_core.package_identification:_identify(src/micro-ROS-Agent/snap) by extensions ['python_setup_py']
[0.665s] Level 1:colcon.colcon_core.package_identification:_identify(src/micro-ROS-Agent/snap) by extension 'python_setup_py'
[0.665s] Level 1:colcon.colcon_core.package_identification:_identify(src/micro-ROS-Agent/snap/hooks) by extensions ['ignore', 'ignore_ament_install']
[0.665s] Level 1:colcon.colcon_core.package_identification:_identify(src/micro-ROS-Agent/snap/hooks) by extension 'ignore'
[0.665s] Level 1:colcon.colcon_core.package_identification:_identify(src/micro-ROS-Agent/snap/hooks) by extension 'ignore_ament_install'
[0.665s] Level 1:colcon.colcon_core.package_identification:_identify(src/micro-ROS-Agent/snap/hooks) by extensions ['colcon_pkg']
[0.665s] Level 1:colcon.colcon_core.package_identification:_identify(src/micro-ROS-Agent/snap/hooks) by extension 'colcon_pkg'
[0.665s] Level 1:colcon.colcon_core.package_identification:_identify(src/micro-ROS-Agent/snap/hooks) by extensions ['colcon_meta']
[0.665s] Level 1:colcon.colcon_core.package_identification:_identify(src/micro-ROS-Agent/snap/hooks) by extension 'colcon_meta'
[0.665s] Level 1:colcon.colcon_core.package_identification:_identify(src/micro-ROS-Agent/snap/hooks) by extensions ['ros']
[0.665s] Level 1:colcon.colcon_core.package_identification:_identify(src/micro-ROS-Agent/snap/hooks) by extension 'ros'
[0.665s] Level 1:colcon.colcon_core.package_identification:_identify(src/micro-ROS-Agent/snap/hooks) by extensions ['cmake', 'python']
[0.665s] Level 1:colcon.colcon_core.package_identification:_identify(src/micro-ROS-Agent/snap/hooks) by extension 'cmake'
[0.665s] Level 1:colcon.colcon_core.package_identification:_identify(src/micro-ROS-Agent/snap/hooks) by extension 'python'
[0.665s] Level 1:colcon.colcon_core.package_identification:_identify(src/micro-ROS-Agent/snap/hooks) by extensions ['python_setup_py']
[0.665s] Level 1:colcon.colcon_core.package_identification:_identify(src/micro-ROS-Agent/snap/hooks) by extension 'python_setup_py'
[0.666s] Level 1:colcon.colcon_core.package_identification:_identify(src/micro-ROS-Agent/snap/local) by extensions ['ignore', 'ignore_ament_install']
[0.666s] Level 1:colcon.colcon_core.package_identification:_identify(src/micro-ROS-Agent/snap/local) by extension 'ignore'
[0.666s] Level 1:colcon.colcon_core.package_identification:_identify(src/micro-ROS-Agent/snap/local) by extension 'ignore_ament_install'
[0.666s] Level 1:colcon.colcon_core.package_identification:_identify(src/micro-ROS-Agent/snap/local) by extensions ['colcon_pkg']
[0.666s] Level 1:colcon.colcon_core.package_identification:_identify(src/micro-ROS-Agent/snap/local) by extension 'colcon_pkg'
[0.666s] Level 1:colcon.colcon_core.package_identification:_identify(src/micro-ROS-Agent/snap/local) by extensions ['colcon_meta']
[0.666s] Level 1:colcon.colcon_core.package_identification:_identify(src/micro-ROS-Agent/snap/local) by extension 'colcon_meta'
[0.666s] Level 1:colcon.colcon_core.package_identification:_identify(src/micro-ROS-Agent/snap/local) by extensions ['ros']
[0.666s] Level 1:colcon.colcon_core.package_identification:_identify(src/micro-ROS-Agent/snap/local) by extension 'ros'
[0.666s] Level 1:colcon.colcon_core.package_identification:_identify(src/micro-ROS-Agent/snap/local) by extensions ['cmake', 'python']
[0.666s] Level 1:colcon.colcon_core.package_identification:_identify(src/micro-ROS-Agent/snap/local) by extension 'cmake'
[0.666s] Level 1:colcon.colcon_core.package_identification:_identify(src/micro-ROS-Agent/snap/local) by extension 'python'
[0.666s] Level 1:colcon.colcon_core.package_identification:_identify(src/micro-ROS-Agent/snap/local) by extensions ['python_setup_py']
[0.666s] Level 1:colcon.colcon_core.package_identification:_identify(src/micro-ROS-Agent/snap/local) by extension 'python_setup_py'
[0.666s] Level 1:colcon.colcon_core.package_identification:_identify(src/micro_ros_msgs) by extensions ['ignore', 'ignore_ament_install']
[0.667s] Level 1:colcon.colcon_core.package_identification:_identify(src/micro_ros_msgs) by extension 'ignore'
[0.667s] Level 1:colcon.colcon_core.package_identification:_identify(src/micro_ros_msgs) by extension 'ignore_ament_install'
[0.667s] Level 1:colcon.colcon_core.package_identification:_identify(src/micro_ros_msgs) by extensions ['colcon_pkg']
[0.667s] Level 1:colcon.colcon_core.package_identification:_identify(src/micro_ros_msgs) by extension 'colcon_pkg'
[0.667s] Level 1:colcon.colcon_core.package_identification:_identify(src/micro_ros_msgs) by extensions ['colcon_meta']
[0.667s] Level 1:colcon.colcon_core.package_identification:_identify(src/micro_ros_msgs) by extension 'colcon_meta'
[0.667s] Level 1:colcon.colcon_core.package_identification:_identify(src/micro_ros_msgs) by extensions ['ros']
[0.667s] Level 1:colcon.colcon_core.package_identification:_identify(src/micro_ros_msgs) by extension 'ros'
[0.668s] DEBUG:colcon.colcon_core.package_identification:Package 'src/micro_ros_msgs' with type 'ros.ament_cmake' and name 'micro_ros_msgs'
[0.668s] Level 1:colcon.colcon_core.package_identification:_identify(src/my_robot_description) by extensions ['ignore', 'ignore_ament_install']
[0.668s] Level 1:colcon.colcon_core.package_identification:_identify(src/my_robot_description) by extension 'ignore'
[0.668s] Level 1:colcon.colcon_core.package_identification:_identify(src/my_robot_description) by extension 'ignore_ament_install'
[0.668s] Level 1:colcon.colcon_core.package_identification:_identify(src/my_robot_description) by extensions ['colcon_pkg']
[0.668s] Level 1:colcon.colcon_core.package_identification:_identify(src/my_robot_description) by extension 'colcon_pkg'
[0.668s] Level 1:colcon.colcon_core.package_identification:_identify(src/my_robot_description) by extensions ['colcon_meta']
[0.668s] Level 1:colcon.colcon_core.package_identification:_identify(src/my_robot_description) by extension 'colcon_meta'
[0.668s] Level 1:colcon.colcon_core.package_identification:_identify(src/my_robot_description) by extensions ['ros']
[0.668s] Level 1:colcon.colcon_core.package_identification:_identify(src/my_robot_description) by extension 'ros'
[0.669s] DEBUG:colcon.colcon_core.package_identification:Package 'src/my_robot_description' with type 'ros.ament_cmake' and name 'my_robot_description'
[0.669s] Level 1:colcon.colcon_core.package_identification:_identify(src/robot_arm_bridge) by extensions ['ignore', 'ignore_ament_install']
[0.670s] Level 1:colcon.colcon_core.package_identification:_identify(src/robot_arm_bridge) by extension 'ignore'
[0.670s] Level 1:colcon.colcon_core.package_identification:_identify(src/robot_arm_bridge) by extension 'ignore_ament_install'
[0.670s] Level 1:colcon.colcon_core.package_identification:_identify(src/robot_arm_bridge) by extensions ['colcon_pkg']
[0.670s] Level 1:colcon.colcon_core.package_identification:_identify(src/robot_arm_bridge) by extension 'colcon_pkg'
[0.670s] Level 1:colcon.colcon_core.package_identification:_identify(src/robot_arm_bridge) by extensions ['colcon_meta']
[0.670s] Level 1:colcon.colcon_core.package_identification:_identify(src/robot_arm_bridge) by extension 'colcon_meta'
[0.670s] Level 1:colcon.colcon_core.package_identification:_identify(src/robot_arm_bridge) by extensions ['ros']
[0.670s] Level 1:colcon.colcon_core.package_identification:_identify(src/robot_arm_bridge) by extension 'ros'
[0.672s] DEBUG:colcon.colcon_core.package_identification:Package 'src/robot_arm_bridge' with type 'ros.ament_python' and name 'robot_arm_bridge'
[0.672s] Level 1:colcon.colcon_core.package_discovery:discover_packages(recursive) using defaults
[0.672s] Level 1:colcon.colcon_core.package_discovery:discover_packages(ignore) discover
[0.672s] Level 1:colcon.colcon_core.package_discovery:discover_packages(ignore) using defaults
[0.672s] Level 1:colcon.colcon_core.package_discovery:discover_packages(path) discover
[0.673s] Level 1:colcon.colcon_core.package_discovery:discover_packages(path) using defaults
[0.703s] Level 1:colcon.colcon_core.package_discovery:discover_packages(prefix_path) check parameters
[0.703s] Level 1:colcon.colcon_core.package_discovery:discover_packages(prefix_path) discover
[0.705s] DEBUG:colcon.colcon_installed_package_information.package_discovery:Found 4 installed packages in /home/farouk/ros2_ws/install
[0.707s] DEBUG:colcon.colcon_installed_package_information.package_discovery:Found 287 installed packages in /opt/ros/foxy
[0.710s] Level 1:colcon.colcon_core.package_discovery:discover_packages(prefix_path) using defaults
[0.799s] Level 5:colcon.colcon_core.verb:set package 'micro_ros_msgs' build argument 'cmake_args' from command line to 'None'
[0.799s] Level 5:colcon.colcon_core.verb:set package 'micro_ros_msgs' build argument 'cmake_target' from command line to 'None'
[0.799s] Level 5:colcon.colcon_core.verb:set package 'micro_ros_msgs' build argument 'cmake_target_skip_unavailable' from command line to 'False'
[0.799s] Level 5:colcon.colcon_core.verb:set package 'micro_ros_msgs' build argument 'cmake_clean_cache' from command line to 'False'
[0.799s] Level 5:colcon.colcon_core.verb:set package 'micro_ros_msgs' build argument 'cmake_clean_first' from command line to 'False'
[0.799s] Level 5:colcon.colcon_core.verb:set package 'micro_ros_msgs' build argument 'cmake_force_configure' from command line to 'False'
[0.799s] Level 5:colcon.colcon_core.verb:set package 'micro_ros_msgs' build argument 'ament_cmake_args' from command line to 'None'
[0.799s] Level 5:colcon.colcon_core.verb:set package 'micro_ros_msgs' build argument 'catkin_cmake_args' from command line to 'None'
[0.799s] Level 5:colcon.colcon_core.verb:set package 'micro_ros_msgs' build argument 'catkin_skip_building_tests' from command line to 'False'
[0.799s] DEBUG:colcon.colcon_core.verb:Building package 'micro_ros_msgs' with the following arguments: {'ament_cmake_args': None, 'build_base': '/home/farouk/ros2_ws/build/micro_ros_msgs', 'catkin_cmake_args': None, 'catkin_skip_building_tests': False, 'cmake_args': None, 'cmake_clean_cache': False, 'cmake_clean_first': False, 'cmake_force_configure': False, 'cmake_target': None, 'cmake_target_skip_unavailable': False, 'install_base': '/home/farouk/ros2_ws/install/micro_ros_msgs', 'merge_install': False, 'path': '/home/farouk/ros2_ws/src/micro_ros_msgs', 'symlink_install': False, 'test_result_base': None}
[0.800s] Level 5:colcon.colcon_core.verb:set package 'my_robot_description' build argument 'cmake_args' from command line to 'None'
[0.800s] Level 5:colcon.colcon_core.verb:set package 'my_robot_description' build argument 'cmake_target' from command line to 'None'
[0.800s] Level 5:colcon.colcon_core.verb:set package 'my_robot_description' build argument 'cmake_target_skip_unavailable' from command line to 'False'
[0.800s] Level 5:colcon.colcon_core.verb:set package 'my_robot_description' build argument 'cmake_clean_cache' from command line to 'False'
[0.800s] Level 5:colcon.colcon_core.verb:set package 'my_robot_description' build argument 'cmake_clean_first' from command line to 'False'
[0.800s] Level 5:colcon.colcon_core.verb:set package 'my_robot_description' build argument 'cmake_force_configure' from command line to 'False'
[0.800s] Level 5:colcon.colcon_core.verb:set package 'my_robot_description' build argument 'ament_cmake_args' from command line to 'None'
[0.800s] Level 5:colcon.colcon_core.verb:set package 'my_robot_description' build argument 'catkin_cmake_args' from command line to 'None'
[0.800s] Level 5:colcon.colcon_core.verb:set package 'my_robot_description' build argument 'catkin_skip_building_tests' from command line to 'False'
[0.800s] DEBUG:colcon.colcon_core.verb:Building package 'my_robot_description' with the following arguments: {'ament_cmake_args': None, 'build_base': '/home/farouk/ros2_ws/build/my_robot_description', 'catkin_cmake_args': None, 'catkin_skip_building_tests': False, 'cmake_args': None, 'cmake_clean_cache': False, 'cmake_clean_first': False, 'cmake_force_configure': False, 'cmake_target': None, 'cmake_target_skip_unavailable': False, 'install_base': '/home/farouk/ros2_ws/install/my_robot_description', 'merge_install': False, 'path': '/home/farouk/ros2_ws/src/my_robot_description', 'symlink_install': False, 'test_result_base': None}
[0.801s] Level 5:colcon.colcon_core.verb:set package 'robot_arm_bridge' build argument 'cmake_args' from command line to 'None'
[0.801s] Level 5:colcon.colcon_core.verb:set package 'robot_arm_bridge' build argument 'cmake_target' from command line to 'None'
[0.801s] Level 5:colcon.colcon_core.verb:set package 'robot_arm_bridge' build argument 'cmake_target_skip_unavailable' from command line to 'False'
[0.801s] Level 5:colcon.colcon_core.verb:set package 'robot_arm_bridge' build argument 'cmake_clean_cache' from command line to 'False'
[0.801s] Level 5:colcon.colcon_core.verb:set package 'robot_arm_bridge' build argument 'cmake_clean_first' from command line to 'False'
[0.801s] Level 5:colcon.colcon_core.verb:set package 'robot_arm_bridge' build argument 'cmake_force_configure' from command line to 'False'
[0.801s] Level 5:colcon.colcon_core.verb:set package 'robot_arm_bridge' build argument 'ament_cmake_args' from command line to 'None'
[0.801s] Level 5:colcon.colcon_core.verb:set package 'robot_arm_bridge' build argument 'catkin_cmake_args' from command line to 'None'
[0.801s] Level 5:colcon.colcon_core.verb:set package 'robot_arm_bridge' build argument 'catkin_skip_building_tests' from command line to 'False'
[0.801s] DEBUG:colcon.colcon_core.verb:Building package 'robot_arm_bridge' with the following arguments: {'ament_cmake_args': None, 'build_base': '/home/farouk/ros2_ws/build/robot_arm_bridge', 'catkin_cmake_args': None, 'catkin_skip_building_tests': False, 'cmake_args': None, 'cmake_clean_cache': False, 'cmake_clean_first': False, 'cmake_force_configure': False, 'cmake_target': None, 'cmake_target_skip_unavailable': False, 'install_base': '/home/farouk/ros2_ws/install/robot_arm_bridge', 'merge_install': False, 'path': '/home/farouk/ros2_ws/src/robot_arm_bridge', 'symlink_install': False, 'test_result_base': None}
[0.801s] Level 5:colcon.colcon_core.verb:set package 'micro_ros_agent' build argument 'cmake_args' from command line to 'None'
[0.802s] Level 5:colcon.colcon_core.verb:set package 'micro_ros_agent' build argument 'cmake_target' from command line to 'None'
[0.802s] Level 5:colcon.colcon_core.verb:set package 'micro_ros_agent' build argument 'cmake_target_skip_unavailable' from command line to 'False'
[0.802s] Level 5:colcon.colcon_core.verb:set package 'micro_ros_agent' build argument 'cmake_clean_cache' from command line to 'False'
[0.802s] Level 5:colcon.colcon_core.verb:set package 'micro_ros_agent' build argument 'cmake_clean_first' from command line to 'False'
[0.802s] Level 5:colcon.colcon_core.verb:set package 'micro_ros_agent' build argument 'cmake_force_configure' from command line to 'False'
[0.802s] Level 5:colcon.colcon_core.verb:set package 'micro_ros_agent' build argument 'ament_cmake_args' from command line to 'None'
[0.802s] Level 5:colcon.colcon_core.verb:set package 'micro_ros_agent' build argument 'catkin_cmake_args' from command line to 'None'
[0.802s] Level 5:colcon.colcon_core.verb:set package 'micro_ros_agent' build argument 'catkin_skip_building_tests' from command line to 'False'
[0.802s] DEBUG:colcon.colcon_core.verb:Building package 'micro_ros_agent' with the following arguments: {'ament_cmake_args': None, 'build_base': '/home/farouk/ros2_ws/build/micro_ros_agent', 'catkin_cmake_args': None, 'catkin_skip_building_tests': False, 'cmake_args': None, 'cmake_clean_cache': False, 'cmake_clean_first': False, 'cmake_force_configure': False, 'cmake_target': None, 'cmake_target_skip_unavailable': False, 'install_base': '/home/farouk/ros2_ws/install/micro_ros_agent', 'merge_install': False, 'path': '/home/farouk/ros2_ws/src/micro-ROS-Agent/micro_ros_agent', 'symlink_install': False, 'test_result_base': None}
[0.802s] INFO:colcon.colcon_core.executor:Executing jobs using 'parallel' executor
[0.803s] DEBUG:colcon.colcon_parallel_executor.executor.parallel:run_until_complete
[0.804s] INFO:colcon.colcon_ros.task.ament_cmake.build:Building ROS package in '/home/farouk/ros2_ws/src/micro_ros_msgs' with build type 'ament_cmake'
[0.804s] INFO:colcon.colcon_cmake.task.cmake.build:Building CMake package in '/home/farouk/ros2_ws/src/micro_ros_msgs'
[0.806s] INFO:colcon.colcon_core.plugin_system:Skipping extension 'colcon_core.shell.bat': Not used on non-Windows systems
[0.807s] INFO:colcon.colcon_core.shell:Skip shell extension 'powershell' for command environment: Not usable outside of PowerShell
[0.807s] DEBUG:colcon.colcon_core.shell:Skip shell extension 'dsv' for command environment
[0.814s] INFO:colcon.colcon_ros.task.ament_cmake.build:Building ROS package in '/home/farouk/ros2_ws/src/my_robot_description' with build type 'ament_cmake'
[0.815s] INFO:colcon.colcon_cmake.task.cmake.build:Building CMake package in '/home/farouk/ros2_ws/src/my_robot_description'
[0.815s] INFO:colcon.colcon_core.shell:Skip shell extension 'powershell' for command environment: Not usable outside of PowerShell
[0.816s] DEBUG:colcon.colcon_core.shell:Skip shell extension 'dsv' for command environment
[0.823s] INFO:colcon.colcon_ros.task.ament_python.build:Building ROS package in '/home/farouk/ros2_ws/src/robot_arm_bridge' with build type 'ament_python'
[0.823s] Level 1:colcon.colcon_core.shell:create_environment_hook('robot_arm_bridge', 'ament_prefix_path')
[0.824s] INFO:colcon.colcon_core.shell:Creating environment hook '/home/farouk/ros2_ws/install/robot_arm_bridge/share/robot_arm_bridge/hook/ament_prefix_path.ps1'
[0.825s] INFO:colcon.colcon_core.shell:Creating environment descriptor '/home/farouk/ros2_ws/install/robot_arm_bridge/share/robot_arm_bridge/hook/ament_prefix_path.dsv'
[0.826s] INFO:colcon.colcon_core.shell:Creating environment hook '/home/farouk/ros2_ws/install/robot_arm_bridge/share/robot_arm_bridge/hook/ament_prefix_path.sh'
[0.828s] INFO:colcon.colcon_core.shell:Skip shell extension 'powershell' for command environment: Not usable outside of PowerShell
[0.828s] DEBUG:colcon.colcon_core.shell:Skip shell extension 'dsv' for command environment
[0.846s] DEBUG:colcon.colcon_core.event_handler.log_command:Invoking command in '/home/farouk/ros2_ws/build/micro_ros_msgs': CMAKE_PREFIX_PATH=${CMAKE_PREFIX_PATH}:/home/farouk/ros2_ws/install/robot_arm_bridge:/opt/ros/foxy /usr/local/bin/cmake --build /home/farouk/ros2_ws/build/micro_ros_msgs -- -j4 -l4
[0.855s] DEBUG:colcon.colcon_core.event_handler.log_command:Invoking command in '/home/farouk/ros2_ws/build/my_robot_description': CMAKE_PREFIX_PATH=${CMAKE_PREFIX_PATH}:/home/farouk/ros2_ws/install/robot_arm_bridge:/opt/ros/foxy /usr/local/bin/cmake --build /home/farouk/ros2_ws/build/my_robot_description -- -j4 -l4
[1.285s] INFO:colcon.colcon_core.task.python.build:Building Python package in '/home/farouk/ros2_ws/src/robot_arm_bridge'
[1.285s] INFO:colcon.colcon_core.shell:Skip shell extension 'powershell' for command environment: Not usable outside of PowerShell
[1.286s] DEBUG:colcon.colcon_core.shell:Skip shell extension 'dsv' for command environment
[1.300s] DEBUG:colcon.colcon_core.event_handler.log_command:Invoked command in '/home/farouk/ros2_ws/build/my_robot_description' returned '0': CMAKE_PREFIX_PATH=${CMAKE_PREFIX_PATH}:/home/farouk/ros2_ws/install/robot_arm_bridge:/opt/ros/foxy /usr/local/bin/cmake --build /home/farouk/ros2_ws/build/my_robot_description -- -j4 -l4
[1.305s] DEBUG:colcon.colcon_core.event_handler.log_command:Invoking command in '/home/farouk/ros2_ws/build/my_robot_description': CMAKE_PREFIX_PATH=${CMAKE_PREFIX_PATH}:/home/farouk/ros2_ws/install/robot_arm_bridge:/opt/ros/foxy /usr/local/bin/cmake --install /home/farouk/ros2_ws/build/my_robot_description
[1.307s] DEBUG:colcon.colcon_core.event_handler.log_command:Invoked command in '/home/farouk/ros2_ws/build/micro_ros_msgs' returned '0': CMAKE_PREFIX_PATH=${CMAKE_PREFIX_PATH}:/home/farouk/ros2_ws/install/robot_arm_bridge:/opt/ros/foxy /usr/local/bin/cmake --build /home/farouk/ros2_ws/build/micro_ros_msgs -- -j4 -l4
[1.310s] DEBUG:colcon.colcon_core.event_handler.log_command:Invoking command in '/home/farouk/ros2_ws/build/micro_ros_msgs': CMAKE_PREFIX_PATH=${CMAKE_PREFIX_PATH}:/home/farouk/ros2_ws/install/robot_arm_bridge:/opt/ros/foxy /usr/local/bin/cmake --install /home/farouk/ros2_ws/build/micro_ros_msgs
[1.354s] Level 1:colcon.colcon_core.environment:create_environment_scripts_only(my_robot_description)
[1.360s] DEBUG:colcon.colcon_core.event_handler.log_command:Invoked command in '/home/farouk/ros2_ws/build/my_robot_description' returned '0': CMAKE_PREFIX_PATH=${CMAKE_PREFIX_PATH}:/home/farouk/ros2_ws/install/robot_arm_bridge:/opt/ros/foxy /usr/local/bin/cmake --install /home/farouk/ros2_ws/build/my_robot_description
[1.362s] Level 1:colcon.colcon_core.environment:checking '/home/farouk/ros2_ws/install/my_robot_description' for CMake module files
[1.363s] Level 1:colcon.colcon_core.environment:checking '/home/farouk/ros2_ws/install/my_robot_description' for CMake config files
[1.363s] Level 1:colcon.colcon_core.shell:create_environment_hook('my_robot_description', 'cmake_prefix_path')
[1.364s] INFO:colcon.colcon_core.shell:Creating environment hook '/home/farouk/ros2_ws/install/my_robot_description/share/my_robot_description/hook/cmake_prefix_path.ps1'
[1.365s] INFO:colcon.colcon_core.shell:Creating environment descriptor '/home/farouk/ros2_ws/install/my_robot_description/share/my_robot_description/hook/cmake_prefix_path.dsv'
[1.367s] INFO:colcon.colcon_core.shell:Creating environment hook '/home/farouk/ros2_ws/install/my_robot_description/share/my_robot_description/hook/cmake_prefix_path.sh'
[1.369s] Level 1:colcon.colcon_core.environment:checking '/home/farouk/ros2_ws/install/my_robot_description/bin'
[1.369s] Level 1:colcon.colcon_core.environment:checking '/home/farouk/ros2_ws/install/my_robot_description/lib/pkgconfig/my_robot_description.pc'
[1.369s] Level 1:colcon.colcon_core.environment:checking '/home/farouk/ros2_ws/install/my_robot_description/lib/python3.8/site-packages'
[1.370s] Level 1:colcon.colcon_core.environment:checking '/home/farouk/ros2_ws/install/my_robot_description/bin'
[1.371s] INFO:colcon.colcon_core.shell:Creating package script '/home/farouk/ros2_ws/install/my_robot_description/share/my_robot_description/package.ps1'
[1.373s] INFO:colcon.colcon_core.shell:Creating package descriptor '/home/farouk/ros2_ws/install/my_robot_description/share/my_robot_description/package.dsv'
[1.374s] INFO:colcon.colcon_core.shell:Creating package script '/home/farouk/ros2_ws/install/my_robot_description/share/my_robot_description/package.sh'
[1.376s] INFO:colcon.colcon_core.shell:Creating package script '/home/farouk/ros2_ws/install/my_robot_description/share/my_robot_description/package.bash'
[1.377s] INFO:colcon.colcon_core.shell:Creating package script '/home/farouk/ros2_ws/install/my_robot_description/share/my_robot_description/package.zsh'
[1.379s] Level 1:colcon.colcon_core.environment:create_file_with_runtime_dependencies(/home/farouk/ros2_ws/install/my_robot_description/share/colcon-core/packages/my_robot_description)
[1.381s] Level 1:colcon.colcon_core.environment:create_environment_scripts_only(my_robot_description)
[1.381s] Level 1:colcon.colcon_core.environment:checking '/home/farouk/ros2_ws/install/my_robot_description' for CMake module files
[1.383s] Level 1:colcon.colcon_core.environment:checking '/home/farouk/ros2_ws/install/my_robot_description' for CMake config files
[1.383s] Level 1:colcon.colcon_core.shell:create_environment_hook('my_robot_description', 'cmake_prefix_path')
[1.383s] INFO:colcon.colcon_core.shell:Creating environment hook '/home/farouk/ros2_ws/install/my_robot_description/share/my_robot_description/hook/cmake_prefix_path.ps1'
[1.385s] INFO:colcon.colcon_core.shell:Creating environment descriptor '/home/farouk/ros2_ws/install/my_robot_description/share/my_robot_description/hook/cmake_prefix_path.dsv'
[1.386s] INFO:colcon.colcon_core.shell:Creating environment hook '/home/farouk/ros2_ws/install/my_robot_description/share/my_robot_description/hook/cmake_prefix_path.sh'
[1.387s] Level 1:colcon.colcon_core.environment:checking '/home/farouk/ros2_ws/install/my_robot_description/bin'
[1.387s] Level 1:colcon.colcon_core.environment:checking '/home/farouk/ros2_ws/install/my_robot_description/lib/pkgconfig/my_robot_description.pc'
[1.387s] Level 1:colcon.colcon_core.environment:checking '/home/farouk/ros2_ws/install/my_robot_description/lib/python3.8/site-packages'
[1.388s] Level 1:colcon.colcon_core.environment:checking '/home/farouk/ros2_ws/install/my_robot_description/bin'
[1.388s] INFO:colcon.colcon_core.shell:Creating package script '/home/farouk/ros2_ws/install/my_robot_description/share/my_robot_description/package.ps1'
[1.389s] INFO:colcon.colcon_core.shell:Creating package descriptor '/home/farouk/ros2_ws/install/my_robot_description/share/my_robot_description/package.dsv'
[1.390s] INFO:colcon.colcon_core.shell:Creating package script '/home/farouk/ros2_ws/install/my_robot_description/share/my_robot_description/package.sh'
[1.394s] INFO:colcon.colcon_core.shell:Creating package script '/home/farouk/ros2_ws/install/my_robot_description/share/my_robot_description/package.bash'
[1.402s] INFO:colcon.colcon_core.shell:Creating package script '/home/farouk/ros2_ws/install/my_robot_description/share/my_robot_description/package.zsh'
[1.403s] Level 1:colcon.colcon_core.environment:create_file_with_runtime_dependencies(/home/farouk/ros2_ws/install/my_robot_description/share/colcon-core/packages/my_robot_description)
[1.405s] Level 1:colcon.colcon_core.environment:create_environment_scripts_only(micro_ros_msgs)
[1.405s] Level 1:colcon.colcon_core.environment:checking '/home/farouk/ros2_ws/install/micro_ros_msgs' for CMake module files
[1.407s] DEBUG:colcon.colcon_core.event_handler.log_command:Invoked command in '/home/farouk/ros2_ws/build/micro_ros_msgs' returned '0': CMAKE_PREFIX_PATH=${CMAKE_PREFIX_PATH}:/home/farouk/ros2_ws/install/robot_arm_bridge:/opt/ros/foxy /usr/local/bin/cmake --install /home/farouk/ros2_ws/build/micro_ros_msgs
[1.407s] Level 1:colcon.colcon_core.environment:checking '/home/farouk/ros2_ws/install/micro_ros_msgs' for CMake config files
[1.408s] Level 1:colcon.colcon_core.shell:create_environment_hook('micro_ros_msgs', 'cmake_prefix_path')
[1.408s] INFO:colcon.colcon_core.shell:Creating environment hook '/home/farouk/ros2_ws/install/micro_ros_msgs/share/micro_ros_msgs/hook/cmake_prefix_path.ps1'
[1.409s] INFO:colcon.colcon_core.shell:Creating environment descriptor '/home/farouk/ros2_ws/install/micro_ros_msgs/share/micro_ros_msgs/hook/cmake_prefix_path.dsv'
[1.410s] INFO:colcon.colcon_core.shell:Creating environment hook '/home/farouk/ros2_ws/install/micro_ros_msgs/share/micro_ros_msgs/hook/cmake_prefix_path.sh'
[1.411s] Level 1:colcon.colcon_core.environment:checking '/home/farouk/ros2_ws/install/micro_ros_msgs/lib'
[1.411s] Level 1:colcon.colcon_core.shell:create_environment_hook('micro_ros_msgs', 'ld_library_path_lib')
[1.412s] INFO:colcon.colcon_core.shell:Creating environment hook '/home/farouk/ros2_ws/install/micro_ros_msgs/share/micro_ros_msgs/hook/ld_library_path_lib.ps1'
[1.412s] INFO:colcon.colcon_core.shell:Creating environment descriptor '/home/farouk/ros2_ws/install/micro_ros_msgs/share/micro_ros_msgs/hook/ld_library_path_lib.dsv'
[1.413s] INFO:colcon.colcon_core.shell:Creating environment hook '/home/farouk/ros2_ws/install/micro_ros_msgs/share/micro_ros_msgs/hook/ld_library_path_lib.sh'
[1.414s] Level 1:colcon.colcon_core.environment:checking '/home/farouk/ros2_ws/install/micro_ros_msgs/bin'
[1.414s] Level 1:colcon.colcon_core.environment:checking '/home/farouk/ros2_ws/install/micro_ros_msgs/lib/pkgconfig/micro_ros_msgs.pc'
[1.414s] Level 1:colcon.colcon_core.environment:checking '/home/farouk/ros2_ws/install/micro_ros_msgs/lib/python3.8/site-packages'
[1.414s] Level 1:colcon.colcon_core.shell:create_environment_hook('micro_ros_msgs', 'pythonpath')
[1.415s] INFO:colcon.colcon_core.shell:Creating environment hook '/home/farouk/ros2_ws/install/micro_ros_msgs/share/micro_ros_msgs/hook/pythonpath.ps1'
[1.415s] INFO:colcon.colcon_core.shell:Creating environment descriptor '/home/farouk/ros2_ws/install/micro_ros_msgs/share/micro_ros_msgs/hook/pythonpath.dsv'
[1.416s] INFO:colcon.colcon_core.shell:Creating environment hook '/home/farouk/ros2_ws/install/micro_ros_msgs/share/micro_ros_msgs/hook/pythonpath.sh'
[1.417s] Level 1:colcon.colcon_core.environment:checking '/home/farouk/ros2_ws/install/micro_ros_msgs/bin'
[1.418s] INFO:colcon.colcon_core.shell:Creating package script '/home/farouk/ros2_ws/install/micro_ros_msgs/share/micro_ros_msgs/package.ps1'
[1.419s] INFO:colcon.colcon_core.shell:Creating package descriptor '/home/farouk/ros2_ws/install/micro_ros_msgs/share/micro_ros_msgs/package.dsv'
[1.420s] INFO:colcon.colcon_core.shell:Creating package script '/home/farouk/ros2_ws/install/micro_ros_msgs/share/micro_ros_msgs/package.sh'
[1.420s] INFO:colcon.colcon_core.shell:Creating package script '/home/farouk/ros2_ws/install/micro_ros_msgs/share/micro_ros_msgs/package.bash'
[1.421s] INFO:colcon.colcon_core.shell:Creating package script '/home/farouk/ros2_ws/install/micro_ros_msgs/share/micro_ros_msgs/package.zsh'
[1.422s] Level 1:colcon.colcon_core.environment:create_file_with_runtime_dependencies(/home/farouk/ros2_ws/install/micro_ros_msgs/share/colcon-core/packages/micro_ros_msgs)
[1.423s] Level 1:colcon.colcon_core.environment:create_environment_scripts_only(micro_ros_msgs)
[1.423s] Level 1:colcon.colcon_core.environment:checking '/home/farouk/ros2_ws/install/micro_ros_msgs' for CMake module files
[1.424s] Level 1:colcon.colcon_core.environment:checking '/home/farouk/ros2_ws/install/micro_ros_msgs' for CMake config files
[1.425s] Level 1:colcon.colcon_core.shell:create_environment_hook('micro_ros_msgs', 'cmake_prefix_path')
[1.425s] INFO:colcon.colcon_core.shell:Creating environment hook '/home/farouk/ros2_ws/install/micro_ros_msgs/share/micro_ros_msgs/hook/cmake_prefix_path.ps1'
[1.426s] INFO:colcon.colcon_core.shell:Creating environment descriptor '/home/farouk/ros2_ws/install/micro_ros_msgs/share/micro_ros_msgs/hook/cmake_prefix_path.dsv'
[1.426s] INFO:colcon.colcon_core.shell:Creating environment hook '/home/farouk/ros2_ws/install/micro_ros_msgs/share/micro_ros_msgs/hook/cmake_prefix_path.sh'
[1.427s] Level 1:colcon.colcon_core.environment:checking '/home/farouk/ros2_ws/install/micro_ros_msgs/lib'
[1.427s] Level 1:colcon.colcon_core.shell:create_environment_hook('micro_ros_msgs', 'ld_library_path_lib')
[1.428s] INFO:colcon.colcon_core.shell:Creating environment hook '/home/farouk/ros2_ws/install/micro_ros_msgs/share/micro_ros_msgs/hook/ld_library_path_lib.ps1'
[1.429s] INFO:colcon.colcon_core.shell:Creating environment descriptor '/home/farouk/ros2_ws/install/micro_ros_msgs/share/micro_ros_msgs/hook/ld_library_path_lib.dsv'
[1.429s] INFO:colcon.colcon_core.shell:Creating environment hook '/home/farouk/ros2_ws/install/micro_ros_msgs/share/micro_ros_msgs/hook/ld_library_path_lib.sh'
[1.430s] Level 1:colcon.colcon_core.environment:checking '/home/farouk/ros2_ws/install/micro_ros_msgs/bin'
[1.430s] Level 1:colcon.colcon_core.environment:checking '/home/farouk/ros2_ws/install/micro_ros_msgs/lib/pkgconfig/micro_ros_msgs.pc'
[1.431s] Level 1:colcon.colcon_core.environment:checking '/home/farouk/ros2_ws/install/micro_ros_msgs/lib/python3.8/site-packages'
[1.431s] Level 1:colcon.colcon_core.shell:create_environment_hook('micro_ros_msgs', 'pythonpath')
[1.431s] INFO:colcon.colcon_core.shell:Creating environment hook '/home/farouk/ros2_ws/install/micro_ros_msgs/share/micro_ros_msgs/hook/pythonpath.ps1'
[1.432s] INFO:colcon.colcon_core.shell:Creating environment descriptor '/home/farouk/ros2_ws/install/micro_ros_msgs/share/micro_ros_msgs/hook/pythonpath.dsv'
[1.433s] INFO:colcon.colcon_core.shell:Creating environment hook '/home/farouk/ros2_ws/install/micro_ros_msgs/share/micro_ros_msgs/hook/pythonpath.sh'
[1.434s] Level 1:colcon.colcon_core.environment:checking '/home/farouk/ros2_ws/install/micro_ros_msgs/bin'
[1.435s] INFO:colcon.colcon_core.shell:Creating package script '/home/farouk/ros2_ws/install/micro_ros_msgs/share/micro_ros_msgs/package.ps1'
[1.436s] INFO:colcon.colcon_core.shell:Creating package descriptor '/home/farouk/ros2_ws/install/micro_ros_msgs/share/micro_ros_msgs/package.dsv'
[1.437s] INFO:colcon.colcon_core.shell:Creating package script '/home/farouk/ros2_ws/install/micro_ros_msgs/share/micro_ros_msgs/package.sh'
[1.438s] INFO:colcon.colcon_core.shell:Creating package script '/home/farouk/ros2_ws/install/micro_ros_msgs/share/micro_ros_msgs/package.bash'
[1.439s] INFO:colcon.colcon_core.shell:Creating package script '/home/farouk/ros2_ws/install/micro_ros_msgs/share/micro_ros_msgs/package.zsh'
[1.440s] Level 1:colcon.colcon_core.environment:create_file_with_runtime_dependencies(/home/farouk/ros2_ws/install/micro_ros_msgs/share/colcon-core/packages/micro_ros_msgs)
[1.441s] INFO:colcon.colcon_ros.task.ament_cmake.build:Building ROS package in '/home/farouk/ros2_ws/src/micro-ROS-Agent/micro_ros_agent' with build type 'ament_cmake'
[1.444s] INFO:colcon.colcon_cmake.task.cmake.build:Building CMake package in '/home/farouk/ros2_ws/src/micro-ROS-Agent/micro_ros_agent'
[1.445s] INFO:colcon.colcon_core.shell:Skip shell extension 'powershell' for command environment: Not usable outside of PowerShell
[1.445s] DEBUG:colcon.colcon_core.shell:Skip shell extension 'dsv' for command environment
[1.464s] DEBUG:colcon.colcon_core.event_handler.log_command:Invoking command in '/home/farouk/ros2_ws/build/micro_ros_agent': CMAKE_PREFIX_PATH=/home/farouk/ros2_ws/install/micro_ros_msgs:/home/farouk/ros2_ws/install/my_robot_description:/home/farouk/ros2_ws/install/micro_ros_agent:/home/farouk/ros2_ws/install/robot_arm_bridge:/opt/ros/foxy LD_LIBRARY_PATH=/home/farouk/ros2_ws/install/micro_ros_msgs/lib:/home/farouk/ros2_ws/install/micro_ros_agent/lib:/usr/lib/x86_64-linux-gnu/gazebo-11/plugins:/opt/ros/foxy/opt/yaml_cpp_vendor/lib:/opt/ros/foxy/opt/rviz_ogre_vendor/lib:/opt/ros/foxy/lib/x86_64-linux-gnu:/opt/ros/foxy/lib PYTHONPATH=/home/farouk/ros2_ws/install/micro_ros_msgs/lib/python3.8/site-packages:/home/farouk/ros2_ws/install/robot_arm_bridge/lib/python3.8/site-packages:/opt/ros/foxy/lib/python3.8/site-packages /usr/local/bin/cmake --build /home/farouk/ros2_ws/build/micro_ros_agent -- -j4 -l4
[1.507s] DEBUG:colcon.colcon_core.event_handler.log_command:Invoked command in '/home/farouk/ros2_ws/build/micro_ros_agent' returned '0': CMAKE_PREFIX_PATH=/home/farouk/ros2_ws/install/micro_ros_msgs:/home/farouk/ros2_ws/install/my_robot_description:/home/farouk/ros2_ws/install/micro_ros_agent:/home/farouk/ros2_ws/install/robot_arm_bridge:/opt/ros/foxy LD_LIBRARY_PATH=/home/farouk/ros2_ws/install/micro_ros_msgs/lib:/home/farouk/ros2_ws/install/micro_ros_agent/lib:/usr/lib/x86_64-linux-gnu/gazebo-11/plugins:/opt/ros/foxy/opt/yaml_cpp_vendor/lib:/opt/ros/foxy/opt/rviz_ogre_vendor/lib:/opt/ros/foxy/lib/x86_64-linux-gnu:/opt/ros/foxy/lib PYTHONPATH=/home/farouk/ros2_ws/install/micro_ros_msgs/lib/python3.8/site-packages:/home/farouk/ros2_ws/install/robot_arm_bridge/lib/python3.8/site-packages:/opt/ros/foxy/lib/python3.8/site-packages /usr/local/bin/cmake --build /home/farouk/ros2_ws/build/micro_ros_agent -- -j4 -l4
[1.511s] DEBUG:colcon.colcon_core.event_handler.log_command:Invoking command in '/home/farouk/ros2_ws/build/micro_ros_agent': CMAKE_PREFIX_PATH=/home/farouk/ros2_ws/install/micro_ros_msgs:/home/farouk/ros2_ws/install/my_robot_description:/home/farouk/ros2_ws/install/micro_ros_agent:/home/farouk/ros2_ws/install/robot_arm_bridge:/opt/ros/foxy LD_LIBRARY_PATH=/home/farouk/ros2_ws/install/micro_ros_msgs/lib:/home/farouk/ros2_ws/install/micro_ros_agent/lib:/usr/lib/x86_64-linux-gnu/gazebo-11/plugins:/opt/ros/foxy/opt/yaml_cpp_vendor/lib:/opt/ros/foxy/opt/rviz_ogre_vendor/lib:/opt/ros/foxy/lib/x86_64-linux-gnu:/opt/ros/foxy/lib PYTHONPATH=/home/farouk/ros2_ws/install/micro_ros_msgs/lib/python3.8/site-packages:/home/farouk/ros2_ws/install/robot_arm_bridge/lib/python3.8/site-packages:/opt/ros/foxy/lib/python3.8/site-packages /usr/local/bin/cmake --install /home/farouk/ros2_ws/build/micro_ros_agent
[1.520s] Level 1:colcon.colcon_core.environment:create_environment_scripts_only(micro_ros_agent)
[1.521s] Level 1:colcon.colcon_core.environment:checking '/home/farouk/ros2_ws/install/micro_ros_agent' for CMake module files
[1.523s] DEBUG:colcon.colcon_core.event_handler.log_command:Invoked command in '/home/farouk/ros2_ws/build/micro_ros_agent' returned '0': CMAKE_PREFIX_PATH=/home/farouk/ros2_ws/install/micro_ros_msgs:/home/farouk/ros2_ws/install/my_robot_description:/home/farouk/ros2_ws/install/micro_ros_agent:/home/farouk/ros2_ws/install/robot_arm_bridge:/opt/ros/foxy LD_LIBRARY_PATH=/home/farouk/ros2_ws/install/micro_ros_msgs/lib:/home/farouk/ros2_ws/install/micro_ros_agent/lib:/usr/lib/x86_64-linux-gnu/gazebo-11/plugins:/opt/ros/foxy/opt/yaml_cpp_vendor/lib:/opt/ros/foxy/opt/rviz_ogre_vendor/lib:/opt/ros/foxy/lib/x86_64-linux-gnu:/opt/ros/foxy/lib PYTHONPATH=/home/farouk/ros2_ws/install/micro_ros_msgs/lib/python3.8/site-packages:/home/farouk/ros2_ws/install/robot_arm_bridge/lib/python3.8/site-packages:/opt/ros/foxy/lib/python3.8/site-packages /usr/local/bin/cmake --install /home/farouk/ros2_ws/build/micro_ros_agent
[1.523s] Level 1:colcon.colcon_core.environment:checking '/home/farouk/ros2_ws/install/micro_ros_agent' for CMake config files
[1.525s] Level 1:colcon.colcon_core.shell:create_environment_hook('micro_ros_agent', 'cmake_prefix_path')
[1.526s] INFO:colcon.colcon_core.shell:Creating environment hook '/home/farouk/ros2_ws/install/micro_ros_agent/share/micro_ros_agent/hook/cmake_prefix_path.ps1'
[1.528s] INFO:colcon.colcon_core.shell:Creating environment descriptor '/home/farouk/ros2_ws/install/micro_ros_agent/share/micro_ros_agent/hook/cmake_prefix_path.dsv'
[1.529s] INFO:colcon.colcon_core.shell:Creating environment hook '/home/farouk/ros2_ws/install/micro_ros_agent/share/micro_ros_agent/hook/cmake_prefix_path.sh'
[1.530s] Level 1:colcon.colcon_core.environment:checking '/home/farouk/ros2_ws/install/micro_ros_agent/lib'
[1.531s] Level 1:colcon.colcon_core.shell:create_environment_hook('micro_ros_agent', 'ld_library_path_lib')
[1.531s] INFO:colcon.colcon_core.shell:Creating environment hook '/home/farouk/ros2_ws/install/micro_ros_agent/share/micro_ros_agent/hook/ld_library_path_lib.ps1'
[1.533s] INFO:colcon.colcon_core.shell:Creating environment descriptor '/home/farouk/ros2_ws/install/micro_ros_agent/share/micro_ros_agent/hook/ld_library_path_lib.dsv'
[1.534s] INFO:colcon.colcon_core.shell:Creating environment hook '/home/farouk/ros2_ws/install/micro_ros_agent/share/micro_ros_agent/hook/ld_library_path_lib.sh'
[1.535s] Level 1:colcon.colcon_core.environment:checking '/home/farouk/ros2_ws/install/micro_ros_agent/bin'
[1.535s] Level 1:colcon.colcon_core.environment:checking '/home/farouk/ros2_ws/install/micro_ros_agent/lib/pkgconfig/micro_ros_agent.pc'
[1.535s] Level 1:colcon.colcon_core.environment:checking '/home/farouk/ros2_ws/install/micro_ros_agent/lib/python3.8/site-packages'
[1.536s] Level 1:colcon.colcon_core.environment:checking '/home/farouk/ros2_ws/install/micro_ros_agent/bin'
[1.537s] INFO:colcon.colcon_core.shell:Creating package script '/home/farouk/ros2_ws/install/micro_ros_agent/share/micro_ros_agent/package.ps1'
[1.538s] INFO:colcon.colcon_core.shell:Creating package descriptor '/home/farouk/ros2_ws/install/micro_ros_agent/share/micro_ros_agent/package.dsv'
[1.539s] INFO:colcon.colcon_core.shell:Creating package script '/home/farouk/ros2_ws/install/micro_ros_agent/share/micro_ros_agent/package.sh'
[1.540s] INFO:colcon.colcon_core.shell:Creating package script '/home/farouk/ros2_ws/install/micro_ros_agent/share/micro_ros_agent/package.bash'
[1.541s] INFO:colcon.colcon_core.shell:Creating package script '/home/farouk/ros2_ws/install/micro_ros_agent/share/micro_ros_agent/package.zsh'
[1.541s] Level 1:colcon.colcon_core.environment:create_file_with_runtime_dependencies(/home/farouk/ros2_ws/install/micro_ros_agent/share/colcon-core/packages/micro_ros_agent)
[1.542s] Level 1:colcon.colcon_core.environment:create_environment_scripts_only(micro_ros_agent)
[1.543s] Level 1:colcon.colcon_core.environment:checking '/home/farouk/ros2_ws/install/micro_ros_agent' for CMake module files
[1.543s] Level 1:colcon.colcon_core.environment:checking '/home/farouk/ros2_ws/install/micro_ros_agent' for CMake config files
[1.545s] Level 1:colcon.colcon_core.shell:create_environment_hook('micro_ros_agent', 'cmake_prefix_path')
[1.546s] INFO:colcon.colcon_core.shell:Creating environment hook '/home/farouk/ros2_ws/install/micro_ros_agent/share/micro_ros_agent/hook/cmake_prefix_path.ps1'
[1.546s] INFO:colcon.colcon_core.shell:Creating environment descriptor '/home/farouk/ros2_ws/install/micro_ros_agent/share/micro_ros_agent/hook/cmake_prefix_path.dsv'
[1.547s] INFO:colcon.colcon_core.shell:Creating environment hook '/home/farouk/ros2_ws/install/micro_ros_agent/share/micro_ros_agent/hook/cmake_prefix_path.sh'
[1.548s] Level 1:colcon.colcon_core.environment:checking '/home/farouk/ros2_ws/install/micro_ros_agent/lib'
[1.549s] Level 1:colcon.colcon_core.shell:create_environment_hook('micro_ros_agent', 'ld_library_path_lib')
[1.549s] INFO:colcon.colcon_core.shell:Creating environment hook '/home/farouk/ros2_ws/install/micro_ros_agent/share/micro_ros_agent/hook/ld_library_path_lib.ps1'
[1.550s] INFO:colcon.colcon_core.shell:Creating environment descriptor '/home/farouk/ros2_ws/install/micro_ros_agent/share/micro_ros_agent/hook/ld_library_path_lib.dsv'
[1.551s] INFO:colcon.colcon_core.shell:Creating environment hook '/home/farouk/ros2_ws/install/micro_ros_agent/share/micro_ros_agent/hook/ld_library_path_lib.sh'
[1.551s] Level 1:colcon.colcon_core.environment:checking '/home/farouk/ros2_ws/install/micro_ros_agent/bin'
[1.552s] Level 1:colcon.colcon_core.environment:checking '/home/farouk/ros2_ws/install/micro_ros_agent/lib/pkgconfig/micro_ros_agent.pc'
[1.552s] Level 1:colcon.colcon_core.environment:checking '/home/farouk/ros2_ws/install/micro_ros_agent/lib/python3.8/site-packages'
[1.552s] Level 1:colcon.colcon_core.environment:checking '/home/farouk/ros2_ws/install/micro_ros_agent/bin'
[1.553s] INFO:colcon.colcon_core.shell:Creating package script '/home/farouk/ros2_ws/install/micro_ros_agent/share/micro_ros_agent/package.ps1'
[1.554s] INFO:colcon.colcon_core.shell:Creating package descriptor '/home/farouk/ros2_ws/install/micro_ros_agent/share/micro_ros_agent/package.dsv'
[1.555s] INFO:colcon.colcon_core.shell:Creating package script '/home/farouk/ros2_ws/install/micro_ros_agent/share/micro_ros_agent/package.sh'
[1.556s] INFO:colcon.colcon_core.shell:Creating package script '/home/farouk/ros2_ws/install/micro_ros_agent/share/micro_ros_agent/package.bash'
[1.557s] INFO:colcon.colcon_core.shell:Creating package script '/home/farouk/ros2_ws/install/micro_ros_agent/share/micro_ros_agent/package.zsh'
[1.558s] Level 1:colcon.colcon_core.environment:create_file_with_runtime_dependencies(/home/farouk/ros2_ws/install/micro_ros_agent/share/colcon-core/packages/micro_ros_agent)
[2.107s] DEBUG:colcon.colcon_core.event_handler.log_command:Invoking command in '/home/farouk/ros2_ws/src/robot_arm_bridge': PYTHONPATH=/home/farouk/ros2_ws/build/robot_arm_bridge/prefix_override:/usr/lib/python3/dist-packages/colcon_core/task/python/colcon_distutils_commands:/home/farouk/ros2_ws/install/robot_arm_bridge/lib/python3.8/site-packages:${PYTHONPATH} /usr/bin/python3 -W ignore:setup.py install is deprecated -W ignore:easy_install command is deprecated setup.py egg_info --egg-base ../../build/robot_arm_bridge build --build-base /home/farouk/ros2_ws/build/robot_arm_bridge/build install --record /home/farouk/ros2_ws/build/robot_arm_bridge/install.log --install-scripts $base/lib/robot_arm_bridge --single-version-externally-managed install_data
[2.882s] Level 1:colcon.colcon_core.environment:checking '/home/farouk/ros2_ws/install/robot_arm_bridge' for CMake module files
[2.883s] Level 1:colcon.colcon_core.environment:checking '/home/farouk/ros2_ws/install/robot_arm_bridge' for CMake config files
[2.886s] DEBUG:colcon.colcon_core.event_handler.log_command:Invoked command in '/home/farouk/ros2_ws/src/robot_arm_bridge' returned '0': PYTHONPATH=/home/farouk/ros2_ws/build/robot_arm_bridge/prefix_override:/usr/lib/python3/dist-packages/colcon_core/task/python/colcon_distutils_commands:/home/farouk/ros2_ws/install/robot_arm_bridge/lib/python3.8/site-packages:${PYTHONPATH} /usr/bin/python3 -W ignore:setup.py install is deprecated -W ignore:easy_install command is deprecated setup.py egg_info --egg-base ../../build/robot_arm_bridge build --build-base /home/farouk/ros2_ws/build/robot_arm_bridge/build install --record /home/farouk/ros2_ws/build/robot_arm_bridge/install.log --install-scripts $base/lib/robot_arm_bridge --single-version-externally-managed install_data
[2.889s] Level 1:colcon.colcon_core.environment:checking '/home/farouk/ros2_ws/install/robot_arm_bridge/lib'
[2.889s] Level 1:colcon.colcon_core.environment:checking '/home/farouk/ros2_ws/install/robot_arm_bridge/bin'
[2.889s] Level 1:colcon.colcon_core.environment:checking '/home/farouk/ros2_ws/install/robot_arm_bridge/lib/pkgconfig/robot_arm_bridge.pc'
[2.890s] Level 1:colcon.colcon_core.environment:checking '/home/farouk/ros2_ws/install/robot_arm_bridge/lib/python3.8/site-packages'
[2.890s] Level 1:colcon.colcon_core.shell:create_environment_hook('robot_arm_bridge', 'pythonpath')
[2.891s] INFO:colcon.colcon_core.shell:Creating environment hook '/home/farouk/ros2_ws/install/robot_arm_bridge/share/robot_arm_bridge/hook/pythonpath.ps1'
[2.893s] INFO:colcon.colcon_core.shell:Creating environment descriptor '/home/farouk/ros2_ws/install/robot_arm_bridge/share/robot_arm_bridge/hook/pythonpath.dsv'
[2.894s] INFO:colcon.colcon_core.shell:Creating environment hook '/home/farouk/ros2_ws/install/robot_arm_bridge/share/robot_arm_bridge/hook/pythonpath.sh'
[2.895s] Level 1:colcon.colcon_core.environment:checking '/home/farouk/ros2_ws/install/robot_arm_bridge/bin'
[2.896s] Level 1:colcon.colcon_core.environment:create_environment_scripts_only(robot_arm_bridge)
[2.896s] INFO:colcon.colcon_core.shell:Creating package script '/home/farouk/ros2_ws/install/robot_arm_bridge/share/robot_arm_bridge/package.ps1'
[2.898s] INFO:colcon.colcon_core.shell:Creating package descriptor '/home/farouk/ros2_ws/install/robot_arm_bridge/share/robot_arm_bridge/package.dsv'
[2.899s] INFO:colcon.colcon_core.shell:Creating package script '/home/farouk/ros2_ws/install/robot_arm_bridge/share/robot_arm_bridge/package.sh'
[2.900s] INFO:colcon.colcon_core.shell:Creating package script '/home/farouk/ros2_ws/install/robot_arm_bridge/share/robot_arm_bridge/package.bash'
[2.901s] INFO:colcon.colcon_core.shell:Creating package script '/home/farouk/ros2_ws/install/robot_arm_bridge/share/robot_arm_bridge/package.zsh'
[2.901s] Level 1:colcon.colcon_core.environment:create_file_with_runtime_dependencies(/home/farouk/ros2_ws/install/robot_arm_bridge/share/colcon-core/packages/robot_arm_bridge)
[2.902s] DEBUG:colcon.colcon_parallel_executor.executor.parallel:closing loop
[2.903s] DEBUG:colcon.colcon_parallel_executor.executor.parallel:loop closed
[2.903s] DEBUG:colcon.colcon_parallel_executor.executor.parallel:run_until_complete finished with '0'
[2.904s] DEBUG:colcon.colcon_core.event_reactor:joining thread
[2.916s] INFO:colcon.colcon_core.plugin_system:Skipping extension 'colcon_notification.desktop_notification.terminal_notifier': Not used on non-Darwin systems
[2.916s] INFO:colcon.colcon_core.plugin_system:Skipping extension 'colcon_notification.desktop_notification.win32': Not used on non-Windows systems
[2.916s] INFO:colcon.colcon_notification.desktop_notification:Sending desktop notification using 'notify2'
[2.941s] DEBUG:colcon.colcon_core.event_reactor:joined thread
[2.942s] INFO:colcon.colcon_core.shell:Creating prefix script '/home/farouk/ros2_ws/install/local_setup.ps1'
[2.944s] INFO:colcon.colcon_core.shell:Creating prefix util module '/home/farouk/ros2_ws/install/_local_setup_util_ps1.py'
[2.947s] INFO:colcon.colcon_core.shell:Creating prefix chain script '/home/farouk/ros2_ws/install/setup.ps1'
[2.949s] INFO:colcon.colcon_core.shell:Creating prefix script '/home/farouk/ros2_ws/install/local_setup.sh'
[2.950s] INFO:colcon.colcon_core.shell:Creating prefix util module '/home/farouk/ros2_ws/install/_local_setup_util_sh.py'
[2.951s] INFO:colcon.colcon_core.shell:Creating prefix chain script '/home/farouk/ros2_ws/install/setup.sh'
[2.955s] INFO:colcon.colcon_core.shell:Creating prefix script '/home/farouk/ros2_ws/install/local_setup.bash'
[2.959s] INFO:colcon.colcon_core.shell:Creating prefix chain script '/home/farouk/ros2_ws/install/setup.bash'
[2.961s] INFO:colcon.colcon_core.shell:Creating prefix script '/home/farouk/ros2_ws/install/local_setup.zsh'
[2.962s] INFO:colcon.colcon_core.shell:Creating prefix chain script '/home/farouk/ros2_ws/install/setup.zsh'
