[0.273s] DEBUG:colcon:Command line arguments: ['/usr/bin/colcon', 'build']
[0.274s] DEBUG:colcon:Parsed command line arguments: Namespace(allow_overriding=[], ament_cmake_args=None, base_paths=['.'], build_base='build', catkin_cmake_args=None, catkin_skip_building_tests=False, cmake_args=None, cmake_clean_cache=False, cmake_clean_first=False, cmake_force_configure=False, cmake_target=None, cmake_target_skip_unavailable=False, continue_on_error=False, event_handlers=None, executor='parallel', ignore_user_meta=False, install_base='install', log_base=None, log_level=None, main=<bound method BuildVerb.main of <colcon_core.verb.build.BuildVerb object at 0x7f2ad05204f0>>, merge_install=False, metas=['./colcon.meta'], packages_above=None, packages_above_and_dependencies=None, packages_above_depth=None, packages_end=None, packages_ignore=None, packages_ignore_regex=None, packages_select=None, packages_select_build_failed=False, packages_select_by_dep=None, packages_select_regex=None, packages_select_test_failures=False, packages_skip=None, packages_skip_build_finished=False, packages_skip_by_dep=None, packages_skip_regex=None, packages_skip_test_passed=False, packages_skip_up_to=None, packages_start=None, packages_up_to=None, packages_up_to_regex=None, parallel_workers=4, paths=None, symlink_install=False, test_result_base=None, verb_extension=<colcon_core.verb.build.BuildVerb object at 0x7f2ad05204f0>, verb_name='build', verb_parser=<colcon_defaults.argument_parser.defaults.DefaultArgumentsDecorator object at 0x7f2ad0520970>)
[0.482s] Level 1:colcon.colcon_core.package_discovery:discover_packages(colcon_meta) check parameters
[0.482s] Level 1:colcon.colcon_core.package_discovery:discover_packages(recursive) check parameters
[0.482s] Level 1:colcon.colcon_core.package_discovery:discover_packages(ignore) check parameters
[0.482s] Level 1:colcon.colcon_core.package_discovery:discover_packages(path) check parameters
[0.482s] Level 1:colcon.colcon_core.package_discovery:discover_packages(colcon_meta) discover
[0.482s] Level 1:colcon.colcon_core.package_discovery:discover_packages(recursive) discover
[0.482s] INFO:colcon.colcon_core.package_discovery:Crawling recursively for packages in '/home/farouk/ros2_ws'
[0.482s] Level 1:colcon.colcon_core.package_identification:_identify(.) by extensions ['ignore', 'ignore_ament_install']
[0.482s] Level 1:colcon.colcon_core.package_identification:_identify(.) by extension 'ignore'
[0.482s] Level 1:colcon.colcon_core.package_identification:_identify(.) by extension 'ignore_ament_install'
[0.482s] Level 1:colcon.colcon_core.package_identification:_identify(.) by extensions ['colcon_pkg']
[0.483s] Level 1:colcon.colcon_core.package_identification:_identify(.) by extension 'colcon_pkg'
[0.483s] Level 1:colcon.colcon_core.package_identification:_identify(.) by extensions ['colcon_meta']
[0.483s] Level 1:colcon.colcon_core.package_identification:_identify(.) by extension 'colcon_meta'
[0.483s] Level 1:colcon.colcon_core.package_identification:_identify(.) by extensions ['ros']
[0.483s] Level 1:colcon.colcon_core.package_identification:_identify(.) by extension 'ros'
[0.494s] Level 1:colcon.colcon_core.package_identification:_identify(.) by extensions ['cmake', 'python']
[0.494s] Level 1:colcon.colcon_core.package_identification:_identify(.) by extension 'cmake'
[0.494s] Level 1:colcon.colcon_core.package_identification:_identify(.) by extension 'python'
[0.494s] Level 1:colcon.colcon_core.package_identification:_identify(.) by extensions ['python_setup_py']
[0.494s] Level 1:colcon.colcon_core.package_identification:_identify(.) by extension 'python_setup_py'
[0.494s] Level 1:colcon.colcon_core.package_identification:_identify(build) by extensions ['ignore', 'ignore_ament_install']
[0.495s] Level 1:colcon.colcon_core.package_identification:_identify(build) by extension 'ignore'
[0.495s] Level 1:colcon.colcon_core.package_identification:_identify(build) ignored
[0.495s] Level 1:colcon.colcon_core.package_identification:_identify(install) by extensions ['ignore', 'ignore_ament_install']
[0.495s] Level 1:colcon.colcon_core.package_identification:_identify(install) by extension 'ignore'
[0.495s] Level 1:colcon.colcon_core.package_identification:_identify(install) ignored
[0.495s] Level 1:colcon.colcon_core.package_identification:_identify(log) by extensions ['ignore', 'ignore_ament_install']
[0.495s] Level 1:colcon.colcon_core.package_identification:_identify(log) by extension 'ignore'
[0.495s] Level 1:colcon.colcon_core.package_identification:_identify(log) ignored
[0.496s] Level 1:colcon.colcon_core.package_identification:_identify(src) by extensions ['ignore', 'ignore_ament_install']
[0.496s] Level 1:colcon.colcon_core.package_identification:_identify(src) by extension 'ignore'
[0.496s] Level 1:colcon.colcon_core.package_identification:_identify(src) by extension 'ignore_ament_install'
[0.496s] Level 1:colcon.colcon_core.package_identification:_identify(src) by extensions ['colcon_pkg']
[0.496s] Level 1:colcon.colcon_core.package_identification:_identify(src) by extension 'colcon_pkg'
[0.496s] Level 1:colcon.colcon_core.package_identification:_identify(src) by extensions ['colcon_meta']
[0.496s] Level 1:colcon.colcon_core.package_identification:_identify(src) by extension 'colcon_meta'
[0.496s] Level 1:colcon.colcon_core.package_identification:_identify(src) by extensions ['ros']
[0.496s] Level 1:colcon.colcon_core.package_identification:_identify(src) by extension 'ros'
[0.496s] Level 1:colcon.colcon_core.package_identification:_identify(src) by extensions ['cmake', 'python']
[0.496s] Level 1:colcon.colcon_core.package_identification:_identify(src) by extension 'cmake'
[0.496s] Level 1:colcon.colcon_core.package_identification:_identify(src) by extension 'python'
[0.496s] Level 1:colcon.colcon_core.package_identification:_identify(src) by extensions ['python_setup_py']
[0.497s] Level 1:colcon.colcon_core.package_identification:_identify(src) by extension 'python_setup_py'
[0.497s] Level 1:colcon.colcon_core.package_identification:_identify(src/micro-ROS-Agent) by extensions ['ignore', 'ignore_ament_install']
[0.497s] Level 1:colcon.colcon_core.package_identification:_identify(src/micro-ROS-Agent) by extension 'ignore'
[0.497s] Level 1:colcon.colcon_core.package_identification:_identify(src/micro-ROS-Agent) by extension 'ignore_ament_install'
[0.497s] Level 1:colcon.colcon_core.package_identification:_identify(src/micro-ROS-Agent) by extensions ['colcon_pkg']
[0.497s] Level 1:colcon.colcon_core.package_identification:_identify(src/micro-ROS-Agent) by extension 'colcon_pkg'
[0.497s] Level 1:colcon.colcon_core.package_identification:_identify(src/micro-ROS-Agent) by extensions ['colcon_meta']
[0.497s] Level 1:colcon.colcon_core.package_identification:_identify(src/micro-ROS-Agent) by extension 'colcon_meta'
[0.497s] Level 1:colcon.colcon_core.package_identification:_identify(src/micro-ROS-Agent) by extensions ['ros']
[0.497s] Level 1:colcon.colcon_core.package_identification:_identify(src/micro-ROS-Agent) by extension 'ros'
[0.497s] Level 1:colcon.colcon_core.package_identification:_identify(src/micro-ROS-Agent) by extensions ['cmake', 'python']
[0.497s] Level 1:colcon.colcon_core.package_identification:_identify(src/micro-ROS-Agent) by extension 'cmake'
[0.498s] Level 1:colcon.colcon_core.package_identification:_identify(src/micro-ROS-Agent) by extension 'python'
[0.498s] Level 1:colcon.colcon_core.package_identification:_identify(src/micro-ROS-Agent) by extensions ['python_setup_py']
[0.498s] Level 1:colcon.colcon_core.package_identification:_identify(src/micro-ROS-Agent) by extension 'python_setup_py'
[0.498s] Level 1:colcon.colcon_core.package_identification:_identify(src/micro-ROS-Agent/micro_ros_agent) by extensions ['ignore', 'ignore_ament_install']
[0.498s] Level 1:colcon.colcon_core.package_identification:_identify(src/micro-ROS-Agent/micro_ros_agent) by extension 'ignore'
[0.498s] Level 1:colcon.colcon_core.package_identification:_identify(src/micro-ROS-Agent/micro_ros_agent) by extension 'ignore_ament_install'
[0.498s] Level 1:colcon.colcon_core.package_identification:_identify(src/micro-ROS-Agent/micro_ros_agent) by extensions ['colcon_pkg']
[0.498s] Level 1:colcon.colcon_core.package_identification:_identify(src/micro-ROS-Agent/micro_ros_agent) by extension 'colcon_pkg'
[0.498s] Level 1:colcon.colcon_core.package_identification:_identify(src/micro-ROS-Agent/micro_ros_agent) by extensions ['colcon_meta']
[0.498s] Level 1:colcon.colcon_core.package_identification:_identify(src/micro-ROS-Agent/micro_ros_agent) by extension 'colcon_meta'
[0.498s] Level 1:colcon.colcon_core.package_identification:_identify(src/micro-ROS-Agent/micro_ros_agent) by extensions ['ros']
[0.498s] Level 1:colcon.colcon_core.package_identification:_identify(src/micro-ROS-Agent/micro_ros_agent) by extension 'ros'
[0.503s] DEBUG:colcon.colcon_core.package_identification:Package 'src/micro-ROS-Agent/micro_ros_agent' with type 'ros.ament_cmake' and name 'micro_ros_agent'
[0.503s] Level 1:colcon.colcon_core.package_identification:_identify(src/micro-ROS-Agent/snap) by extensions ['ignore', 'ignore_ament_install']
[0.504s] Level 1:colcon.colcon_core.package_identification:_identify(src/micro-ROS-Agent/snap) by extension 'ignore'
[0.504s] Level 1:colcon.colcon_core.package_identification:_identify(src/micro-ROS-Agent/snap) by extension 'ignore_ament_install'
[0.504s] Level 1:colcon.colcon_core.package_identification:_identify(src/micro-ROS-Agent/snap) by extensions ['colcon_pkg']
[0.504s] Level 1:colcon.colcon_core.package_identification:_identify(src/micro-ROS-Agent/snap) by extension 'colcon_pkg'
[0.504s] Level 1:colcon.colcon_core.package_identification:_identify(src/micro-ROS-Agent/snap) by extensions ['colcon_meta']
[0.504s] Level 1:colcon.colcon_core.package_identification:_identify(src/micro-ROS-Agent/snap) by extension 'colcon_meta'
[0.504s] Level 1:colcon.colcon_core.package_identification:_identify(src/micro-ROS-Agent/snap) by extensions ['ros']
[0.504s] Level 1:colcon.colcon_core.package_identification:_identify(src/micro-ROS-Agent/snap) by extension 'ros'
[0.504s] Level 1:colcon.colcon_core.package_identification:_identify(src/micro-ROS-Agent/snap) by extensions ['cmake', 'python']
[0.504s] Level 1:colcon.colcon_core.package_identification:_identify(src/micro-ROS-Agent/snap) by extension 'cmake'
[0.504s] Level 1:colcon.colcon_core.package_identification:_identify(src/micro-ROS-Agent/snap) by extension 'python'
[0.504s] Level 1:colcon.colcon_core.package_identification:_identify(src/micro-ROS-Agent/snap) by extensions ['python_setup_py']
[0.504s] Level 1:colcon.colcon_core.package_identification:_identify(src/micro-ROS-Agent/snap) by extension 'python_setup_py'
[0.505s] Level 1:colcon.colcon_core.package_identification:_identify(src/micro-ROS-Agent/snap/hooks) by extensions ['ignore', 'ignore_ament_install']
[0.505s] Level 1:colcon.colcon_core.package_identification:_identify(src/micro-ROS-Agent/snap/hooks) by extension 'ignore'
[0.505s] Level 1:colcon.colcon_core.package_identification:_identify(src/micro-ROS-Agent/snap/hooks) by extension 'ignore_ament_install'
[0.505s] Level 1:colcon.colcon_core.package_identification:_identify(src/micro-ROS-Agent/snap/hooks) by extensions ['colcon_pkg']
[0.505s] Level 1:colcon.colcon_core.package_identification:_identify(src/micro-ROS-Agent/snap/hooks) by extension 'colcon_pkg'
[0.505s] Level 1:colcon.colcon_core.package_identification:_identify(src/micro-ROS-Agent/snap/hooks) by extensions ['colcon_meta']
[0.505s] Level 1:colcon.colcon_core.package_identification:_identify(src/micro-ROS-Agent/snap/hooks) by extension 'colcon_meta'
[0.505s] Level 1:colcon.colcon_core.package_identification:_identify(src/micro-ROS-Agent/snap/hooks) by extensions ['ros']
[0.505s] Level 1:colcon.colcon_core.package_identification:_identify(src/micro-ROS-Agent/snap/hooks) by extension 'ros'
[0.505s] Level 1:colcon.colcon_core.package_identification:_identify(src/micro-ROS-Agent/snap/hooks) by extensions ['cmake', 'python']
[0.505s] Level 1:colcon.colcon_core.package_identification:_identify(src/micro-ROS-Agent/snap/hooks) by extension 'cmake'
[0.506s] Level 1:colcon.colcon_core.package_identification:_identify(src/micro-ROS-Agent/snap/hooks) by extension 'python'
[0.506s] Level 1:colcon.colcon_core.package_identification:_identify(src/micro-ROS-Agent/snap/hooks) by extensions ['python_setup_py']
[0.506s] Level 1:colcon.colcon_core.package_identification:_identify(src/micro-ROS-Agent/snap/hooks) by extension 'python_setup_py'
[0.506s] Level 1:colcon.colcon_core.package_identification:_identify(src/micro-ROS-Agent/snap/local) by extensions ['ignore', 'ignore_ament_install']
[0.506s] Level 1:colcon.colcon_core.package_identification:_identify(src/micro-ROS-Agent/snap/local) by extension 'ignore'
[0.506s] Level 1:colcon.colcon_core.package_identification:_identify(src/micro-ROS-Agent/snap/local) by extension 'ignore_ament_install'
[0.506s] Level 1:colcon.colcon_core.package_identification:_identify(src/micro-ROS-Agent/snap/local) by extensions ['colcon_pkg']
[0.506s] Level 1:colcon.colcon_core.package_identification:_identify(src/micro-ROS-Agent/snap/local) by extension 'colcon_pkg'
[0.506s] Level 1:colcon.colcon_core.package_identification:_identify(src/micro-ROS-Agent/snap/local) by extensions ['colcon_meta']
[0.506s] Level 1:colcon.colcon_core.package_identification:_identify(src/micro-ROS-Agent/snap/local) by extension 'colcon_meta'
[0.506s] Level 1:colcon.colcon_core.package_identification:_identify(src/micro-ROS-Agent/snap/local) by extensions ['ros']
[0.506s] Level 1:colcon.colcon_core.package_identification:_identify(src/micro-ROS-Agent/snap/local) by extension 'ros'
[0.507s] Level 1:colcon.colcon_core.package_identification:_identify(src/micro-ROS-Agent/snap/local) by extensions ['cmake', 'python']
[0.507s] Level 1:colcon.colcon_core.package_identification:_identify(src/micro-ROS-Agent/snap/local) by extension 'cmake'
[0.507s] Level 1:colcon.colcon_core.package_identification:_identify(src/micro-ROS-Agent/snap/local) by extension 'python'
[0.507s] Level 1:colcon.colcon_core.package_identification:_identify(src/micro-ROS-Agent/snap/local) by extensions ['python_setup_py']
[0.507s] Level 1:colcon.colcon_core.package_identification:_identify(src/micro-ROS-Agent/snap/local) by extension 'python_setup_py'
[0.507s] Level 1:colcon.colcon_core.package_identification:_identify(src/micro_ros_msgs) by extensions ['ignore', 'ignore_ament_install']
[0.507s] Level 1:colcon.colcon_core.package_identification:_identify(src/micro_ros_msgs) by extension 'ignore'
[0.507s] Level 1:colcon.colcon_core.package_identification:_identify(src/micro_ros_msgs) by extension 'ignore_ament_install'
[0.507s] Level 1:colcon.colcon_core.package_identification:_identify(src/micro_ros_msgs) by extensions ['colcon_pkg']
[0.507s] Level 1:colcon.colcon_core.package_identification:_identify(src/micro_ros_msgs) by extension 'colcon_pkg'
[0.507s] Level 1:colcon.colcon_core.package_identification:_identify(src/micro_ros_msgs) by extensions ['colcon_meta']
[0.507s] Level 1:colcon.colcon_core.package_identification:_identify(src/micro_ros_msgs) by extension 'colcon_meta'
[0.508s] Level 1:colcon.colcon_core.package_identification:_identify(src/micro_ros_msgs) by extensions ['ros']
[0.508s] Level 1:colcon.colcon_core.package_identification:_identify(src/micro_ros_msgs) by extension 'ros'
[0.509s] DEBUG:colcon.colcon_core.package_identification:Package 'src/micro_ros_msgs' with type 'ros.ament_cmake' and name 'micro_ros_msgs'
[0.509s] Level 1:colcon.colcon_core.package_identification:_identify(src/my_robot_description) by extensions ['ignore', 'ignore_ament_install']
[0.509s] Level 1:colcon.colcon_core.package_identification:_identify(src/my_robot_description) by extension 'ignore'
[0.509s] Level 1:colcon.colcon_core.package_identification:_identify(src/my_robot_description) by extension 'ignore_ament_install'
[0.509s] Level 1:colcon.colcon_core.package_identification:_identify(src/my_robot_description) by extensions ['colcon_pkg']
[0.509s] Level 1:colcon.colcon_core.package_identification:_identify(src/my_robot_description) by extension 'colcon_pkg'
[0.509s] Level 1:colcon.colcon_core.package_identification:_identify(src/my_robot_description) by extensions ['colcon_meta']
[0.509s] Level 1:colcon.colcon_core.package_identification:_identify(src/my_robot_description) by extension 'colcon_meta'
[0.509s] Level 1:colcon.colcon_core.package_identification:_identify(src/my_robot_description) by extensions ['ros']
[0.509s] Level 1:colcon.colcon_core.package_identification:_identify(src/my_robot_description) by extension 'ros'
[0.511s] DEBUG:colcon.colcon_core.package_identification:Package 'src/my_robot_description' with type 'ros.ament_cmake' and name 'my_robot_description'
[0.511s] Level 1:colcon.colcon_core.package_identification:_identify(src/robot_arm_bridge) by extensions ['ignore', 'ignore_ament_install']
[0.511s] Level 1:colcon.colcon_core.package_identification:_identify(src/robot_arm_bridge) by extension 'ignore'
[0.511s] Level 1:colcon.colcon_core.package_identification:_identify(src/robot_arm_bridge) by extension 'ignore_ament_install'
[0.511s] Level 1:colcon.colcon_core.package_identification:_identify(src/robot_arm_bridge) by extensions ['colcon_pkg']
[0.511s] Level 1:colcon.colcon_core.package_identification:_identify(src/robot_arm_bridge) by extension 'colcon_pkg'
[0.511s] Level 1:colcon.colcon_core.package_identification:_identify(src/robot_arm_bridge) by extensions ['colcon_meta']
[0.511s] Level 1:colcon.colcon_core.package_identification:_identify(src/robot_arm_bridge) by extension 'colcon_meta'
[0.511s] Level 1:colcon.colcon_core.package_identification:_identify(src/robot_arm_bridge) by extensions ['ros']
[0.511s] Level 1:colcon.colcon_core.package_identification:_identify(src/robot_arm_bridge) by extension 'ros'
[0.515s] DEBUG:colcon.colcon_core.package_identification:Package 'src/robot_arm_bridge' with type 'ros.ament_python' and name 'robot_arm_bridge'
[0.515s] Level 1:colcon.colcon_core.package_discovery:discover_packages(recursive) using defaults
[0.515s] Level 1:colcon.colcon_core.package_discovery:discover_packages(ignore) discover
[0.515s] Level 1:colcon.colcon_core.package_discovery:discover_packages(ignore) using defaults
[0.515s] Level 1:colcon.colcon_core.package_discovery:discover_packages(path) discover
[0.515s] Level 1:colcon.colcon_core.package_discovery:discover_packages(path) using defaults
[0.540s] Level 1:colcon.colcon_core.package_discovery:discover_packages(prefix_path) check parameters
[0.540s] Level 1:colcon.colcon_core.package_discovery:discover_packages(prefix_path) discover
[0.542s] DEBUG:colcon.colcon_installed_package_information.package_discovery:Found 4 installed packages in /home/farouk/ros2_ws/install
[0.544s] DEBUG:colcon.colcon_installed_package_information.package_discovery:Found 287 installed packages in /opt/ros/foxy
[0.545s] Level 1:colcon.colcon_core.package_discovery:discover_packages(prefix_path) using defaults
[0.609s] Level 5:colcon.colcon_core.verb:set package 'micro_ros_msgs' build argument 'cmake_args' from command line to 'None'
[0.609s] Level 5:colcon.colcon_core.verb:set package 'micro_ros_msgs' build argument 'cmake_target' from command line to 'None'
[0.609s] Level 5:colcon.colcon_core.verb:set package 'micro_ros_msgs' build argument 'cmake_target_skip_unavailable' from command line to 'False'
[0.609s] Level 5:colcon.colcon_core.verb:set package 'micro_ros_msgs' build argument 'cmake_clean_cache' from command line to 'False'
[0.609s] Level 5:colcon.colcon_core.verb:set package 'micro_ros_msgs' build argument 'cmake_clean_first' from command line to 'False'
[0.610s] Level 5:colcon.colcon_core.verb:set package 'micro_ros_msgs' build argument 'cmake_force_configure' from command line to 'False'
[0.610s] Level 5:colcon.colcon_core.verb:set package 'micro_ros_msgs' build argument 'ament_cmake_args' from command line to 'None'
[0.610s] Level 5:colcon.colcon_core.verb:set package 'micro_ros_msgs' build argument 'catkin_cmake_args' from command line to 'None'
[0.610s] Level 5:colcon.colcon_core.verb:set package 'micro_ros_msgs' build argument 'catkin_skip_building_tests' from command line to 'False'
[0.610s] DEBUG:colcon.colcon_core.verb:Building package 'micro_ros_msgs' with the following arguments: {'ament_cmake_args': None, 'build_base': '/home/farouk/ros2_ws/build/micro_ros_msgs', 'catkin_cmake_args': None, 'catkin_skip_building_tests': False, 'cmake_args': None, 'cmake_clean_cache': False, 'cmake_clean_first': False, 'cmake_force_configure': False, 'cmake_target': None, 'cmake_target_skip_unavailable': False, 'install_base': '/home/farouk/ros2_ws/install/micro_ros_msgs', 'merge_install': False, 'path': '/home/farouk/ros2_ws/src/micro_ros_msgs', 'symlink_install': False, 'test_result_base': None}
[0.610s] Level 5:colcon.colcon_core.verb:set package 'my_robot_description' build argument 'cmake_args' from command line to 'None'
[0.610s] Level 5:colcon.colcon_core.verb:set package 'my_robot_description' build argument 'cmake_target' from command line to 'None'
[0.610s] Level 5:colcon.colcon_core.verb:set package 'my_robot_description' build argument 'cmake_target_skip_unavailable' from command line to 'False'
[0.610s] Level 5:colcon.colcon_core.verb:set package 'my_robot_description' build argument 'cmake_clean_cache' from command line to 'False'
[0.610s] Level 5:colcon.colcon_core.verb:set package 'my_robot_description' build argument 'cmake_clean_first' from command line to 'False'
[0.610s] Level 5:colcon.colcon_core.verb:set package 'my_robot_description' build argument 'cmake_force_configure' from command line to 'False'
[0.610s] Level 5:colcon.colcon_core.verb:set package 'my_robot_description' build argument 'ament_cmake_args' from command line to 'None'
[0.610s] Level 5:colcon.colcon_core.verb:set package 'my_robot_description' build argument 'catkin_cmake_args' from command line to 'None'
[0.611s] Level 5:colcon.colcon_core.verb:set package 'my_robot_description' build argument 'catkin_skip_building_tests' from command line to 'False'
[0.611s] DEBUG:colcon.colcon_core.verb:Building package 'my_robot_description' with the following arguments: {'ament_cmake_args': None, 'build_base': '/home/farouk/ros2_ws/build/my_robot_description', 'catkin_cmake_args': None, 'catkin_skip_building_tests': False, 'cmake_args': None, 'cmake_clean_cache': False, 'cmake_clean_first': False, 'cmake_force_configure': False, 'cmake_target': None, 'cmake_target_skip_unavailable': False, 'install_base': '/home/farouk/ros2_ws/install/my_robot_description', 'merge_install': False, 'path': '/home/farouk/ros2_ws/src/my_robot_description', 'symlink_install': False, 'test_result_base': None}
[0.611s] Level 5:colcon.colcon_core.verb:set package 'robot_arm_bridge' build argument 'cmake_args' from command line to 'None'
[0.611s] Level 5:colcon.colcon_core.verb:set package 'robot_arm_bridge' build argument 'cmake_target' from command line to 'None'
[0.611s] Level 5:colcon.colcon_core.verb:set package 'robot_arm_bridge' build argument 'cmake_target_skip_unavailable' from command line to 'False'
[0.611s] Level 5:colcon.colcon_core.verb:set package 'robot_arm_bridge' build argument 'cmake_clean_cache' from command line to 'False'
[0.611s] Level 5:colcon.colcon_core.verb:set package 'robot_arm_bridge' build argument 'cmake_clean_first' from command line to 'False'
[0.611s] Level 5:colcon.colcon_core.verb:set package 'robot_arm_bridge' build argument 'cmake_force_configure' from command line to 'False'
[0.611s] Level 5:colcon.colcon_core.verb:set package 'robot_arm_bridge' build argument 'ament_cmake_args' from command line to 'None'
[0.611s] Level 5:colcon.colcon_core.verb:set package 'robot_arm_bridge' build argument 'catkin_cmake_args' from command line to 'None'
[0.611s] Level 5:colcon.colcon_core.verb:set package 'robot_arm_bridge' build argument 'catkin_skip_building_tests' from command line to 'False'
[0.611s] DEBUG:colcon.colcon_core.verb:Building package 'robot_arm_bridge' with the following arguments: {'ament_cmake_args': None, 'build_base': '/home/farouk/ros2_ws/build/robot_arm_bridge', 'catkin_cmake_args': None, 'catkin_skip_building_tests': False, 'cmake_args': None, 'cmake_clean_cache': False, 'cmake_clean_first': False, 'cmake_force_configure': False, 'cmake_target': None, 'cmake_target_skip_unavailable': False, 'install_base': '/home/farouk/ros2_ws/install/robot_arm_bridge', 'merge_install': False, 'path': '/home/farouk/ros2_ws/src/robot_arm_bridge', 'symlink_install': False, 'test_result_base': None}
[0.612s] Level 5:colcon.colcon_core.verb:set package 'micro_ros_agent' build argument 'cmake_args' from command line to 'None'
[0.612s] Level 5:colcon.colcon_core.verb:set package 'micro_ros_agent' build argument 'cmake_target' from command line to 'None'
[0.612s] Level 5:colcon.colcon_core.verb:set package 'micro_ros_agent' build argument 'cmake_target_skip_unavailable' from command line to 'False'
[0.612s] Level 5:colcon.colcon_core.verb:set package 'micro_ros_agent' build argument 'cmake_clean_cache' from command line to 'False'
[0.612s] Level 5:colcon.colcon_core.verb:set package 'micro_ros_agent' build argument 'cmake_clean_first' from command line to 'False'
[0.612s] Level 5:colcon.colcon_core.verb:set package 'micro_ros_agent' build argument 'cmake_force_configure' from command line to 'False'
[0.612s] Level 5:colcon.colcon_core.verb:set package 'micro_ros_agent' build argument 'ament_cmake_args' from command line to 'None'
[0.612s] Level 5:colcon.colcon_core.verb:set package 'micro_ros_agent' build argument 'catkin_cmake_args' from command line to 'None'
[0.612s] Level 5:colcon.colcon_core.verb:set package 'micro_ros_agent' build argument 'catkin_skip_building_tests' from command line to 'False'
[0.612s] DEBUG:colcon.colcon_core.verb:Building package 'micro_ros_agent' with the following arguments: {'ament_cmake_args': None, 'build_base': '/home/farouk/ros2_ws/build/micro_ros_agent', 'catkin_cmake_args': None, 'catkin_skip_building_tests': False, 'cmake_args': None, 'cmake_clean_cache': False, 'cmake_clean_first': False, 'cmake_force_configure': False, 'cmake_target': None, 'cmake_target_skip_unavailable': False, 'install_base': '/home/farouk/ros2_ws/install/micro_ros_agent', 'merge_install': False, 'path': '/home/farouk/ros2_ws/src/micro-ROS-Agent/micro_ros_agent', 'symlink_install': False, 'test_result_base': None}
[0.612s] INFO:colcon.colcon_core.executor:Executing jobs using 'parallel' executor
[0.614s] DEBUG:colcon.colcon_parallel_executor.executor.parallel:run_until_complete
[0.614s] INFO:colcon.colcon_ros.task.ament_cmake.build:Building ROS package in '/home/farouk/ros2_ws/src/micro_ros_msgs' with build type 'ament_cmake'
[0.614s] INFO:colcon.colcon_cmake.task.cmake.build:Building CMake package in '/home/farouk/ros2_ws/src/micro_ros_msgs'
[0.617s] INFO:colcon.colcon_core.plugin_system:Skipping extension 'colcon_core.shell.bat': Not used on non-Windows systems
[0.617s] INFO:colcon.colcon_core.shell:Skip shell extension 'powershell' for command environment: Not usable outside of PowerShell
[0.617s] DEBUG:colcon.colcon_core.shell:Skip shell extension 'dsv' for command environment
[0.622s] INFO:colcon.colcon_ros.task.ament_cmake.build:Building ROS package in '/home/farouk/ros2_ws/src/my_robot_description' with build type 'ament_cmake'
[0.622s] INFO:colcon.colcon_cmake.task.cmake.build:Building CMake package in '/home/farouk/ros2_ws/src/my_robot_description'
[0.623s] INFO:colcon.colcon_core.shell:Skip shell extension 'powershell' for command environment: Not usable outside of PowerShell
[0.624s] DEBUG:colcon.colcon_core.shell:Skip shell extension 'dsv' for command environment
[0.629s] INFO:colcon.colcon_ros.task.ament_python.build:Building ROS package in '/home/farouk/ros2_ws/src/robot_arm_bridge' with build type 'ament_python'
[0.630s] Level 1:colcon.colcon_core.shell:create_environment_hook('robot_arm_bridge', 'ament_prefix_path')
[0.630s] INFO:colcon.colcon_core.shell:Creating environment hook '/home/farouk/ros2_ws/install/robot_arm_bridge/share/robot_arm_bridge/hook/ament_prefix_path.ps1'
[0.631s] INFO:colcon.colcon_core.shell:Creating environment descriptor '/home/farouk/ros2_ws/install/robot_arm_bridge/share/robot_arm_bridge/hook/ament_prefix_path.dsv'
[0.632s] INFO:colcon.colcon_core.shell:Creating environment hook '/home/farouk/ros2_ws/install/robot_arm_bridge/share/robot_arm_bridge/hook/ament_prefix_path.sh'
[0.633s] INFO:colcon.colcon_core.shell:Skip shell extension 'powershell' for command environment: Not usable outside of PowerShell
[0.633s] DEBUG:colcon.colcon_core.shell:Skip shell extension 'dsv' for command environment
[0.646s] DEBUG:colcon.colcon_core.event_handler.log_command:Invoking command in '/home/farouk/ros2_ws/build/micro_ros_msgs': CMAKE_PREFIX_PATH=${CMAKE_PREFIX_PATH}:/home/farouk/ros2_ws/install/robot_arm_bridge:/opt/ros/foxy /usr/local/bin/cmake --build /home/farouk/ros2_ws/build/micro_ros_msgs -- -j4 -l4
[0.654s] DEBUG:colcon.colcon_core.event_handler.log_command:Invoking command in '/home/farouk/ros2_ws/build/my_robot_description': CMAKE_PREFIX_PATH=${CMAKE_PREFIX_PATH}:/home/farouk/ros2_ws/install/robot_arm_bridge:/opt/ros/foxy /usr/local/bin/cmake --build /home/farouk/ros2_ws/build/my_robot_description -- -j4 -l4
[0.993s] INFO:colcon.colcon_core.task.python.build:Building Python package in '/home/farouk/ros2_ws/src/robot_arm_bridge'
[0.994s] INFO:colcon.colcon_core.shell:Skip shell extension 'powershell' for command environment: Not usable outside of PowerShell
[0.994s] DEBUG:colcon.colcon_core.shell:Skip shell extension 'dsv' for command environment
[1.001s] DEBUG:colcon.colcon_core.event_handler.log_command:Invoked command in '/home/farouk/ros2_ws/build/my_robot_description' returned '0': CMAKE_PREFIX_PATH=${CMAKE_PREFIX_PATH}:/home/farouk/ros2_ws/install/robot_arm_bridge:/opt/ros/foxy /usr/local/bin/cmake --build /home/farouk/ros2_ws/build/my_robot_description -- -j4 -l4
[1.009s] DEBUG:colcon.colcon_core.event_handler.log_command:Invoking command in '/home/farouk/ros2_ws/build/my_robot_description': CMAKE_PREFIX_PATH=${CMAKE_PREFIX_PATH}:/home/farouk/ros2_ws/install/robot_arm_bridge:/opt/ros/foxy /usr/local/bin/cmake --install /home/farouk/ros2_ws/build/my_robot_description
[1.010s] DEBUG:colcon.colcon_core.event_handler.log_command:Invoked command in '/home/farouk/ros2_ws/build/micro_ros_msgs' returned '0': CMAKE_PREFIX_PATH=${CMAKE_PREFIX_PATH}:/home/farouk/ros2_ws/install/robot_arm_bridge:/opt/ros/foxy /usr/local/bin/cmake --build /home/farouk/ros2_ws/build/micro_ros_msgs -- -j4 -l4
[1.014s] DEBUG:colcon.colcon_core.event_handler.log_command:Invoking command in '/home/farouk/ros2_ws/build/micro_ros_msgs': CMAKE_PREFIX_PATH=${CMAKE_PREFIX_PATH}:/home/farouk/ros2_ws/install/robot_arm_bridge:/opt/ros/foxy /usr/local/bin/cmake --install /home/farouk/ros2_ws/build/micro_ros_msgs
[1.045s] Level 1:colcon.colcon_core.environment:create_environment_scripts_only(my_robot_description)
[1.050s] Level 1:colcon.colcon_core.environment:checking '/home/farouk/ros2_ws/install/my_robot_description' for CMake module files
[1.050s] Level 1:colcon.colcon_core.environment:checking '/home/farouk/ros2_ws/install/my_robot_description' for CMake config files
[1.051s] Level 1:colcon.colcon_core.shell:create_environment_hook('my_robot_description', 'cmake_prefix_path')
[1.051s] INFO:colcon.colcon_core.shell:Creating environment hook '/home/farouk/ros2_ws/install/my_robot_description/share/my_robot_description/hook/cmake_prefix_path.ps1'
[1.052s] INFO:colcon.colcon_core.shell:Creating environment descriptor '/home/farouk/ros2_ws/install/my_robot_description/share/my_robot_description/hook/cmake_prefix_path.dsv'
[1.052s] DEBUG:colcon.colcon_core.event_handler.log_command:Invoked command in '/home/farouk/ros2_ws/build/my_robot_description' returned '0': CMAKE_PREFIX_PATH=${CMAKE_PREFIX_PATH}:/home/farouk/ros2_ws/install/robot_arm_bridge:/opt/ros/foxy /usr/local/bin/cmake --install /home/farouk/ros2_ws/build/my_robot_description
[1.053s] INFO:colcon.colcon_core.shell:Creating environment hook '/home/farouk/ros2_ws/install/my_robot_description/share/my_robot_description/hook/cmake_prefix_path.sh'
[1.054s] Level 1:colcon.colcon_core.environment:checking '/home/farouk/ros2_ws/install/my_robot_description/bin'
[1.054s] Level 1:colcon.colcon_core.environment:checking '/home/farouk/ros2_ws/install/my_robot_description/lib/pkgconfig/my_robot_description.pc'
[1.055s] Level 1:colcon.colcon_core.environment:checking '/home/farouk/ros2_ws/install/my_robot_description/lib/python3.8/site-packages'
[1.055s] Level 1:colcon.colcon_core.environment:checking '/home/farouk/ros2_ws/install/my_robot_description/bin'
[1.055s] INFO:colcon.colcon_core.shell:Creating package script '/home/farouk/ros2_ws/install/my_robot_description/share/my_robot_description/package.ps1'
[1.057s] INFO:colcon.colcon_core.shell:Creating package descriptor '/home/farouk/ros2_ws/install/my_robot_description/share/my_robot_description/package.dsv'
[1.058s] INFO:colcon.colcon_core.shell:Creating package script '/home/farouk/ros2_ws/install/my_robot_description/share/my_robot_description/package.sh'
[1.059s] INFO:colcon.colcon_core.shell:Creating package script '/home/farouk/ros2_ws/install/my_robot_description/share/my_robot_description/package.bash'
[1.061s] INFO:colcon.colcon_core.shell:Creating package script '/home/farouk/ros2_ws/install/my_robot_description/share/my_robot_description/package.zsh'
[1.062s] Level 1:colcon.colcon_core.environment:create_file_with_runtime_dependencies(/home/farouk/ros2_ws/install/my_robot_description/share/colcon-core/packages/my_robot_description)
[1.063s] Level 1:colcon.colcon_core.environment:create_environment_scripts_only(my_robot_description)
[1.063s] Level 1:colcon.colcon_core.environment:checking '/home/farouk/ros2_ws/install/my_robot_description' for CMake module files
[1.064s] Level 1:colcon.colcon_core.environment:checking '/home/farouk/ros2_ws/install/my_robot_description' for CMake config files
[1.064s] Level 1:colcon.colcon_core.shell:create_environment_hook('my_robot_description', 'cmake_prefix_path')
[1.065s] INFO:colcon.colcon_core.shell:Creating environment hook '/home/farouk/ros2_ws/install/my_robot_description/share/my_robot_description/hook/cmake_prefix_path.ps1'
[1.065s] INFO:colcon.colcon_core.shell:Creating environment descriptor '/home/farouk/ros2_ws/install/my_robot_description/share/my_robot_description/hook/cmake_prefix_path.dsv'
[1.066s] INFO:colcon.colcon_core.shell:Creating environment hook '/home/farouk/ros2_ws/install/my_robot_description/share/my_robot_description/hook/cmake_prefix_path.sh'
[1.067s] Level 1:colcon.colcon_core.environment:checking '/home/farouk/ros2_ws/install/my_robot_description/bin'
[1.067s] Level 1:colcon.colcon_core.environment:checking '/home/farouk/ros2_ws/install/my_robot_description/lib/pkgconfig/my_robot_description.pc'
[1.067s] Level 1:colcon.colcon_core.environment:checking '/home/farouk/ros2_ws/install/my_robot_description/lib/python3.8/site-packages'
[1.068s] Level 1:colcon.colcon_core.environment:checking '/home/farouk/ros2_ws/install/my_robot_description/bin'
[1.068s] INFO:colcon.colcon_core.shell:Creating package script '/home/farouk/ros2_ws/install/my_robot_description/share/my_robot_description/package.ps1'
[1.069s] INFO:colcon.colcon_core.shell:Creating package descriptor '/home/farouk/ros2_ws/install/my_robot_description/share/my_robot_description/package.dsv'
[1.070s] INFO:colcon.colcon_core.shell:Creating package script '/home/farouk/ros2_ws/install/my_robot_description/share/my_robot_description/package.sh'
[1.070s] INFO:colcon.colcon_core.shell:Creating package script '/home/farouk/ros2_ws/install/my_robot_description/share/my_robot_description/package.bash'
[1.071s] INFO:colcon.colcon_core.shell:Creating package script '/home/farouk/ros2_ws/install/my_robot_description/share/my_robot_description/package.zsh'
[1.072s] Level 1:colcon.colcon_core.environment:create_file_with_runtime_dependencies(/home/farouk/ros2_ws/install/my_robot_description/share/colcon-core/packages/my_robot_description)
[1.089s] Level 1:colcon.colcon_core.environment:create_environment_scripts_only(micro_ros_msgs)
[1.089s] Level 1:colcon.colcon_core.environment:checking '/home/farouk/ros2_ws/install/micro_ros_msgs' for CMake module files
[1.090s] Level 1:colcon.colcon_core.environment:checking '/home/farouk/ros2_ws/install/micro_ros_msgs' for CMake config files
[1.091s] Level 1:colcon.colcon_core.shell:create_environment_hook('micro_ros_msgs', 'cmake_prefix_path')
[1.091s] INFO:colcon.colcon_core.shell:Creating environment hook '/home/farouk/ros2_ws/install/micro_ros_msgs/share/micro_ros_msgs/hook/cmake_prefix_path.ps1'
[1.092s] INFO:colcon.colcon_core.shell:Creating environment descriptor '/home/farouk/ros2_ws/install/micro_ros_msgs/share/micro_ros_msgs/hook/cmake_prefix_path.dsv'
[1.092s] INFO:colcon.colcon_core.shell:Creating environment hook '/home/farouk/ros2_ws/install/micro_ros_msgs/share/micro_ros_msgs/hook/cmake_prefix_path.sh'
[1.093s] Level 1:colcon.colcon_core.environment:checking '/home/farouk/ros2_ws/install/micro_ros_msgs/lib'
[1.093s] Level 1:colcon.colcon_core.shell:create_environment_hook('micro_ros_msgs', 'ld_library_path_lib')
[1.094s] INFO:colcon.colcon_core.shell:Creating environment hook '/home/farouk/ros2_ws/install/micro_ros_msgs/share/micro_ros_msgs/hook/ld_library_path_lib.ps1'
[1.094s] INFO:colcon.colcon_core.shell:Creating environment descriptor '/home/farouk/ros2_ws/install/micro_ros_msgs/share/micro_ros_msgs/hook/ld_library_path_lib.dsv'
[1.095s] DEBUG:colcon.colcon_core.event_handler.log_command:Invoked command in '/home/farouk/ros2_ws/build/micro_ros_msgs' returned '0': CMAKE_PREFIX_PATH=${CMAKE_PREFIX_PATH}:/home/farouk/ros2_ws/install/robot_arm_bridge:/opt/ros/foxy /usr/local/bin/cmake --install /home/farouk/ros2_ws/build/micro_ros_msgs
[1.095s] INFO:colcon.colcon_core.shell:Creating environment hook '/home/farouk/ros2_ws/install/micro_ros_msgs/share/micro_ros_msgs/hook/ld_library_path_lib.sh'
[1.096s] Level 1:colcon.colcon_core.environment:checking '/home/farouk/ros2_ws/install/micro_ros_msgs/bin'
[1.096s] Level 1:colcon.colcon_core.environment:checking '/home/farouk/ros2_ws/install/micro_ros_msgs/lib/pkgconfig/micro_ros_msgs.pc'
[1.096s] Level 1:colcon.colcon_core.environment:checking '/home/farouk/ros2_ws/install/micro_ros_msgs/lib/python3.8/site-packages'
[1.096s] Level 1:colcon.colcon_core.shell:create_environment_hook('micro_ros_msgs', 'pythonpath')
[1.097s] INFO:colcon.colcon_core.shell:Creating environment hook '/home/farouk/ros2_ws/install/micro_ros_msgs/share/micro_ros_msgs/hook/pythonpath.ps1'
[1.097s] INFO:colcon.colcon_core.shell:Creating environment descriptor '/home/farouk/ros2_ws/install/micro_ros_msgs/share/micro_ros_msgs/hook/pythonpath.dsv'
[1.098s] INFO:colcon.colcon_core.shell:Creating environment hook '/home/farouk/ros2_ws/install/micro_ros_msgs/share/micro_ros_msgs/hook/pythonpath.sh'
[1.099s] Level 1:colcon.colcon_core.environment:checking '/home/farouk/ros2_ws/install/micro_ros_msgs/bin'
[1.099s] INFO:colcon.colcon_core.shell:Creating package script '/home/farouk/ros2_ws/install/micro_ros_msgs/share/micro_ros_msgs/package.ps1'
[1.100s] INFO:colcon.colcon_core.shell:Creating package descriptor '/home/farouk/ros2_ws/install/micro_ros_msgs/share/micro_ros_msgs/package.dsv'
[1.101s] INFO:colcon.colcon_core.shell:Creating package script '/home/farouk/ros2_ws/install/micro_ros_msgs/share/micro_ros_msgs/package.sh'
[1.102s] INFO:colcon.colcon_core.shell:Creating package script '/home/farouk/ros2_ws/install/micro_ros_msgs/share/micro_ros_msgs/package.bash'
[1.102s] INFO:colcon.colcon_core.shell:Creating package script '/home/farouk/ros2_ws/install/micro_ros_msgs/share/micro_ros_msgs/package.zsh'
[1.103s] Level 1:colcon.colcon_core.environment:create_file_with_runtime_dependencies(/home/farouk/ros2_ws/install/micro_ros_msgs/share/colcon-core/packages/micro_ros_msgs)
[1.104s] Level 1:colcon.colcon_core.environment:create_environment_scripts_only(micro_ros_msgs)
[1.104s] Level 1:colcon.colcon_core.environment:checking '/home/farouk/ros2_ws/install/micro_ros_msgs' for CMake module files
[1.105s] Level 1:colcon.colcon_core.environment:checking '/home/farouk/ros2_ws/install/micro_ros_msgs' for CMake config files
[1.105s] Level 1:colcon.colcon_core.shell:create_environment_hook('micro_ros_msgs', 'cmake_prefix_path')
[1.106s] INFO:colcon.colcon_core.shell:Creating environment hook '/home/farouk/ros2_ws/install/micro_ros_msgs/share/micro_ros_msgs/hook/cmake_prefix_path.ps1'
[1.106s] INFO:colcon.colcon_core.shell:Creating environment descriptor '/home/farouk/ros2_ws/install/micro_ros_msgs/share/micro_ros_msgs/hook/cmake_prefix_path.dsv'
[1.107s] INFO:colcon.colcon_core.shell:Creating environment hook '/home/farouk/ros2_ws/install/micro_ros_msgs/share/micro_ros_msgs/hook/cmake_prefix_path.sh'
[1.107s] Level 1:colcon.colcon_core.environment:checking '/home/farouk/ros2_ws/install/micro_ros_msgs/lib'
[1.107s] Level 1:colcon.colcon_core.shell:create_environment_hook('micro_ros_msgs', 'ld_library_path_lib')
[1.108s] INFO:colcon.colcon_core.shell:Creating environment hook '/home/farouk/ros2_ws/install/micro_ros_msgs/share/micro_ros_msgs/hook/ld_library_path_lib.ps1'
[1.108s] INFO:colcon.colcon_core.shell:Creating environment descriptor '/home/farouk/ros2_ws/install/micro_ros_msgs/share/micro_ros_msgs/hook/ld_library_path_lib.dsv'
[1.109s] INFO:colcon.colcon_core.shell:Creating environment hook '/home/farouk/ros2_ws/install/micro_ros_msgs/share/micro_ros_msgs/hook/ld_library_path_lib.sh'
[1.109s] Level 1:colcon.colcon_core.environment:checking '/home/farouk/ros2_ws/install/micro_ros_msgs/bin'
[1.109s] Level 1:colcon.colcon_core.environment:checking '/home/farouk/ros2_ws/install/micro_ros_msgs/lib/pkgconfig/micro_ros_msgs.pc'
[1.110s] Level 1:colcon.colcon_core.environment:checking '/home/farouk/ros2_ws/install/micro_ros_msgs/lib/python3.8/site-packages'
[1.110s] Level 1:colcon.colcon_core.shell:create_environment_hook('micro_ros_msgs', 'pythonpath')
[1.110s] INFO:colcon.colcon_core.shell:Creating environment hook '/home/farouk/ros2_ws/install/micro_ros_msgs/share/micro_ros_msgs/hook/pythonpath.ps1'
[1.110s] INFO:colcon.colcon_core.shell:Creating environment descriptor '/home/farouk/ros2_ws/install/micro_ros_msgs/share/micro_ros_msgs/hook/pythonpath.dsv'
[1.111s] INFO:colcon.colcon_core.shell:Creating environment hook '/home/farouk/ros2_ws/install/micro_ros_msgs/share/micro_ros_msgs/hook/pythonpath.sh'
[1.112s] Level 1:colcon.colcon_core.environment:checking '/home/farouk/ros2_ws/install/micro_ros_msgs/bin'
[1.112s] INFO:colcon.colcon_core.shell:Creating package script '/home/farouk/ros2_ws/install/micro_ros_msgs/share/micro_ros_msgs/package.ps1'
[1.113s] INFO:colcon.colcon_core.shell:Creating package descriptor '/home/farouk/ros2_ws/install/micro_ros_msgs/share/micro_ros_msgs/package.dsv'
[1.114s] INFO:colcon.colcon_core.shell:Creating package script '/home/farouk/ros2_ws/install/micro_ros_msgs/share/micro_ros_msgs/package.sh'
[1.114s] INFO:colcon.colcon_core.shell:Creating package script '/home/farouk/ros2_ws/install/micro_ros_msgs/share/micro_ros_msgs/package.bash'
[1.115s] INFO:colcon.colcon_core.shell:Creating package script '/home/farouk/ros2_ws/install/micro_ros_msgs/share/micro_ros_msgs/package.zsh'
[1.116s] Level 1:colcon.colcon_core.environment:create_file_with_runtime_dependencies(/home/farouk/ros2_ws/install/micro_ros_msgs/share/colcon-core/packages/micro_ros_msgs)
[1.116s] INFO:colcon.colcon_ros.task.ament_cmake.build:Building ROS package in '/home/farouk/ros2_ws/src/micro-ROS-Agent/micro_ros_agent' with build type 'ament_cmake'
[1.117s] INFO:colcon.colcon_cmake.task.cmake.build:Building CMake package in '/home/farouk/ros2_ws/src/micro-ROS-Agent/micro_ros_agent'
[1.117s] INFO:colcon.colcon_core.shell:Skip shell extension 'powershell' for command environment: Not usable outside of PowerShell
[1.117s] DEBUG:colcon.colcon_core.shell:Skip shell extension 'dsv' for command environment
[1.134s] DEBUG:colcon.colcon_core.event_handler.log_command:Invoking command in '/home/farouk/ros2_ws/build/micro_ros_agent': CMAKE_PREFIX_PATH=/home/farouk/ros2_ws/install/micro_ros_msgs:/home/farouk/ros2_ws/install/my_robot_description:/home/farouk/ros2_ws/install/micro_ros_agent:/home/farouk/ros2_ws/install/robot_arm_bridge:/opt/ros/foxy LD_LIBRARY_PATH=/home/farouk/ros2_ws/install/micro_ros_msgs/lib:/home/farouk/ros2_ws/install/micro_ros_agent/lib:/usr/lib/x86_64-linux-gnu/gazebo-11/plugins:/opt/ros/foxy/opt/yaml_cpp_vendor/lib:/opt/ros/foxy/opt/rviz_ogre_vendor/lib:/opt/ros/foxy/lib/x86_64-linux-gnu:/opt/ros/foxy/lib PYTHONPATH=/home/farouk/ros2_ws/install/micro_ros_msgs/lib/python3.8/site-packages:/home/farouk/ros2_ws/install/robot_arm_bridge/lib/python3.8/site-packages:/opt/ros/foxy/lib/python3.8/site-packages /usr/local/bin/cmake --build /home/farouk/ros2_ws/build/micro_ros_agent -- -j4 -l4
[1.169s] DEBUG:colcon.colcon_core.event_handler.log_command:Invoked command in '/home/farouk/ros2_ws/build/micro_ros_agent' returned '0': CMAKE_PREFIX_PATH=/home/farouk/ros2_ws/install/micro_ros_msgs:/home/farouk/ros2_ws/install/my_robot_description:/home/farouk/ros2_ws/install/micro_ros_agent:/home/farouk/ros2_ws/install/robot_arm_bridge:/opt/ros/foxy LD_LIBRARY_PATH=/home/farouk/ros2_ws/install/micro_ros_msgs/lib:/home/farouk/ros2_ws/install/micro_ros_agent/lib:/usr/lib/x86_64-linux-gnu/gazebo-11/plugins:/opt/ros/foxy/opt/yaml_cpp_vendor/lib:/opt/ros/foxy/opt/rviz_ogre_vendor/lib:/opt/ros/foxy/lib/x86_64-linux-gnu:/opt/ros/foxy/lib PYTHONPATH=/home/farouk/ros2_ws/install/micro_ros_msgs/lib/python3.8/site-packages:/home/farouk/ros2_ws/install/robot_arm_bridge/lib/python3.8/site-packages:/opt/ros/foxy/lib/python3.8/site-packages /usr/local/bin/cmake --build /home/farouk/ros2_ws/build/micro_ros_agent -- -j4 -l4
[1.172s] DEBUG:colcon.colcon_core.event_handler.log_command:Invoking command in '/home/farouk/ros2_ws/build/micro_ros_agent': CMAKE_PREFIX_PATH=/home/farouk/ros2_ws/install/micro_ros_msgs:/home/farouk/ros2_ws/install/my_robot_description:/home/farouk/ros2_ws/install/micro_ros_agent:/home/farouk/ros2_ws/install/robot_arm_bridge:/opt/ros/foxy LD_LIBRARY_PATH=/home/farouk/ros2_ws/install/micro_ros_msgs/lib:/home/farouk/ros2_ws/install/micro_ros_agent/lib:/usr/lib/x86_64-linux-gnu/gazebo-11/plugins:/opt/ros/foxy/opt/yaml_cpp_vendor/lib:/opt/ros/foxy/opt/rviz_ogre_vendor/lib:/opt/ros/foxy/lib/x86_64-linux-gnu:/opt/ros/foxy/lib PYTHONPATH=/home/farouk/ros2_ws/install/micro_ros_msgs/lib/python3.8/site-packages:/home/farouk/ros2_ws/install/robot_arm_bridge/lib/python3.8/site-packages:/opt/ros/foxy/lib/python3.8/site-packages /usr/local/bin/cmake --install /home/farouk/ros2_ws/build/micro_ros_agent
[1.178s] Level 1:colcon.colcon_core.environment:create_environment_scripts_only(micro_ros_agent)
[1.179s] Level 1:colcon.colcon_core.environment:checking '/home/farouk/ros2_ws/install/micro_ros_agent' for CMake module files
[1.180s] DEBUG:colcon.colcon_core.event_handler.log_command:Invoked command in '/home/farouk/ros2_ws/build/micro_ros_agent' returned '0': CMAKE_PREFIX_PATH=/home/farouk/ros2_ws/install/micro_ros_msgs:/home/farouk/ros2_ws/install/my_robot_description:/home/farouk/ros2_ws/install/micro_ros_agent:/home/farouk/ros2_ws/install/robot_arm_bridge:/opt/ros/foxy LD_LIBRARY_PATH=/home/farouk/ros2_ws/install/micro_ros_msgs/lib:/home/farouk/ros2_ws/install/micro_ros_agent/lib:/usr/lib/x86_64-linux-gnu/gazebo-11/plugins:/opt/ros/foxy/opt/yaml_cpp_vendor/lib:/opt/ros/foxy/opt/rviz_ogre_vendor/lib:/opt/ros/foxy/lib/x86_64-linux-gnu:/opt/ros/foxy/lib PYTHONPATH=/home/farouk/ros2_ws/install/micro_ros_msgs/lib/python3.8/site-packages:/home/farouk/ros2_ws/install/robot_arm_bridge/lib/python3.8/site-packages:/opt/ros/foxy/lib/python3.8/site-packages /usr/local/bin/cmake --install /home/farouk/ros2_ws/build/micro_ros_agent
[1.180s] Level 1:colcon.colcon_core.environment:checking '/home/farouk/ros2_ws/install/micro_ros_agent' for CMake config files
[1.182s] Level 1:colcon.colcon_core.shell:create_environment_hook('micro_ros_agent', 'cmake_prefix_path')
[1.182s] INFO:colcon.colcon_core.shell:Creating environment hook '/home/farouk/ros2_ws/install/micro_ros_agent/share/micro_ros_agent/hook/cmake_prefix_path.ps1'
[1.183s] INFO:colcon.colcon_core.shell:Creating environment descriptor '/home/farouk/ros2_ws/install/micro_ros_agent/share/micro_ros_agent/hook/cmake_prefix_path.dsv'
[1.184s] INFO:colcon.colcon_core.shell:Creating environment hook '/home/farouk/ros2_ws/install/micro_ros_agent/share/micro_ros_agent/hook/cmake_prefix_path.sh'
[1.185s] Level 1:colcon.colcon_core.environment:checking '/home/farouk/ros2_ws/install/micro_ros_agent/lib'
[1.185s] Level 1:colcon.colcon_core.shell:create_environment_hook('micro_ros_agent', 'ld_library_path_lib')
[1.186s] INFO:colcon.colcon_core.shell:Creating environment hook '/home/farouk/ros2_ws/install/micro_ros_agent/share/micro_ros_agent/hook/ld_library_path_lib.ps1'
[1.186s] INFO:colcon.colcon_core.shell:Creating environment descriptor '/home/farouk/ros2_ws/install/micro_ros_agent/share/micro_ros_agent/hook/ld_library_path_lib.dsv'
[1.187s] INFO:colcon.colcon_core.shell:Creating environment hook '/home/farouk/ros2_ws/install/micro_ros_agent/share/micro_ros_agent/hook/ld_library_path_lib.sh'
[1.187s] Level 1:colcon.colcon_core.environment:checking '/home/farouk/ros2_ws/install/micro_ros_agent/bin'
[1.187s] Level 1:colcon.colcon_core.environment:checking '/home/farouk/ros2_ws/install/micro_ros_agent/lib/pkgconfig/micro_ros_agent.pc'
[1.188s] Level 1:colcon.colcon_core.environment:checking '/home/farouk/ros2_ws/install/micro_ros_agent/lib/python3.8/site-packages'
[1.188s] Level 1:colcon.colcon_core.environment:checking '/home/farouk/ros2_ws/install/micro_ros_agent/bin'
[1.189s] INFO:colcon.colcon_core.shell:Creating package script '/home/farouk/ros2_ws/install/micro_ros_agent/share/micro_ros_agent/package.ps1'
[1.189s] INFO:colcon.colcon_core.shell:Creating package descriptor '/home/farouk/ros2_ws/install/micro_ros_agent/share/micro_ros_agent/package.dsv'
[1.190s] INFO:colcon.colcon_core.shell:Creating package script '/home/farouk/ros2_ws/install/micro_ros_agent/share/micro_ros_agent/package.sh'
[1.190s] INFO:colcon.colcon_core.shell:Creating package script '/home/farouk/ros2_ws/install/micro_ros_agent/share/micro_ros_agent/package.bash'
[1.191s] INFO:colcon.colcon_core.shell:Creating package script '/home/farouk/ros2_ws/install/micro_ros_agent/share/micro_ros_agent/package.zsh'
[1.191s] Level 1:colcon.colcon_core.environment:create_file_with_runtime_dependencies(/home/farouk/ros2_ws/install/micro_ros_agent/share/colcon-core/packages/micro_ros_agent)
[1.192s] Level 1:colcon.colcon_core.environment:create_environment_scripts_only(micro_ros_agent)
[1.192s] Level 1:colcon.colcon_core.environment:checking '/home/farouk/ros2_ws/install/micro_ros_agent' for CMake module files
[1.193s] Level 1:colcon.colcon_core.environment:checking '/home/farouk/ros2_ws/install/micro_ros_agent' for CMake config files
[1.194s] Level 1:colcon.colcon_core.shell:create_environment_hook('micro_ros_agent', 'cmake_prefix_path')
[1.194s] INFO:colcon.colcon_core.shell:Creating environment hook '/home/farouk/ros2_ws/install/micro_ros_agent/share/micro_ros_agent/hook/cmake_prefix_path.ps1'
[1.195s] INFO:colcon.colcon_core.shell:Creating environment descriptor '/home/farouk/ros2_ws/install/micro_ros_agent/share/micro_ros_agent/hook/cmake_prefix_path.dsv'
[1.195s] INFO:colcon.colcon_core.shell:Creating environment hook '/home/farouk/ros2_ws/install/micro_ros_agent/share/micro_ros_agent/hook/cmake_prefix_path.sh'
[1.196s] Level 1:colcon.colcon_core.environment:checking '/home/farouk/ros2_ws/install/micro_ros_agent/lib'
[1.196s] Level 1:colcon.colcon_core.shell:create_environment_hook('micro_ros_agent', 'ld_library_path_lib')
[1.197s] INFO:colcon.colcon_core.shell:Creating environment hook '/home/farouk/ros2_ws/install/micro_ros_agent/share/micro_ros_agent/hook/ld_library_path_lib.ps1'
[1.197s] INFO:colcon.colcon_core.shell:Creating environment descriptor '/home/farouk/ros2_ws/install/micro_ros_agent/share/micro_ros_agent/hook/ld_library_path_lib.dsv'
[1.198s] INFO:colcon.colcon_core.shell:Creating environment hook '/home/farouk/ros2_ws/install/micro_ros_agent/share/micro_ros_agent/hook/ld_library_path_lib.sh'
[1.198s] Level 1:colcon.colcon_core.environment:checking '/home/farouk/ros2_ws/install/micro_ros_agent/bin'
[1.198s] Level 1:colcon.colcon_core.environment:checking '/home/farouk/ros2_ws/install/micro_ros_agent/lib/pkgconfig/micro_ros_agent.pc'
[1.199s] Level 1:colcon.colcon_core.environment:checking '/home/farouk/ros2_ws/install/micro_ros_agent/lib/python3.8/site-packages'
[1.199s] Level 1:colcon.colcon_core.environment:checking '/home/farouk/ros2_ws/install/micro_ros_agent/bin'
[1.200s] INFO:colcon.colcon_core.shell:Creating package script '/home/farouk/ros2_ws/install/micro_ros_agent/share/micro_ros_agent/package.ps1'
[1.201s] INFO:colcon.colcon_core.shell:Creating package descriptor '/home/farouk/ros2_ws/install/micro_ros_agent/share/micro_ros_agent/package.dsv'
[1.201s] INFO:colcon.colcon_core.shell:Creating package script '/home/farouk/ros2_ws/install/micro_ros_agent/share/micro_ros_agent/package.sh'
[1.202s] INFO:colcon.colcon_core.shell:Creating package script '/home/farouk/ros2_ws/install/micro_ros_agent/share/micro_ros_agent/package.bash'
[1.203s] INFO:colcon.colcon_core.shell:Creating package script '/home/farouk/ros2_ws/install/micro_ros_agent/share/micro_ros_agent/package.zsh'
[1.203s] Level 1:colcon.colcon_core.environment:create_file_with_runtime_dependencies(/home/farouk/ros2_ws/install/micro_ros_agent/share/colcon-core/packages/micro_ros_agent)
[1.600s] DEBUG:colcon.colcon_core.event_handler.log_command:Invoking command in '/home/farouk/ros2_ws/src/robot_arm_bridge': PYTHONPATH=/home/farouk/ros2_ws/build/robot_arm_bridge/prefix_override:/usr/lib/python3/dist-packages/colcon_core/task/python/colcon_distutils_commands:/home/farouk/ros2_ws/install/robot_arm_bridge/lib/python3.8/site-packages:${PYTHONPATH} /usr/bin/python3 -W ignore:setup.py install is deprecated -W ignore:easy_install command is deprecated setup.py egg_info --egg-base ../../build/robot_arm_bridge build --build-base /home/farouk/ros2_ws/build/robot_arm_bridge/build install --record /home/farouk/ros2_ws/build/robot_arm_bridge/install.log --install-scripts $base/lib/robot_arm_bridge --single-version-externally-managed install_data
[1.969s] Level 1:colcon.colcon_core.environment:checking '/home/farouk/ros2_ws/install/robot_arm_bridge' for CMake module files
[1.970s] DEBUG:colcon.colcon_core.event_handler.log_command:Invoked command in '/home/farouk/ros2_ws/src/robot_arm_bridge' returned '0': PYTHONPATH=/home/farouk/ros2_ws/build/robot_arm_bridge/prefix_override:/usr/lib/python3/dist-packages/colcon_core/task/python/colcon_distutils_commands:/home/farouk/ros2_ws/install/robot_arm_bridge/lib/python3.8/site-packages:${PYTHONPATH} /usr/bin/python3 -W ignore:setup.py install is deprecated -W ignore:easy_install command is deprecated setup.py egg_info --egg-base ../../build/robot_arm_bridge build --build-base /home/farouk/ros2_ws/build/robot_arm_bridge/build install --record /home/farouk/ros2_ws/build/robot_arm_bridge/install.log --install-scripts $base/lib/robot_arm_bridge --single-version-externally-managed install_data
[1.970s] Level 1:colcon.colcon_core.environment:checking '/home/farouk/ros2_ws/install/robot_arm_bridge' for CMake config files
[1.971s] Level 1:colcon.colcon_core.environment:checking '/home/farouk/ros2_ws/install/robot_arm_bridge/lib'
[1.972s] Level 1:colcon.colcon_core.environment:checking '/home/farouk/ros2_ws/install/robot_arm_bridge/bin'
[1.972s] Level 1:colcon.colcon_core.environment:checking '/home/farouk/ros2_ws/install/robot_arm_bridge/lib/pkgconfig/robot_arm_bridge.pc'
[1.972s] Level 1:colcon.colcon_core.environment:checking '/home/farouk/ros2_ws/install/robot_arm_bridge/lib/python3.8/site-packages'
[1.972s] Level 1:colcon.colcon_core.shell:create_environment_hook('robot_arm_bridge', 'pythonpath')
[1.972s] INFO:colcon.colcon_core.shell:Creating environment hook '/home/farouk/ros2_ws/install/robot_arm_bridge/share/robot_arm_bridge/hook/pythonpath.ps1'
[1.973s] INFO:colcon.colcon_core.shell:Creating environment descriptor '/home/farouk/ros2_ws/install/robot_arm_bridge/share/robot_arm_bridge/hook/pythonpath.dsv'
[1.973s] INFO:colcon.colcon_core.shell:Creating environment hook '/home/farouk/ros2_ws/install/robot_arm_bridge/share/robot_arm_bridge/hook/pythonpath.sh'
[1.974s] Level 1:colcon.colcon_core.environment:checking '/home/farouk/ros2_ws/install/robot_arm_bridge/bin'
[1.974s] Level 1:colcon.colcon_core.environment:create_environment_scripts_only(robot_arm_bridge)
[1.974s] INFO:colcon.colcon_core.shell:Creating package script '/home/farouk/ros2_ws/install/robot_arm_bridge/share/robot_arm_bridge/package.ps1'
[1.975s] INFO:colcon.colcon_core.shell:Creating package descriptor '/home/farouk/ros2_ws/install/robot_arm_bridge/share/robot_arm_bridge/package.dsv'
[1.975s] INFO:colcon.colcon_core.shell:Creating package script '/home/farouk/ros2_ws/install/robot_arm_bridge/share/robot_arm_bridge/package.sh'
[1.976s] INFO:colcon.colcon_core.shell:Creating package script '/home/farouk/ros2_ws/install/robot_arm_bridge/share/robot_arm_bridge/package.bash'
[1.976s] INFO:colcon.colcon_core.shell:Creating package script '/home/farouk/ros2_ws/install/robot_arm_bridge/share/robot_arm_bridge/package.zsh'
[1.977s] Level 1:colcon.colcon_core.environment:create_file_with_runtime_dependencies(/home/farouk/ros2_ws/install/robot_arm_bridge/share/colcon-core/packages/robot_arm_bridge)
[1.977s] DEBUG:colcon.colcon_parallel_executor.executor.parallel:closing loop
[1.978s] DEBUG:colcon.colcon_parallel_executor.executor.parallel:loop closed
[1.978s] DEBUG:colcon.colcon_parallel_executor.executor.parallel:run_until_complete finished with '0'
[1.978s] DEBUG:colcon.colcon_core.event_reactor:joining thread
[1.984s] INFO:colcon.colcon_core.plugin_system:Skipping extension 'colcon_notification.desktop_notification.terminal_notifier': Not used on non-Darwin systems
[1.985s] INFO:colcon.colcon_core.plugin_system:Skipping extension 'colcon_notification.desktop_notification.win32': Not used on non-Windows systems
[1.985s] INFO:colcon.colcon_notification.desktop_notification:Sending desktop notification using 'notify2'
[2.000s] DEBUG:colcon.colcon_core.event_reactor:joined thread
[2.001s] INFO:colcon.colcon_core.shell:Creating prefix script '/home/farouk/ros2_ws/install/local_setup.ps1'
[2.003s] INFO:colcon.colcon_core.shell:Creating prefix util module '/home/farouk/ros2_ws/install/_local_setup_util_ps1.py'
[2.006s] INFO:colcon.colcon_core.shell:Creating prefix chain script '/home/farouk/ros2_ws/install/setup.ps1'
[2.007s] INFO:colcon.colcon_core.shell:Creating prefix script '/home/farouk/ros2_ws/install/local_setup.sh'
[2.008s] INFO:colcon.colcon_core.shell:Creating prefix util module '/home/farouk/ros2_ws/install/_local_setup_util_sh.py'
[2.009s] INFO:colcon.colcon_core.shell:Creating prefix chain script '/home/farouk/ros2_ws/install/setup.sh'
[2.011s] INFO:colcon.colcon_core.shell:Creating prefix script '/home/farouk/ros2_ws/install/local_setup.bash'
[2.012s] INFO:colcon.colcon_core.shell:Creating prefix chain script '/home/farouk/ros2_ws/install/setup.bash'
[2.014s] INFO:colcon.colcon_core.shell:Creating prefix script '/home/farouk/ros2_ws/install/local_setup.zsh'
[2.014s] INFO:colcon.colcon_core.shell:Creating prefix chain script '/home/farouk/ros2_ws/install/setup.zsh'
