/home/farouk/ros2_ws/install/robot_arm_bridge/lib/python3.8/site-packages/robot_arm_bridge/serial_bridge_node.py
/home/farouk/ros2_ws/install/robot_arm_bridge/lib/python3.8/site-packages/robot_arm_bridge/bridge_constants.py
/home/farouk/ros2_ws/install/robot_arm_bridge/lib/python3.8/site-packages/robot_arm_bridge/web_app.py
/home/farouk/ros2_ws/install/robot_arm_bridge/lib/python3.8/site-packages/robot_arm_bridge/web_gui_node.py
/home/farouk/ros2_ws/install/robot_arm_bridge/lib/python3.8/site-packages/robot_arm_bridge/bridge_node.py
/home/farouk/ros2_ws/install/robot_arm_bridge/lib/python3.8/site-packages/robot_arm_bridge/__init__.py
/home/farouk/ros2_ws/install/robot_arm_bridge/lib/python3.8/site-packages/robot_arm_bridge/__pycache__/serial_bridge_node.cpython-38.pyc
/home/farouk/ros2_ws/install/robot_arm_bridge/lib/python3.8/site-packages/robot_arm_bridge/__pycache__/bridge_constants.cpython-38.pyc
/home/farouk/ros2_ws/install/robot_arm_bridge/lib/python3.8/site-packages/robot_arm_bridge/__pycache__/web_app.cpython-38.pyc
/home/farouk/ros2_ws/install/robot_arm_bridge/lib/python3.8/site-packages/robot_arm_bridge/__pycache__/web_gui_node.cpython-38.pyc
/home/farouk/ros2_ws/install/robot_arm_bridge/lib/python3.8/site-packages/robot_arm_bridge/__pycache__/bridge_node.cpython-38.pyc
/home/farouk/ros2_ws/install/robot_arm_bridge/lib/python3.8/site-packages/robot_arm_bridge/__pycache__/__init__.cpython-38.pyc
/home/farouk/ros2_ws/install/robot_arm_bridge/share/ament_index/resource_index/packages/robot_arm_bridge
/home/farouk/ros2_ws/install/robot_arm_bridge/share/robot_arm_bridge/package.xml
/home/farouk/ros2_ws/install/robot_arm_bridge/share/robot_arm_bridge/launch
/home/farouk/ros2_ws/install/robot_arm_bridge/share/robot_arm_bridge/static/models/link_shoulder.stl
/home/farouk/ros2_ws/install/robot_arm_bridge/share/robot_arm_bridge/static/models/link_elbow.stl
/home/farouk/ros2_ws/install/robot_arm_bridge/share/robot_arm_bridge/static/models/base_link.stl
/home/farouk/ros2_ws/install/robot_arm_bridge/share/robot_arm_bridge/static/models/link_4_wrist.stl
/home/farouk/ros2_ws/install/robot_arm_bridge/share/robot_arm_bridge/static/models/base.stl
/home/farouk/ros2_ws/install/robot_arm_bridge/share/robot_arm_bridge/static/models/gripper_joint.stl
/home/farouk/ros2_ws/install/robot_arm_bridge/share/robot_arm_bridge/templates/index.html
/home/farouk/ros2_ws/install/robot_arm_bridge/lib/python3.8/site-packages/robot_arm_bridge-0.0.1-py3.8.egg-info/top_level.txt
/home/farouk/ros2_ws/install/robot_arm_bridge/lib/python3.8/site-packages/robot_arm_bridge-0.0.1-py3.8.egg-info/dependency_links.txt
/home/farouk/ros2_ws/install/robot_arm_bridge/lib/python3.8/site-packages/robot_arm_bridge-0.0.1-py3.8.egg-info/PKG-INFO
/home/farouk/ros2_ws/install/robot_arm_bridge/lib/python3.8/site-packages/robot_arm_bridge-0.0.1-py3.8.egg-info/zip-safe
/home/farouk/ros2_ws/install/robot_arm_bridge/lib/python3.8/site-packages/robot_arm_bridge-0.0.1-py3.8.egg-info/SOURCES.txt
/home/farouk/ros2_ws/install/robot_arm_bridge/lib/python3.8/site-packages/robot_arm_bridge-0.0.1-py3.8.egg-info/requires.txt
/home/farouk/ros2_ws/install/robot_arm_bridge/lib/python3.8/site-packages/robot_arm_bridge-0.0.1-py3.8.egg-info/entry_points.txt
/home/farouk/ros2_ws/install/robot_arm_bridge/lib/robot_arm_bridge/serial_bridge
/home/farouk/ros2_ws/install/robot_arm_bridge/lib/robot_arm_bridge/web_gui
