running egg_info
writing ../../build/robot_arm_bridge/robot_arm_bridge.egg-info/PKG-INFO
writing dependency_links to ../../build/robot_arm_bridge/robot_arm_bridge.egg-info/dependency_links.txt
writing entry points to ../../build/robot_arm_bridge/robot_arm_bridge.egg-info/entry_points.txt
writing requirements to ../../build/robot_arm_bridge/robot_arm_bridge.egg-info/requires.txt
writing top-level names to ../../build/robot_arm_bridge/robot_arm_bridge.egg-info/top_level.txt
reading manifest file '../../build/robot_arm_bridge/robot_arm_bridge.egg-info/SOURCES.txt'
writing manifest file '../../build/robot_arm_bridge/robot_arm_bridge.egg-info/SOURCES.txt'
running build
running build_py
running install
running install_lib
running install_data
running install_egg_info
removing '/home/farouk/ros2_ws/install/robot_arm_bridge/lib/python3.8/site-packages/robot_arm_bridge-0.0.1-py3.8.egg-info' (and everything under it)
Copying ../../build/robot_arm_bridge/robot_arm_bridge.egg-info to /home/farouk/ros2_ws/install/robot_arm_bridge/lib/python3.8/site-packages/robot_arm_bridge-0.0.1-py3.8.egg-info
running install_scripts
Installing gazebo_mirror script to /home/farouk/ros2_ws/install/robot_arm_bridge/lib/robot_arm_bridge
Installing serial_bridge script to /home/farouk/ros2_ws/install/robot_arm_bridge/lib/robot_arm_bridge
Installing web_gui script to /home/farouk/ros2_ws/install/robot_arm_bridge/lib/robot_arm_bridge
writing list of installed files to '/home/farouk/ros2_ws/build/robot_arm_bridge/install.log'
