[0.033s] Invoking command in '/home/farouk/ros2_ws/build/micro_ros_msgs': CMAKE_PREFIX_PATH=${CMAKE_PREFIX_PATH}:/home/farouk/ros2_ws/install/robot_arm_bridge:/opt/ros/foxy /usr/local/bin/cmake --build /home/farouk/ros2_ws/build/micro_ros_msgs -- -j4 -l4
[0.073s] [  2%] Built target micro_ros_msgs__cpp
[0.078s] [ 12%] Built target micro_ros_msgs__rosidl_generator_c
[0.096s] [ 23%] Built target micro_ros_msgs__rosidl_typesupport_introspection_c
[0.103s] [ 34%] Built target micro_ros_msgs__rosidl_typesupport_fastrtps_cpp
[0.104s] [ 44%] Built target micro_ros_msgs__rosidl_typesupport_introspection_cpp
[0.110s] [ 55%] Built target micro_ros_msgs__rosidl_typesupport_cpp
[0.116s] [ 65%] Built target micro_ros_msgs__rosidl_typesupport_c
[0.123s] [ 76%] Built target micro_ros_msgs__rosidl_typesupport_fastrtps_c
[0.132s] [ 76%] Built target micro_ros_msgs
[0.143s] [ 78%] Built target micro_ros_msgs__py
[0.156s] [ 87%] Built target micro_ros_msgs__python
[0.174s] [ 93%] Built target micro_ros_msgs__rosidl_typesupport_c__pyext
[0.174s] [ 95%] Built target micro_ros_msgs__rosidl_typesupport_fastrtps_c__pyext
[0.174s] [100%] Built target micro_ros_msgs__rosidl_typesupport_introspection_c__pyext
[0.473s] Invoked command in '/home/farouk/ros2_ws/build/micro_ros_msgs' returned '0': CMAKE_PREFIX_PATH=${CMAKE_PREFIX_PATH}:/home/farouk/ros2_ws/install/robot_arm_bridge:/opt/ros/foxy /usr/local/bin/cmake --build /home/farouk/ros2_ws/build/micro_ros_msgs -- -j4 -l4
[0.485s] Invoking command in '/home/farouk/ros2_ws/build/micro_ros_msgs': CMAKE_PREFIX_PATH=${CMAKE_PREFIX_PATH}:/home/farouk/ros2_ws/install/robot_arm_bridge:/opt/ros/foxy /usr/local/bin/cmake --install /home/farouk/ros2_ws/build/micro_ros_msgs
[0.492s] -- Install configuration: ""
[0.492s] -- Up-to-date: /home/farouk/ros2_ws/install/micro_ros_msgs/share/ament_index/resource_index/rosidl_interfaces/micro_ros_msgs
[0.492s] -- Up-to-date: /home/farouk/ros2_ws/install/micro_ros_msgs/include/micro_ros_msgs
[0.492s] -- Up-to-date: /home/farouk/ros2_ws/install/micro_ros_msgs/include/micro_ros_msgs/msg
[0.493s] -- Up-to-date: /home/farouk/ros2_ws/install/micro_ros_msgs/include/micro_ros_msgs/msg/detail
[0.493s] -- Up-to-date: /home/farouk/ros2_ws/install/micro_ros_msgs/include/micro_ros_msgs/msg/detail/graph__functions.h
[0.493s] -- Up-to-date: /home/farouk/ros2_ws/install/micro_ros_msgs/include/micro_ros_msgs/msg/detail/node__struct.h
[0.493s] -- Up-to-date: /home/farouk/ros2_ws/install/micro_ros_msgs/include/micro_ros_msgs/msg/detail/entity__functions.c
[0.493s] -- Up-to-date: /home/farouk/ros2_ws/install/micro_ros_msgs/include/micro_ros_msgs/msg/detail/entity__struct.h
[0.493s] -- Up-to-date: /home/farouk/ros2_ws/install/micro_ros_msgs/include/micro_ros_msgs/msg/detail/entity__type_support.h
[0.493s] -- Up-to-date: /home/farouk/ros2_ws/install/micro_ros_msgs/include/micro_ros_msgs/msg/detail/graph__type_support.h
[0.494s] -- Up-to-date: /home/farouk/ros2_ws/install/micro_ros_msgs/include/micro_ros_msgs/msg/detail/entity__functions.h
[0.494s] -- Up-to-date: /home/farouk/ros2_ws/install/micro_ros_msgs/include/micro_ros_msgs/msg/detail/node__type_support.h
[0.494s] -- Up-to-date: /home/farouk/ros2_ws/install/micro_ros_msgs/include/micro_ros_msgs/msg/detail/graph__functions.c
[0.494s] -- Up-to-date: /home/farouk/ros2_ws/install/micro_ros_msgs/include/micro_ros_msgs/msg/detail/node__functions.h
[0.494s] -- Up-to-date: /home/farouk/ros2_ws/install/micro_ros_msgs/include/micro_ros_msgs/msg/detail/graph__struct.h
[0.494s] -- Up-to-date: /home/farouk/ros2_ws/install/micro_ros_msgs/include/micro_ros_msgs/msg/detail/node__functions.c
[0.494s] -- Up-to-date: /home/farouk/ros2_ws/install/micro_ros_msgs/include/micro_ros_msgs/msg/entity.h
[0.494s] -- Up-to-date: /home/farouk/ros2_ws/install/micro_ros_msgs/include/micro_ros_msgs/msg/graph.h
[0.495s] -- Up-to-date: /home/farouk/ros2_ws/install/micro_ros_msgs/include/micro_ros_msgs/msg/node.h
[0.495s] -- Up-to-date: /home/farouk/ros2_ws/install/micro_ros_msgs/include/micro_ros_msgs/msg/rosidl_generator_c__visibility_control.h
[0.495s] -- Up-to-date: /home/farouk/ros2_ws/install/micro_ros_msgs/share/micro_ros_msgs/environment/library_path.sh
[0.496s] -- Up-to-date: /home/farouk/ros2_ws/install/micro_ros_msgs/share/micro_ros_msgs/environment/library_path.dsv
[0.496s] -- Up-to-date: /home/farouk/ros2_ws/install/micro_ros_msgs/lib/libmicro_ros_msgs__rosidl_generator_c.so
[0.497s] -- Up-to-date: /home/farouk/ros2_ws/install/micro_ros_msgs/include/micro_ros_msgs
[0.497s] -- Up-to-date: /home/farouk/ros2_ws/install/micro_ros_msgs/include/micro_ros_msgs/msg
[0.497s] -- Up-to-date: /home/farouk/ros2_ws/install/micro_ros_msgs/include/micro_ros_msgs/msg/rosidl_typesupport_fastrtps_c__visibility_control.h
[0.498s] -- Up-to-date: /home/farouk/ros2_ws/install/micro_ros_msgs/include/micro_ros_msgs/msg/detail
[0.498s] -- Up-to-date: /home/farouk/ros2_ws/install/micro_ros_msgs/include/micro_ros_msgs/msg/detail/graph__rosidl_typesupport_fastrtps_c.h
[0.498s] -- Up-to-date: /home/farouk/ros2_ws/install/micro_ros_msgs/include/micro_ros_msgs/msg/detail/entity__rosidl_typesupport_fastrtps_c.h
[0.498s] -- Up-to-date: /home/farouk/ros2_ws/install/micro_ros_msgs/include/micro_ros_msgs/msg/detail/node__rosidl_typesupport_fastrtps_c.h
[0.499s] -- Up-to-date: /home/farouk/ros2_ws/install/micro_ros_msgs/lib/libmicro_ros_msgs__rosidl_typesupport_fastrtps_c.so
[0.500s] -- Up-to-date: /home/farouk/ros2_ws/install/micro_ros_msgs/include/micro_ros_msgs
[0.500s] -- Up-to-date: /home/farouk/ros2_ws/install/micro_ros_msgs/include/micro_ros_msgs/msg
[0.509s] -- Up-to-date: /home/farouk/ros2_ws/install/micro_ros_msgs/include/micro_ros_msgs/msg/rosidl_typesupport_fastrtps_cpp__visibility_control.h
[0.509s] -- Up-to-date: /home/farouk/ros2_ws/install/micro_ros_msgs/include/micro_ros_msgs/msg/detail
[0.509s] -- Up-to-date: /home/farouk/ros2_ws/install/micro_ros_msgs/include/micro_ros_msgs/msg/detail/dds_fastrtps
[0.517s] -- Up-to-date: /home/farouk/ros2_ws/install/micro_ros_msgs/include/micro_ros_msgs/msg/detail/graph__rosidl_typesupport_fastrtps_cpp.hpp
[0.517s] -- Up-to-date: /home/farouk/ros2_ws/install/micro_ros_msgs/include/micro_ros_msgs/msg/detail/node__rosidl_typesupport_fastrtps_cpp.hpp
[0.518s] -- Up-to-date: /home/farouk/ros2_ws/install/micro_ros_msgs/include/micro_ros_msgs/msg/detail/entity__rosidl_typesupport_fastrtps_cpp.hpp
[0.518s] -- Up-to-date: /home/farouk/ros2_ws/install/micro_ros_msgs/lib/libmicro_ros_msgs__rosidl_typesupport_fastrtps_cpp.so
[0.518s] -- Up-to-date: /home/farouk/ros2_ws/install/micro_ros_msgs/include/micro_ros_msgs
[0.518s] -- Up-to-date: /home/farouk/ros2_ws/install/micro_ros_msgs/include/micro_ros_msgs/msg
[0.519s] -- Up-to-date: /home/farouk/ros2_ws/install/micro_ros_msgs/include/micro_ros_msgs/msg/rosidl_typesupport_introspection_c__visibility_control.h
[0.519s] -- Up-to-date: /home/farouk/ros2_ws/install/micro_ros_msgs/include/micro_ros_msgs/msg/detail
[0.519s] -- Up-to-date: /home/farouk/ros2_ws/install/micro_ros_msgs/include/micro_ros_msgs/msg/detail/entity__rosidl_typesupport_introspection_c.h
[0.519s] -- Up-to-date: /home/farouk/ros2_ws/install/micro_ros_msgs/include/micro_ros_msgs/msg/detail/node__type_support.c
[0.519s] -- Up-to-date: /home/farouk/ros2_ws/install/micro_ros_msgs/include/micro_ros_msgs/msg/detail/graph__type_support.c
[0.520s] -- Up-to-date: /home/farouk/ros2_ws/install/micro_ros_msgs/include/micro_ros_msgs/msg/detail/node__rosidl_typesupport_introspection_c.h
[0.520s] -- Up-to-date: /home/farouk/ros2_ws/install/micro_ros_msgs/include/micro_ros_msgs/msg/detail/graph__rosidl_typesupport_introspection_c.h
[0.520s] -- Up-to-date: /home/farouk/ros2_ws/install/micro_ros_msgs/include/micro_ros_msgs/msg/detail/entity__type_support.c
[0.520s] -- Up-to-date: /home/farouk/ros2_ws/install/micro_ros_msgs/lib/libmicro_ros_msgs__rosidl_typesupport_introspection_c.so
[0.521s] -- Up-to-date: /home/farouk/ros2_ws/install/micro_ros_msgs/lib/libmicro_ros_msgs__rosidl_typesupport_c.so
[0.521s] -- Up-to-date: /home/farouk/ros2_ws/install/micro_ros_msgs/include/micro_ros_msgs
[0.521s] -- Up-to-date: /home/farouk/ros2_ws/install/micro_ros_msgs/include/micro_ros_msgs/msg
[0.521s] -- Up-to-date: /home/farouk/ros2_ws/install/micro_ros_msgs/include/micro_ros_msgs/msg/graph.hpp
[0.521s] -- Up-to-date: /home/farouk/ros2_ws/install/micro_ros_msgs/include/micro_ros_msgs/msg/rosidl_generator_cpp__visibility_control.hpp
[0.522s] -- Up-to-date: /home/farouk/ros2_ws/install/micro_ros_msgs/include/micro_ros_msgs/msg/entity.hpp
[0.522s] -- Up-to-date: /home/farouk/ros2_ws/install/micro_ros_msgs/include/micro_ros_msgs/msg/node.hpp
[0.522s] -- Up-to-date: /home/farouk/ros2_ws/install/micro_ros_msgs/include/micro_ros_msgs/msg/detail
[0.522s] -- Up-to-date: /home/farouk/ros2_ws/install/micro_ros_msgs/include/micro_ros_msgs/msg/detail/entity__traits.hpp
[0.522s] -- Up-to-date: /home/farouk/ros2_ws/install/micro_ros_msgs/include/micro_ros_msgs/msg/detail/graph__type_support.hpp
[0.522s] -- Up-to-date: /home/farouk/ros2_ws/install/micro_ros_msgs/include/micro_ros_msgs/msg/detail/entity__struct.hpp
[0.523s] -- Up-to-date: /home/farouk/ros2_ws/install/micro_ros_msgs/include/micro_ros_msgs/msg/detail/graph__traits.hpp
[0.523s] -- Up-to-date: /home/farouk/ros2_ws/install/micro_ros_msgs/include/micro_ros_msgs/msg/detail/entity__type_support.hpp
[0.523s] -- Up-to-date: /home/farouk/ros2_ws/install/micro_ros_msgs/include/micro_ros_msgs/msg/detail/node__type_support.hpp
[0.523s] -- Up-to-date: /home/farouk/ros2_ws/install/micro_ros_msgs/include/micro_ros_msgs/msg/detail/node__traits.hpp
[0.523s] -- Up-to-date: /home/farouk/ros2_ws/install/micro_ros_msgs/include/micro_ros_msgs/msg/detail/node__struct.hpp
[0.523s] -- Up-to-date: /home/farouk/ros2_ws/install/micro_ros_msgs/include/micro_ros_msgs/msg/detail/graph__struct.hpp
[0.523s] -- Up-to-date: /home/farouk/ros2_ws/install/micro_ros_msgs/include/micro_ros_msgs/msg/detail/graph__builder.hpp
[0.523s] -- Up-to-date: /home/farouk/ros2_ws/install/micro_ros_msgs/include/micro_ros_msgs/msg/detail/node__builder.hpp
[0.524s] -- Up-to-date: /home/farouk/ros2_ws/install/micro_ros_msgs/include/micro_ros_msgs/msg/detail/entity__builder.hpp
[0.524s] -- Up-to-date: /home/farouk/ros2_ws/install/micro_ros_msgs/include/micro_ros_msgs
[0.524s] -- Up-to-date: /home/farouk/ros2_ws/install/micro_ros_msgs/include/micro_ros_msgs/msg
[0.524s] -- Up-to-date: /home/farouk/ros2_ws/install/micro_ros_msgs/include/micro_ros_msgs/msg/detail
[0.524s] -- Up-to-date: /home/farouk/ros2_ws/install/micro_ros_msgs/include/micro_ros_msgs/msg/detail/node__type_support.cpp
[0.524s] -- Up-to-date: /home/farouk/ros2_ws/install/micro_ros_msgs/include/micro_ros_msgs/msg/detail/node__rosidl_typesupport_introspection_cpp.hpp
[0.524s] -- Up-to-date: /home/farouk/ros2_ws/install/micro_ros_msgs/include/micro_ros_msgs/msg/detail/entity__type_support.cpp
[0.525s] -- Up-to-date: /home/farouk/ros2_ws/install/micro_ros_msgs/include/micro_ros_msgs/msg/detail/graph__type_support.cpp
[0.525s] -- Up-to-date: /home/farouk/ros2_ws/install/micro_ros_msgs/include/micro_ros_msgs/msg/detail/entity__rosidl_typesupport_introspection_cpp.hpp
[0.525s] -- Up-to-date: /home/farouk/ros2_ws/install/micro_ros_msgs/include/micro_ros_msgs/msg/detail/graph__rosidl_typesupport_introspection_cpp.hpp
[0.526s] -- Up-to-date: /home/farouk/ros2_ws/install/micro_ros_msgs/lib/libmicro_ros_msgs__rosidl_typesupport_introspection_cpp.so
[0.526s] -- Up-to-date: /home/farouk/ros2_ws/install/micro_ros_msgs/lib/libmicro_ros_msgs__rosidl_typesupport_cpp.so
[0.526s] -- Up-to-date: /home/farouk/ros2_ws/install/micro_ros_msgs/share/micro_ros_msgs/environment/pythonpath.sh
[0.526s] -- Up-to-date: /home/farouk/ros2_ws/install/micro_ros_msgs/share/micro_ros_msgs/environment/pythonpath.dsv
[0.526s] -- Up-to-date: /home/farouk/ros2_ws/install/micro_ros_msgs/lib/python3.8/site-packages/micro_ros_msgs/__init__.py
[0.584s] -- Up-to-date: /home/farouk/ros2_ws/install/micro_ros_msgs/lib/python3.8/site-packages/micro_ros_msgs/msg
[0.584s] -- Up-to-date: /home/farouk/ros2_ws/install/micro_ros_msgs/lib/python3.8/site-packages/micro_ros_msgs/msg/_node_s.c
[0.584s] -- Up-to-date: /home/farouk/ros2_ws/install/micro_ros_msgs/lib/python3.8/site-packages/micro_ros_msgs/msg/_node.py
[0.585s] -- Up-to-date: /home/farouk/ros2_ws/install/micro_ros_msgs/lib/python3.8/site-packages/micro_ros_msgs/msg/_entity.py
[0.585s] -- Up-to-date: /home/farouk/ros2_ws/install/micro_ros_msgs/lib/python3.8/site-packages/micro_ros_msgs/msg/_graph_s.c
[0.585s] -- Up-to-date: /home/farouk/ros2_ws/install/micro_ros_msgs/lib/python3.8/site-packages/micro_ros_msgs/msg/__init__.py
[0.585s] -- Up-to-date: /home/farouk/ros2_ws/install/micro_ros_msgs/lib/python3.8/site-packages/micro_ros_msgs/msg/_graph.py
[0.585s] -- Up-to-date: /home/farouk/ros2_ws/install/micro_ros_msgs/lib/python3.8/site-packages/micro_ros_msgs/msg/_entity_s.c
[0.586s] -- Up-to-date: /home/farouk/ros2_ws/install/micro_ros_msgs/lib/python3.8/site-packages/micro_ros_msgs/micro_ros_msgs_s__rosidl_typesupport_fastrtps_c.cpython-38-x86_64-linux-gnu.so
[0.586s] -- Up-to-date: /home/farouk/ros2_ws/install/micro_ros_msgs/lib/python3.8/site-packages/micro_ros_msgs/micro_ros_msgs_s__rosidl_typesupport_introspection_c.cpython-38-x86_64-linux-gnu.so
[0.586s] -- Up-to-date: /home/farouk/ros2_ws/install/micro_ros_msgs/lib/python3.8/site-packages/micro_ros_msgs/micro_ros_msgs_s__rosidl_typesupport_c.cpython-38-x86_64-linux-gnu.so
[0.587s] -- Up-to-date: /home/farouk/ros2_ws/install/micro_ros_msgs/lib/libmicro_ros_msgs__python.so
[0.587s] -- Up-to-date: /home/farouk/ros2_ws/install/micro_ros_msgs/share/micro_ros_msgs/msg/Graph.idl
[0.587s] -- Up-to-date: /home/farouk/ros2_ws/install/micro_ros_msgs/share/micro_ros_msgs/msg/Node.idl
[0.587s] -- Up-to-date: /home/farouk/ros2_ws/install/micro_ros_msgs/share/micro_ros_msgs/msg/Entity.idl
[0.588s] -- Up-to-date: /home/farouk/ros2_ws/install/micro_ros_msgs/share/micro_ros_msgs/msg/Graph.msg
[0.588s] -- Up-to-date: /home/farouk/ros2_ws/install/micro_ros_msgs/share/micro_ros_msgs/msg/Node.msg
[0.588s] -- Up-to-date: /home/farouk/ros2_ws/install/micro_ros_msgs/share/micro_ros_msgs/msg/Entity.msg
[0.589s] -- Up-to-date: /home/farouk/ros2_ws/install/micro_ros_msgs/share/ament_index/resource_index/package_run_dependencies/micro_ros_msgs
[0.589s] -- Up-to-date: /home/farouk/ros2_ws/install/micro_ros_msgs/share/ament_index/resource_index/parent_prefix_path/micro_ros_msgs
[0.589s] -- Up-to-date: /home/farouk/ros2_ws/install/micro_ros_msgs/share/micro_ros_msgs/environment/ament_prefix_path.sh
[0.589s] -- Up-to-date: /home/farouk/ros2_ws/install/micro_ros_msgs/share/micro_ros_msgs/environment/ament_prefix_path.dsv
[0.590s] -- Up-to-date: /home/farouk/ros2_ws/install/micro_ros_msgs/share/micro_ros_msgs/environment/path.sh
[0.590s] -- Up-to-date: /home/farouk/ros2_ws/install/micro_ros_msgs/share/micro_ros_msgs/environment/path.dsv
[0.590s] -- Up-to-date: /home/farouk/ros2_ws/install/micro_ros_msgs/share/micro_ros_msgs/local_setup.bash
[0.591s] -- Up-to-date: /home/farouk/ros2_ws/install/micro_ros_msgs/share/micro_ros_msgs/local_setup.sh
[0.591s] -- Up-to-date: /home/farouk/ros2_ws/install/micro_ros_msgs/share/micro_ros_msgs/local_setup.zsh
[0.591s] -- Up-to-date: /home/farouk/ros2_ws/install/micro_ros_msgs/share/micro_ros_msgs/local_setup.dsv
[0.591s] -- Installing: /home/farouk/ros2_ws/install/micro_ros_msgs/share/micro_ros_msgs/package.dsv
[0.592s] -- Up-to-date: /home/farouk/ros2_ws/install/micro_ros_msgs/share/ament_index/resource_index/packages/micro_ros_msgs
[0.592s] -- Up-to-date: /home/farouk/ros2_ws/install/micro_ros_msgs/share/micro_ros_msgs/cmake/micro_ros_msgs__rosidl_generator_cExport.cmake
[0.592s] -- Up-to-date: /home/farouk/ros2_ws/install/micro_ros_msgs/share/micro_ros_msgs/cmake/micro_ros_msgs__rosidl_generator_cExport-noconfig.cmake
[0.592s] -- Up-to-date: /home/farouk/ros2_ws/install/micro_ros_msgs/share/micro_ros_msgs/cmake/micro_ros_msgs__rosidl_typesupport_introspection_cExport.cmake
[0.592s] -- Up-to-date: /home/farouk/ros2_ws/install/micro_ros_msgs/share/micro_ros_msgs/cmake/micro_ros_msgs__rosidl_typesupport_introspection_cExport-noconfig.cmake
[0.592s] -- Up-to-date: /home/farouk/ros2_ws/install/micro_ros_msgs/share/micro_ros_msgs/cmake/micro_ros_msgs__rosidl_typesupport_cExport.cmake
[0.593s] -- Up-to-date: /home/farouk/ros2_ws/install/micro_ros_msgs/share/micro_ros_msgs/cmake/micro_ros_msgs__rosidl_typesupport_cExport-noconfig.cmake
[0.593s] -- Up-to-date: /home/farouk/ros2_ws/install/micro_ros_msgs/share/micro_ros_msgs/cmake/micro_ros_msgs__rosidl_generator_cppExport.cmake
[0.609s] -- Up-to-date: /home/farouk/ros2_ws/install/micro_ros_msgs/share/micro_ros_msgs/cmake/micro_ros_msgs__rosidl_typesupport_introspection_cppExport.cmake
[0.609s] -- Up-to-date: /home/farouk/ros2_ws/install/micro_ros_msgs/share/micro_ros_msgs/cmake/micro_ros_msgs__rosidl_typesupport_introspection_cppExport-noconfig.cmake
[0.609s] -- Up-to-date: /home/farouk/ros2_ws/install/micro_ros_msgs/share/micro_ros_msgs/cmake/micro_ros_msgs__rosidl_typesupport_cppExport.cmake
[0.609s] -- Up-to-date: /home/farouk/ros2_ws/install/micro_ros_msgs/share/micro_ros_msgs/cmake/micro_ros_msgs__rosidl_typesupport_cppExport-noconfig.cmake
[0.610s] -- Up-to-date: /home/farouk/ros2_ws/install/micro_ros_msgs/share/micro_ros_msgs/cmake/rosidl_cmake-extras.cmake
[0.610s] -- Up-to-date: /home/farouk/ros2_ws/install/micro_ros_msgs/share/micro_ros_msgs/cmake/ament_cmake_export_dependencies-extras.cmake
[0.610s] -- Up-to-date: /home/farouk/ros2_ws/install/micro_ros_msgs/share/micro_ros_msgs/cmake/ament_cmake_export_libraries-extras.cmake
[0.610s] -- Up-to-date: /home/farouk/ros2_ws/install/micro_ros_msgs/share/micro_ros_msgs/cmake/ament_cmake_export_targets-extras.cmake
[0.610s] -- Up-to-date: /home/farouk/ros2_ws/install/micro_ros_msgs/share/micro_ros_msgs/cmake/ament_cmake_export_include_directories-extras.cmake
[0.610s] -- Up-to-date: /home/farouk/ros2_ws/install/micro_ros_msgs/share/micro_ros_msgs/cmake/rosidl_cmake_export_typesupport_libraries-extras.cmake
[0.610s] -- Up-to-date: /home/farouk/ros2_ws/install/micro_ros_msgs/share/micro_ros_msgs/cmake/rosidl_cmake_export_typesupport_targets-extras.cmake
[0.610s] -- Up-to-date: /home/farouk/ros2_ws/install/micro_ros_msgs/share/micro_ros_msgs/cmake/micro_ros_msgsConfig.cmake
[0.611s] -- Up-to-date: /home/farouk/ros2_ws/install/micro_ros_msgs/share/micro_ros_msgs/cmake/micro_ros_msgsConfig-version.cmake
[0.611s] -- Up-to-date: /home/farouk/ros2_ws/install/micro_ros_msgs/share/micro_ros_msgs/package.xml
[0.611s] Invoked command in '/home/farouk/ros2_ws/build/micro_ros_msgs' returned '0': CMAKE_PREFIX_PATH=${CMAKE_PREFIX_PATH}:/home/farouk/ros2_ws/install/robot_arm_bridge:/opt/ros/foxy /usr/local/bin/cmake --install /home/farouk/ros2_ws/build/micro_ros_msgs
