[0.041s] Invoking command in '/home/farouk/ros2_ws/build/micro_ros_msgs': CMAKE_PREFIX_PATH=/opt/ros/foxy /usr/local/bin/cmake --build /home/farouk/ros2_ws/build/micro_ros_msgs -- -j4 -l4
[0.465s] [ 10%] Built target micro_ros_msgs__rosidl_generator_c
[0.466s] [ 12%] Built target micro_ros_msgs__cpp
[0.467s] [ 23%] Built target micro_ros_msgs__rosidl_typesupport_introspection_c
[0.467s] [ 34%] Built target micro_ros_msgs__rosidl_typesupport_cpp
[0.468s] [ 44%] Built target micro_ros_msgs__rosidl_typesupport_c
[0.468s] [ 55%] Built target micro_ros_msgs__rosidl_typesupport_fastrtps_cpp
[0.468s] [ 65%] Built target micro_ros_msgs__rosidl_typesupport_introspection_cpp
[0.468s] [ 76%] Built target micro_ros_msgs__rosidl_typesupport_fastrtps_c
[0.469s] [ 76%] Built target micro_ros_msgs
[0.470s] [ 78%] Built target micro_ros_msgs__py
[0.471s] [ 87%] Built target micro_ros_msgs__python
[0.471s] [ 91%] Built target micro_ros_msgs__rosidl_typesupport_introspection_c__pyext
[0.471s] [ 95%] Built target micro_ros_msgs__rosidl_typesupport_fastrtps_c__pyext
[0.471s] [100%] Built target micro_ros_msgs__rosidl_typesupport_c__pyext
[0.478s] Invoked command in '/home/farouk/ros2_ws/build/micro_ros_msgs' returned '0': CMAKE_PREFIX_PATH=/opt/ros/foxy /usr/local/bin/cmake --build /home/farouk/ros2_ws/build/micro_ros_msgs -- -j4 -l4
[0.482s] Invoking command in '/home/farouk/ros2_ws/build/micro_ros_msgs': CMAKE_PREFIX_PATH=/opt/ros/foxy /usr/local/bin/cmake --install /home/farouk/ros2_ws/build/micro_ros_msgs
[0.496s] -- Install configuration: ""
[0.496s] -- Up-to-date: /home/farouk/ros2_ws/install/micro_ros_msgs/share/ament_index/resource_index/rosidl_interfaces/micro_ros_msgs
[0.496s] -- Up-to-date: /home/farouk/ros2_ws/install/micro_ros_msgs/include/micro_ros_msgs
[0.497s] -- Up-to-date: /home/farouk/ros2_ws/install/micro_ros_msgs/include/micro_ros_msgs/msg
[0.497s] -- Up-to-date: /home/farouk/ros2_ws/install/micro_ros_msgs/include/micro_ros_msgs/msg/detail
[0.497s] -- Up-to-date: /home/farouk/ros2_ws/install/micro_ros_msgs/include/micro_ros_msgs/msg/detail/graph__functions.h
[0.497s] -- Up-to-date: /home/farouk/ros2_ws/install/micro_ros_msgs/include/micro_ros_msgs/msg/detail/node__struct.h
[0.497s] -- Up-to-date: /home/farouk/ros2_ws/install/micro_ros_msgs/include/micro_ros_msgs/msg/detail/entity__functions.c
[0.498s] -- Up-to-date: /home/farouk/ros2_ws/install/micro_ros_msgs/include/micro_ros_msgs/msg/detail/entity__struct.h
[0.498s] -- Up-to-date: /home/farouk/ros2_ws/install/micro_ros_msgs/include/micro_ros_msgs/msg/detail/entity__type_support.h
[0.498s] -- Up-to-date: /home/farouk/ros2_ws/install/micro_ros_msgs/include/micro_ros_msgs/msg/detail/graph__type_support.h
[0.498s] -- Up-to-date: /home/farouk/ros2_ws/install/micro_ros_msgs/include/micro_ros_msgs/msg/detail/entity__functions.h
[0.498s] -- Up-to-date: /home/farouk/ros2_ws/install/micro_ros_msgs/include/micro_ros_msgs/msg/detail/node__type_support.h
[0.498s] -- Up-to-date: /home/farouk/ros2_ws/install/micro_ros_msgs/include/micro_ros_msgs/msg/detail/graph__functions.c
[0.498s] -- Up-to-date: /home/farouk/ros2_ws/install/micro_ros_msgs/include/micro_ros_msgs/msg/detail/node__functions.h
[0.498s] -- Up-to-date: /home/farouk/ros2_ws/install/micro_ros_msgs/include/micro_ros_msgs/msg/detail/graph__struct.h
[0.498s] -- Up-to-date: /home/farouk/ros2_ws/install/micro_ros_msgs/include/micro_ros_msgs/msg/detail/node__functions.c
[0.499s] -- Up-to-date: /home/farouk/ros2_ws/install/micro_ros_msgs/include/micro_ros_msgs/msg/entity.h
[0.499s] -- Up-to-date: /home/farouk/ros2_ws/install/micro_ros_msgs/include/micro_ros_msgs/msg/graph.h
[0.499s] -- Up-to-date: /home/farouk/ros2_ws/install/micro_ros_msgs/include/micro_ros_msgs/msg/node.h
[0.499s] -- Up-to-date: /home/farouk/ros2_ws/install/micro_ros_msgs/include/micro_ros_msgs/msg/rosidl_generator_c__visibility_control.h
[0.499s] -- Up-to-date: /home/farouk/ros2_ws/install/micro_ros_msgs/share/micro_ros_msgs/environment/library_path.sh
[0.499s] -- Up-to-date: /home/farouk/ros2_ws/install/micro_ros_msgs/share/micro_ros_msgs/environment/library_path.dsv
[0.500s] -- Up-to-date: /home/farouk/ros2_ws/install/micro_ros_msgs/lib/libmicro_ros_msgs__rosidl_generator_c.so
[0.500s] -- Up-to-date: /home/farouk/ros2_ws/install/micro_ros_msgs/include/micro_ros_msgs
[0.500s] -- Up-to-date: /home/farouk/ros2_ws/install/micro_ros_msgs/include/micro_ros_msgs/msg
[0.500s] -- Up-to-date: /home/farouk/ros2_ws/install/micro_ros_msgs/include/micro_ros_msgs/msg/rosidl_typesupport_fastrtps_c__visibility_control.h
[0.500s] -- Up-to-date: /home/farouk/ros2_ws/install/micro_ros_msgs/include/micro_ros_msgs/msg/detail
[0.501s] -- Up-to-date: /home/farouk/ros2_ws/install/micro_ros_msgs/include/micro_ros_msgs/msg/detail/graph__rosidl_typesupport_fastrtps_c.h
[0.501s] -- Up-to-date: /home/farouk/ros2_ws/install/micro_ros_msgs/include/micro_ros_msgs/msg/detail/entity__rosidl_typesupport_fastrtps_c.h
[0.501s] -- Up-to-date: /home/farouk/ros2_ws/install/micro_ros_msgs/include/micro_ros_msgs/msg/detail/node__rosidl_typesupport_fastrtps_c.h
[0.501s] -- Up-to-date: /home/farouk/ros2_ws/install/micro_ros_msgs/lib/libmicro_ros_msgs__rosidl_typesupport_fastrtps_c.so
[0.501s] -- Up-to-date: /home/farouk/ros2_ws/install/micro_ros_msgs/include/micro_ros_msgs
[0.501s] -- Up-to-date: /home/farouk/ros2_ws/install/micro_ros_msgs/include/micro_ros_msgs/msg
[0.502s] -- Up-to-date: /home/farouk/ros2_ws/install/micro_ros_msgs/include/micro_ros_msgs/msg/rosidl_typesupport_fastrtps_cpp__visibility_control.h
[0.502s] -- Up-to-date: /home/farouk/ros2_ws/install/micro_ros_msgs/include/micro_ros_msgs/msg/detail
[0.502s] -- Up-to-date: /home/farouk/ros2_ws/install/micro_ros_msgs/include/micro_ros_msgs/msg/detail/dds_fastrtps
[0.502s] -- Up-to-date: /home/farouk/ros2_ws/install/micro_ros_msgs/include/micro_ros_msgs/msg/detail/graph__rosidl_typesupport_fastrtps_cpp.hpp
[0.502s] -- Up-to-date: /home/farouk/ros2_ws/install/micro_ros_msgs/include/micro_ros_msgs/msg/detail/node__rosidl_typesupport_fastrtps_cpp.hpp
[0.502s] -- Up-to-date: /home/farouk/ros2_ws/install/micro_ros_msgs/include/micro_ros_msgs/msg/detail/entity__rosidl_typesupport_fastrtps_cpp.hpp
[0.502s] -- Up-to-date: /home/farouk/ros2_ws/install/micro_ros_msgs/lib/libmicro_ros_msgs__rosidl_typesupport_fastrtps_cpp.so
[0.502s] -- Up-to-date: /home/farouk/ros2_ws/install/micro_ros_msgs/include/micro_ros_msgs
[0.503s] -- Up-to-date: /home/farouk/ros2_ws/install/micro_ros_msgs/include/micro_ros_msgs/msg
[0.503s] -- Up-to-date: /home/farouk/ros2_ws/install/micro_ros_msgs/include/micro_ros_msgs/msg/rosidl_typesupport_introspection_c__visibility_control.h
[0.503s] -- Up-to-date: /home/farouk/ros2_ws/install/micro_ros_msgs/include/micro_ros_msgs/msg/detail
[0.503s] -- Up-to-date: /home/farouk/ros2_ws/install/micro_ros_msgs/include/micro_ros_msgs/msg/detail/entity__rosidl_typesupport_introspection_c.h
[0.503s] -- Up-to-date: /home/farouk/ros2_ws/install/micro_ros_msgs/include/micro_ros_msgs/msg/detail/node__type_support.c
[0.503s] -- Up-to-date: /home/farouk/ros2_ws/install/micro_ros_msgs/include/micro_ros_msgs/msg/detail/graph__type_support.c
[0.503s] -- Up-to-date: /home/farouk/ros2_ws/install/micro_ros_msgs/include/micro_ros_msgs/msg/detail/node__rosidl_typesupport_introspection_c.h
[0.505s] -- Up-to-date: /home/farouk/ros2_ws/install/micro_ros_msgs/include/micro_ros_msgs/msg/detail/graph__rosidl_typesupport_introspection_c.h
[0.505s] -- Up-to-date: /home/farouk/ros2_ws/install/micro_ros_msgs/include/micro_ros_msgs/msg/detail/entity__type_support.c
[0.506s] -- Up-to-date: /home/farouk/ros2_ws/install/micro_ros_msgs/lib/libmicro_ros_msgs__rosidl_typesupport_introspection_c.so
[0.512s] -- Up-to-date: /home/farouk/ros2_ws/install/micro_ros_msgs/lib/libmicro_ros_msgs__rosidl_typesupport_c.so
[0.512s] -- Up-to-date: /home/farouk/ros2_ws/install/micro_ros_msgs/include/micro_ros_msgs
[0.513s] -- Up-to-date: /home/farouk/ros2_ws/install/micro_ros_msgs/include/micro_ros_msgs/msg
[0.513s] -- Up-to-date: /home/farouk/ros2_ws/install/micro_ros_msgs/include/micro_ros_msgs/msg/graph.hpp
[0.513s] -- Up-to-date: /home/farouk/ros2_ws/install/micro_ros_msgs/include/micro_ros_msgs/msg/rosidl_generator_cpp__visibility_control.hpp
[0.513s] -- Up-to-date: /home/farouk/ros2_ws/install/micro_ros_msgs/include/micro_ros_msgs/msg/entity.hpp
[0.513s] -- Up-to-date: /home/farouk/ros2_ws/install/micro_ros_msgs/include/micro_ros_msgs/msg/node.hpp
[0.514s] -- Up-to-date: /home/farouk/ros2_ws/install/micro_ros_msgs/include/micro_ros_msgs/msg/detail
[0.514s] -- Up-to-date: /home/farouk/ros2_ws/install/micro_ros_msgs/include/micro_ros_msgs/msg/detail/entity__traits.hpp
[0.514s] -- Up-to-date: /home/farouk/ros2_ws/install/micro_ros_msgs/include/micro_ros_msgs/msg/detail/graph__type_support.hpp
[0.514s] -- Up-to-date: /home/farouk/ros2_ws/install/micro_ros_msgs/include/micro_ros_msgs/msg/detail/entity__struct.hpp
[0.515s] -- Up-to-date: /home/farouk/ros2_ws/install/micro_ros_msgs/include/micro_ros_msgs/msg/detail/graph__traits.hpp
[0.515s] -- Up-to-date: /home/farouk/ros2_ws/install/micro_ros_msgs/include/micro_ros_msgs/msg/detail/entity__type_support.hpp
[0.515s] -- Up-to-date: /home/farouk/ros2_ws/install/micro_ros_msgs/include/micro_ros_msgs/msg/detail/node__type_support.hpp
[0.515s] -- Up-to-date: /home/farouk/ros2_ws/install/micro_ros_msgs/include/micro_ros_msgs/msg/detail/node__traits.hpp
[0.515s] -- Up-to-date: /home/farouk/ros2_ws/install/micro_ros_msgs/include/micro_ros_msgs/msg/detail/node__struct.hpp
[0.515s] -- Up-to-date: /home/farouk/ros2_ws/install/micro_ros_msgs/include/micro_ros_msgs/msg/detail/graph__struct.hpp
[0.515s] -- Up-to-date: /home/farouk/ros2_ws/install/micro_ros_msgs/include/micro_ros_msgs/msg/detail/graph__builder.hpp
[0.515s] -- Up-to-date: /home/farouk/ros2_ws/install/micro_ros_msgs/include/micro_ros_msgs/msg/detail/node__builder.hpp
[0.516s] -- Up-to-date: /home/farouk/ros2_ws/install/micro_ros_msgs/include/micro_ros_msgs/msg/detail/entity__builder.hpp
[0.516s] -- Up-to-date: /home/farouk/ros2_ws/install/micro_ros_msgs/include/micro_ros_msgs
[0.516s] -- Up-to-date: /home/farouk/ros2_ws/install/micro_ros_msgs/include/micro_ros_msgs/msg
[0.516s] -- Up-to-date: /home/farouk/ros2_ws/install/micro_ros_msgs/include/micro_ros_msgs/msg/detail
[0.516s] -- Up-to-date: /home/farouk/ros2_ws/install/micro_ros_msgs/include/micro_ros_msgs/msg/detail/node__type_support.cpp
[0.516s] -- Up-to-date: /home/farouk/ros2_ws/install/micro_ros_msgs/include/micro_ros_msgs/msg/detail/node__rosidl_typesupport_introspection_cpp.hpp
[0.517s] -- Up-to-date: /home/farouk/ros2_ws/install/micro_ros_msgs/include/micro_ros_msgs/msg/detail/entity__type_support.cpp
[0.517s] -- Up-to-date: /home/farouk/ros2_ws/install/micro_ros_msgs/include/micro_ros_msgs/msg/detail/graph__type_support.cpp
[0.517s] -- Up-to-date: /home/farouk/ros2_ws/install/micro_ros_msgs/include/micro_ros_msgs/msg/detail/entity__rosidl_typesupport_introspection_cpp.hpp
[0.517s] -- Up-to-date: /home/farouk/ros2_ws/install/micro_ros_msgs/include/micro_ros_msgs/msg/detail/graph__rosidl_typesupport_introspection_cpp.hpp
[0.517s] -- Up-to-date: /home/farouk/ros2_ws/install/micro_ros_msgs/lib/libmicro_ros_msgs__rosidl_typesupport_introspection_cpp.so
[0.517s] -- Up-to-date: /home/farouk/ros2_ws/install/micro_ros_msgs/lib/libmicro_ros_msgs__rosidl_typesupport_cpp.so
[0.517s] -- Up-to-date: /home/farouk/ros2_ws/install/micro_ros_msgs/share/micro_ros_msgs/environment/pythonpath.sh
[0.517s] -- Up-to-date: /home/farouk/ros2_ws/install/micro_ros_msgs/share/micro_ros_msgs/environment/pythonpath.dsv
[0.518s] -- Up-to-date: /home/farouk/ros2_ws/install/micro_ros_msgs/lib/python3.8/site-packages/micro_ros_msgs/__init__.py
[0.554s] -- Up-to-date: /home/farouk/ros2_ws/install/micro_ros_msgs/lib/python3.8/site-packages/micro_ros_msgs/msg
[0.554s] -- Up-to-date: /home/farouk/ros2_ws/install/micro_ros_msgs/lib/python3.8/site-packages/micro_ros_msgs/msg/_node_s.c
[0.554s] -- Up-to-date: /home/farouk/ros2_ws/install/micro_ros_msgs/lib/python3.8/site-packages/micro_ros_msgs/msg/_node.py
[0.554s] -- Up-to-date: /home/farouk/ros2_ws/install/micro_ros_msgs/lib/python3.8/site-packages/micro_ros_msgs/msg/_entity.py
[0.554s] -- Up-to-date: /home/farouk/ros2_ws/install/micro_ros_msgs/lib/python3.8/site-packages/micro_ros_msgs/msg/_graph_s.c
[0.555s] -- Up-to-date: /home/farouk/ros2_ws/install/micro_ros_msgs/lib/python3.8/site-packages/micro_ros_msgs/msg/__init__.py
[0.555s] -- Up-to-date: /home/farouk/ros2_ws/install/micro_ros_msgs/lib/python3.8/site-packages/micro_ros_msgs/msg/_graph.py
[0.555s] -- Up-to-date: /home/farouk/ros2_ws/install/micro_ros_msgs/lib/python3.8/site-packages/micro_ros_msgs/msg/_entity_s.c
[0.555s] -- Up-to-date: /home/farouk/ros2_ws/install/micro_ros_msgs/lib/python3.8/site-packages/micro_ros_msgs/micro_ros_msgs_s__rosidl_typesupport_fastrtps_c.cpython-38-x86_64-linux-gnu.so
[0.555s] -- Up-to-date: /home/farouk/ros2_ws/install/micro_ros_msgs/lib/python3.8/site-packages/micro_ros_msgs/micro_ros_msgs_s__rosidl_typesupport_introspection_c.cpython-38-x86_64-linux-gnu.so
[0.555s] -- Up-to-date: /home/farouk/ros2_ws/install/micro_ros_msgs/lib/python3.8/site-packages/micro_ros_msgs/micro_ros_msgs_s__rosidl_typesupport_c.cpython-38-x86_64-linux-gnu.so
[0.556s] -- Up-to-date: /home/farouk/ros2_ws/install/micro_ros_msgs/lib/libmicro_ros_msgs__python.so
[0.556s] -- Up-to-date: /home/farouk/ros2_ws/install/micro_ros_msgs/share/micro_ros_msgs/msg/Graph.idl
[0.556s] -- Up-to-date: /home/farouk/ros2_ws/install/micro_ros_msgs/share/micro_ros_msgs/msg/Node.idl
[0.556s] -- Up-to-date: /home/farouk/ros2_ws/install/micro_ros_msgs/share/micro_ros_msgs/msg/Entity.idl
[0.557s] -- Up-to-date: /home/farouk/ros2_ws/install/micro_ros_msgs/share/micro_ros_msgs/msg/Graph.msg
[0.557s] -- Up-to-date: /home/farouk/ros2_ws/install/micro_ros_msgs/share/micro_ros_msgs/msg/Node.msg
[0.557s] -- Up-to-date: /home/farouk/ros2_ws/install/micro_ros_msgs/share/micro_ros_msgs/msg/Entity.msg
[0.557s] -- Up-to-date: /home/farouk/ros2_ws/install/micro_ros_msgs/share/ament_index/resource_index/package_run_dependencies/micro_ros_msgs
[0.557s] -- Up-to-date: /home/farouk/ros2_ws/install/micro_ros_msgs/share/ament_index/resource_index/parent_prefix_path/micro_ros_msgs
[0.557s] -- Up-to-date: /home/farouk/ros2_ws/install/micro_ros_msgs/share/micro_ros_msgs/environment/ament_prefix_path.sh
[0.558s] -- Up-to-date: /home/farouk/ros2_ws/install/micro_ros_msgs/share/micro_ros_msgs/environment/ament_prefix_path.dsv
[0.558s] -- Up-to-date: /home/farouk/ros2_ws/install/micro_ros_msgs/share/micro_ros_msgs/environment/path.sh
[0.558s] -- Up-to-date: /home/farouk/ros2_ws/install/micro_ros_msgs/share/micro_ros_msgs/environment/path.dsv
[0.558s] -- Up-to-date: /home/farouk/ros2_ws/install/micro_ros_msgs/share/micro_ros_msgs/local_setup.bash
[0.558s] -- Up-to-date: /home/farouk/ros2_ws/install/micro_ros_msgs/share/micro_ros_msgs/local_setup.sh
[0.558s] -- Up-to-date: /home/farouk/ros2_ws/install/micro_ros_msgs/share/micro_ros_msgs/local_setup.zsh
[0.558s] -- Up-to-date: /home/farouk/ros2_ws/install/micro_ros_msgs/share/micro_ros_msgs/local_setup.dsv
[0.559s] -- Installing: /home/farouk/ros2_ws/install/micro_ros_msgs/share/micro_ros_msgs/package.dsv
[0.559s] -- Up-to-date: /home/farouk/ros2_ws/install/micro_ros_msgs/share/ament_index/resource_index/packages/micro_ros_msgs
[0.561s] -- Up-to-date: /home/farouk/ros2_ws/install/micro_ros_msgs/share/micro_ros_msgs/cmake/micro_ros_msgs__rosidl_generator_cExport.cmake
[0.562s] -- Up-to-date: /home/farouk/ros2_ws/install/micro_ros_msgs/share/micro_ros_msgs/cmake/micro_ros_msgs__rosidl_generator_cExport-noconfig.cmake
[0.562s] -- Up-to-date: /home/farouk/ros2_ws/install/micro_ros_msgs/share/micro_ros_msgs/cmake/micro_ros_msgs__rosidl_typesupport_introspection_cExport.cmake
[0.562s] -- Up-to-date: /home/farouk/ros2_ws/install/micro_ros_msgs/share/micro_ros_msgs/cmake/micro_ros_msgs__rosidl_typesupport_introspection_cExport-noconfig.cmake
[0.562s] -- Up-to-date: /home/farouk/ros2_ws/install/micro_ros_msgs/share/micro_ros_msgs/cmake/micro_ros_msgs__rosidl_typesupport_cExport.cmake
[0.563s] -- Up-to-date: /home/farouk/ros2_ws/install/micro_ros_msgs/share/micro_ros_msgs/cmake/micro_ros_msgs__rosidl_typesupport_cExport-noconfig.cmake
[0.563s] -- Up-to-date: /home/farouk/ros2_ws/install/micro_ros_msgs/share/micro_ros_msgs/cmake/micro_ros_msgs__rosidl_generator_cppExport.cmake
[0.563s] -- Up-to-date: /home/farouk/ros2_ws/install/micro_ros_msgs/share/micro_ros_msgs/cmake/micro_ros_msgs__rosidl_typesupport_introspection_cppExport.cmake
[0.563s] -- Up-to-date: /home/farouk/ros2_ws/install/micro_ros_msgs/share/micro_ros_msgs/cmake/micro_ros_msgs__rosidl_typesupport_introspection_cppExport-noconfig.cmake
[0.563s] -- Up-to-date: /home/farouk/ros2_ws/install/micro_ros_msgs/share/micro_ros_msgs/cmake/micro_ros_msgs__rosidl_typesupport_cppExport.cmake
[0.564s] -- Up-to-date: /home/farouk/ros2_ws/install/micro_ros_msgs/share/micro_ros_msgs/cmake/micro_ros_msgs__rosidl_typesupport_cppExport-noconfig.cmake
[0.564s] -- Up-to-date: /home/farouk/ros2_ws/install/micro_ros_msgs/share/micro_ros_msgs/cmake/rosidl_cmake-extras.cmake
[0.564s] -- Up-to-date: /home/farouk/ros2_ws/install/micro_ros_msgs/share/micro_ros_msgs/cmake/ament_cmake_export_dependencies-extras.cmake
[0.564s] -- Up-to-date: /home/farouk/ros2_ws/install/micro_ros_msgs/share/micro_ros_msgs/cmake/ament_cmake_export_libraries-extras.cmake
[0.564s] -- Up-to-date: /home/farouk/ros2_ws/install/micro_ros_msgs/share/micro_ros_msgs/cmake/ament_cmake_export_targets-extras.cmake
[0.565s] -- Up-to-date: /home/farouk/ros2_ws/install/micro_ros_msgs/share/micro_ros_msgs/cmake/ament_cmake_export_include_directories-extras.cmake
[0.565s] -- Up-to-date: /home/farouk/ros2_ws/install/micro_ros_msgs/share/micro_ros_msgs/cmake/rosidl_cmake_export_typesupport_libraries-extras.cmake
[0.565s] -- Up-to-date: /home/farouk/ros2_ws/install/micro_ros_msgs/share/micro_ros_msgs/cmake/rosidl_cmake_export_typesupport_targets-extras.cmake
[0.565s] -- Up-to-date: /home/farouk/ros2_ws/install/micro_ros_msgs/share/micro_ros_msgs/cmake/micro_ros_msgsConfig.cmake
[0.565s] -- Up-to-date: /home/farouk/ros2_ws/install/micro_ros_msgs/share/micro_ros_msgs/cmake/micro_ros_msgsConfig-version.cmake
[0.567s] -- Up-to-date: /home/farouk/ros2_ws/install/micro_ros_msgs/share/micro_ros_msgs/package.xml
[0.567s] Invoked command in '/home/farouk/ros2_ws/build/micro_ros_msgs' returned '0': CMAKE_PREFIX_PATH=/opt/ros/foxy /usr/local/bin/cmake --install /home/farouk/ros2_ws/build/micro_ros_msgs
