[0.352s] DEBUG:colcon:Command line arguments: ['/usr/bin/colcon', 'build']
[0.352s] DEBUG:colcon:Parsed command line arguments: Namespace(allow_overriding=[], ament_cmake_args=None, base_paths=['.'], build_base='build', catkin_cmake_args=None, catkin_skip_building_tests=False, cmake_args=None, cmake_clean_cache=False, cmake_clean_first=False, cmake_force_configure=False, cmake_target=None, cmake_target_skip_unavailable=False, continue_on_error=False, event_handlers=None, executor='parallel', ignore_user_meta=False, install_base='install', log_base=None, log_level=None, main=<bound method BuildVerb.main of <colcon_core.verb.build.BuildVerb object at 0x7f4a1f870b80>>, merge_install=False, metas=['./colcon.meta'], packages_above=None, packages_above_and_dependencies=None, packages_above_depth=None, packages_end=None, packages_ignore=None, packages_ignore_regex=None, packages_select=None, packages_select_build_failed=False, packages_select_by_dep=None, packages_select_regex=None, packages_select_test_failures=False, packages_skip=None, packages_skip_build_finished=False, packages_skip_by_dep=None, packages_skip_regex=None, packages_skip_test_passed=False, packages_skip_up_to=None, packages_start=None, packages_up_to=None, packages_up_to_regex=None, parallel_workers=4, paths=None, symlink_install=False, test_result_base=None, verb_extension=<colcon_core.verb.build.BuildVerb object at 0x7f4a1f870b80>, verb_name='build', verb_parser=<colcon_defaults.argument_parser.defaults.DefaultArgumentsDecorator object at 0x7f4a1f803040>)
[0.620s] Level 1:colcon.colcon_core.package_discovery:discover_packages(colcon_meta) check parameters
[0.620s] Level 1:colcon.colcon_core.package_discovery:discover_packages(recursive) check parameters
[0.621s] Level 1:colcon.colcon_core.package_discovery:discover_packages(ignore) check parameters
[0.621s] Level 1:colcon.colcon_core.package_discovery:discover_packages(path) check parameters
[0.621s] Level 1:colcon.colcon_core.package_discovery:discover_packages(colcon_meta) discover
[0.621s] Level 1:colcon.colcon_core.package_discovery:discover_packages(recursive) discover
[0.621s] INFO:colcon.colcon_core.package_discovery:Crawling recursively for packages in '/home/farouk/ros2_ws'
[0.621s] Level 1:colcon.colcon_core.package_identification:_identify(.) by extensions ['ignore', 'ignore_ament_install']
[0.621s] Level 1:colcon.colcon_core.package_identification:_identify(.) by extension 'ignore'
[0.621s] Level 1:colcon.colcon_core.package_identification:_identify(.) by extension 'ignore_ament_install'
[0.621s] Level 1:colcon.colcon_core.package_identification:_identify(.) by extensions ['colcon_pkg']
[0.621s] Level 1:colcon.colcon_core.package_identification:_identify(.) by extension 'colcon_pkg'
[0.621s] Level 1:colcon.colcon_core.package_identification:_identify(.) by extensions ['colcon_meta']
[0.621s] Level 1:colcon.colcon_core.package_identification:_identify(.) by extension 'colcon_meta'
[0.621s] Level 1:colcon.colcon_core.package_identification:_identify(.) by extensions ['ros']
[0.621s] Level 1:colcon.colcon_core.package_identification:_identify(.) by extension 'ros'
[0.641s] Level 1:colcon.colcon_core.package_identification:_identify(.) by extensions ['cmake', 'python']
[0.641s] Level 1:colcon.colcon_core.package_identification:_identify(.) by extension 'cmake'
[0.641s] Level 1:colcon.colcon_core.package_identification:_identify(.) by extension 'python'
[0.641s] Level 1:colcon.colcon_core.package_identification:_identify(.) by extensions ['python_setup_py']
[0.641s] Level 1:colcon.colcon_core.package_identification:_identify(.) by extension 'python_setup_py'
[0.641s] Level 1:colcon.colcon_core.package_identification:_identify(build) by extensions ['ignore', 'ignore_ament_install']
[0.642s] Level 1:colcon.colcon_core.package_identification:_identify(build) by extension 'ignore'
[0.642s] Level 1:colcon.colcon_core.package_identification:_identify(build) ignored
[0.642s] Level 1:colcon.colcon_core.package_identification:_identify(install) by extensions ['ignore', 'ignore_ament_install']
[0.642s] Level 1:colcon.colcon_core.package_identification:_identify(install) by extension 'ignore'
[0.642s] Level 1:colcon.colcon_core.package_identification:_identify(install) ignored
[0.642s] Level 1:colcon.colcon_core.package_identification:_identify(log) by extensions ['ignore', 'ignore_ament_install']
[0.642s] Level 1:colcon.colcon_core.package_identification:_identify(log) by extension 'ignore'
[0.642s] Level 1:colcon.colcon_core.package_identification:_identify(log) ignored
[0.643s] Level 1:colcon.colcon_core.package_identification:_identify(src) by extensions ['ignore', 'ignore_ament_install']
[0.643s] Level 1:colcon.colcon_core.package_identification:_identify(src) by extension 'ignore'
[0.643s] Level 1:colcon.colcon_core.package_identification:_identify(src) by extension 'ignore_ament_install'
[0.643s] Level 1:colcon.colcon_core.package_identification:_identify(src) by extensions ['colcon_pkg']
[0.643s] Level 1:colcon.colcon_core.package_identification:_identify(src) by extension 'colcon_pkg'
[0.643s] Level 1:colcon.colcon_core.package_identification:_identify(src) by extensions ['colcon_meta']
[0.643s] Level 1:colcon.colcon_core.package_identification:_identify(src) by extension 'colcon_meta'
[0.643s] Level 1:colcon.colcon_core.package_identification:_identify(src) by extensions ['ros']
[0.643s] Level 1:colcon.colcon_core.package_identification:_identify(src) by extension 'ros'
[0.643s] Level 1:colcon.colcon_core.package_identification:_identify(src) by extensions ['cmake', 'python']
[0.643s] Level 1:colcon.colcon_core.package_identification:_identify(src) by extension 'cmake'
[0.643s] Level 1:colcon.colcon_core.package_identification:_identify(src) by extension 'python'
[0.643s] Level 1:colcon.colcon_core.package_identification:_identify(src) by extensions ['python_setup_py']
[0.644s] Level 1:colcon.colcon_core.package_identification:_identify(src) by extension 'python_setup_py'
[0.644s] Level 1:colcon.colcon_core.package_identification:_identify(src/micro-ROS-Agent) by extensions ['ignore', 'ignore_ament_install']
[0.644s] Level 1:colcon.colcon_core.package_identification:_identify(src/micro-ROS-Agent) by extension 'ignore'
[0.644s] Level 1:colcon.colcon_core.package_identification:_identify(src/micro-ROS-Agent) by extension 'ignore_ament_install'
[0.644s] Level 1:colcon.colcon_core.package_identification:_identify(src/micro-ROS-Agent) by extensions ['colcon_pkg']
[0.644s] Level 1:colcon.colcon_core.package_identification:_identify(src/micro-ROS-Agent) by extension 'colcon_pkg'
[0.644s] Level 1:colcon.colcon_core.package_identification:_identify(src/micro-ROS-Agent) by extensions ['colcon_meta']
[0.644s] Level 1:colcon.colcon_core.package_identification:_identify(src/micro-ROS-Agent) by extension 'colcon_meta'
[0.644s] Level 1:colcon.colcon_core.package_identification:_identify(src/micro-ROS-Agent) by extensions ['ros']
[0.644s] Level 1:colcon.colcon_core.package_identification:_identify(src/micro-ROS-Agent) by extension 'ros'
[0.644s] Level 1:colcon.colcon_core.package_identification:_identify(src/micro-ROS-Agent) by extensions ['cmake', 'python']
[0.645s] Level 1:colcon.colcon_core.package_identification:_identify(src/micro-ROS-Agent) by extension 'cmake'
[0.645s] Level 1:colcon.colcon_core.package_identification:_identify(src/micro-ROS-Agent) by extension 'python'
[0.645s] Level 1:colcon.colcon_core.package_identification:_identify(src/micro-ROS-Agent) by extensions ['python_setup_py']
[0.645s] Level 1:colcon.colcon_core.package_identification:_identify(src/micro-ROS-Agent) by extension 'python_setup_py'
[0.645s] Level 1:colcon.colcon_core.package_identification:_identify(src/micro-ROS-Agent/micro_ros_agent) by extensions ['ignore', 'ignore_ament_install']
[0.645s] Level 1:colcon.colcon_core.package_identification:_identify(src/micro-ROS-Agent/micro_ros_agent) by extension 'ignore'
[0.645s] Level 1:colcon.colcon_core.package_identification:_identify(src/micro-ROS-Agent/micro_ros_agent) by extension 'ignore_ament_install'
[0.645s] Level 1:colcon.colcon_core.package_identification:_identify(src/micro-ROS-Agent/micro_ros_agent) by extensions ['colcon_pkg']
[0.645s] Level 1:colcon.colcon_core.package_identification:_identify(src/micro-ROS-Agent/micro_ros_agent) by extension 'colcon_pkg'
[0.645s] Level 1:colcon.colcon_core.package_identification:_identify(src/micro-ROS-Agent/micro_ros_agent) by extensions ['colcon_meta']
[0.645s] Level 1:colcon.colcon_core.package_identification:_identify(src/micro-ROS-Agent/micro_ros_agent) by extension 'colcon_meta'
[0.645s] Level 1:colcon.colcon_core.package_identification:_identify(src/micro-ROS-Agent/micro_ros_agent) by extensions ['ros']
[0.646s] Level 1:colcon.colcon_core.package_identification:_identify(src/micro-ROS-Agent/micro_ros_agent) by extension 'ros'
[0.650s] DEBUG:colcon.colcon_core.package_identification:Package 'src/micro-ROS-Agent/micro_ros_agent' with type 'ros.ament_cmake' and name 'micro_ros_agent'
[0.650s] Level 1:colcon.colcon_core.package_identification:_identify(src/micro-ROS-Agent/snap) by extensions ['ignore', 'ignore_ament_install']
[0.650s] Level 1:colcon.colcon_core.package_identification:_identify(src/micro-ROS-Agent/snap) by extension 'ignore'
[0.650s] Level 1:colcon.colcon_core.package_identification:_identify(src/micro-ROS-Agent/snap) by extension 'ignore_ament_install'
[0.651s] Level 1:colcon.colcon_core.package_identification:_identify(src/micro-ROS-Agent/snap) by extensions ['colcon_pkg']
[0.651s] Level 1:colcon.colcon_core.package_identification:_identify(src/micro-ROS-Agent/snap) by extension 'colcon_pkg'
[0.651s] Level 1:colcon.colcon_core.package_identification:_identify(src/micro-ROS-Agent/snap) by extensions ['colcon_meta']
[0.651s] Level 1:colcon.colcon_core.package_identification:_identify(src/micro-ROS-Agent/snap) by extension 'colcon_meta'
[0.651s] Level 1:colcon.colcon_core.package_identification:_identify(src/micro-ROS-Agent/snap) by extensions ['ros']
[0.651s] Level 1:colcon.colcon_core.package_identification:_identify(src/micro-ROS-Agent/snap) by extension 'ros'
[0.651s] Level 1:colcon.colcon_core.package_identification:_identify(src/micro-ROS-Agent/snap) by extensions ['cmake', 'python']
[0.651s] Level 1:colcon.colcon_core.package_identification:_identify(src/micro-ROS-Agent/snap) by extension 'cmake'
[0.651s] Level 1:colcon.colcon_core.package_identification:_identify(src/micro-ROS-Agent/snap) by extension 'python'
[0.651s] Level 1:colcon.colcon_core.package_identification:_identify(src/micro-ROS-Agent/snap) by extensions ['python_setup_py']
[0.651s] Level 1:colcon.colcon_core.package_identification:_identify(src/micro-ROS-Agent/snap) by extension 'python_setup_py'
[0.652s] Level 1:colcon.colcon_core.package_identification:_identify(src/micro-ROS-Agent/snap/hooks) by extensions ['ignore', 'ignore_ament_install']
[0.652s] Level 1:colcon.colcon_core.package_identification:_identify(src/micro-ROS-Agent/snap/hooks) by extension 'ignore'
[0.652s] Level 1:colcon.colcon_core.package_identification:_identify(src/micro-ROS-Agent/snap/hooks) by extension 'ignore_ament_install'
[0.652s] Level 1:colcon.colcon_core.package_identification:_identify(src/micro-ROS-Agent/snap/hooks) by extensions ['colcon_pkg']
[0.652s] Level 1:colcon.colcon_core.package_identification:_identify(src/micro-ROS-Agent/snap/hooks) by extension 'colcon_pkg'
[0.652s] Level 1:colcon.colcon_core.package_identification:_identify(src/micro-ROS-Agent/snap/hooks) by extensions ['colcon_meta']
[0.652s] Level 1:colcon.colcon_core.package_identification:_identify(src/micro-ROS-Agent/snap/hooks) by extension 'colcon_meta'
[0.652s] Level 1:colcon.colcon_core.package_identification:_identify(src/micro-ROS-Agent/snap/hooks) by extensions ['ros']
[0.652s] Level 1:colcon.colcon_core.package_identification:_identify(src/micro-ROS-Agent/snap/hooks) by extension 'ros'
[0.652s] Level 1:colcon.colcon_core.package_identification:_identify(src/micro-ROS-Agent/snap/hooks) by extensions ['cmake', 'python']
[0.652s] Level 1:colcon.colcon_core.package_identification:_identify(src/micro-ROS-Agent/snap/hooks) by extension 'cmake'
[0.652s] Level 1:colcon.colcon_core.package_identification:_identify(src/micro-ROS-Agent/snap/hooks) by extension 'python'
[0.652s] Level 1:colcon.colcon_core.package_identification:_identify(src/micro-ROS-Agent/snap/hooks) by extensions ['python_setup_py']
[0.653s] Level 1:colcon.colcon_core.package_identification:_identify(src/micro-ROS-Agent/snap/hooks) by extension 'python_setup_py'
[0.653s] Level 1:colcon.colcon_core.package_identification:_identify(src/micro-ROS-Agent/snap/local) by extensions ['ignore', 'ignore_ament_install']
[0.653s] Level 1:colcon.colcon_core.package_identification:_identify(src/micro-ROS-Agent/snap/local) by extension 'ignore'
[0.653s] Level 1:colcon.colcon_core.package_identification:_identify(src/micro-ROS-Agent/snap/local) by extension 'ignore_ament_install'
[0.653s] Level 1:colcon.colcon_core.package_identification:_identify(src/micro-ROS-Agent/snap/local) by extensions ['colcon_pkg']
[0.653s] Level 1:colcon.colcon_core.package_identification:_identify(src/micro-ROS-Agent/snap/local) by extension 'colcon_pkg'
[0.653s] Level 1:colcon.colcon_core.package_identification:_identify(src/micro-ROS-Agent/snap/local) by extensions ['colcon_meta']
[0.653s] Level 1:colcon.colcon_core.package_identification:_identify(src/micro-ROS-Agent/snap/local) by extension 'colcon_meta'
[0.653s] Level 1:colcon.colcon_core.package_identification:_identify(src/micro-ROS-Agent/snap/local) by extensions ['ros']
[0.653s] Level 1:colcon.colcon_core.package_identification:_identify(src/micro-ROS-Agent/snap/local) by extension 'ros'
[0.653s] Level 1:colcon.colcon_core.package_identification:_identify(src/micro-ROS-Agent/snap/local) by extensions ['cmake', 'python']
[0.654s] Level 1:colcon.colcon_core.package_identification:_identify(src/micro-ROS-Agent/snap/local) by extension 'cmake'
[0.654s] Level 1:colcon.colcon_core.package_identification:_identify(src/micro-ROS-Agent/snap/local) by extension 'python'
[0.654s] Level 1:colcon.colcon_core.package_identification:_identify(src/micro-ROS-Agent/snap/local) by extensions ['python_setup_py']
[0.654s] Level 1:colcon.colcon_core.package_identification:_identify(src/micro-ROS-Agent/snap/local) by extension 'python_setup_py'
[0.654s] Level 1:colcon.colcon_core.package_identification:_identify(src/micro_ros_msgs) by extensions ['ignore', 'ignore_ament_install']
[0.654s] Level 1:colcon.colcon_core.package_identification:_identify(src/micro_ros_msgs) by extension 'ignore'
[0.654s] Level 1:colcon.colcon_core.package_identification:_identify(src/micro_ros_msgs) by extension 'ignore_ament_install'
[0.654s] Level 1:colcon.colcon_core.package_identification:_identify(src/micro_ros_msgs) by extensions ['colcon_pkg']
[0.654s] Level 1:colcon.colcon_core.package_identification:_identify(src/micro_ros_msgs) by extension 'colcon_pkg'
[0.654s] Level 1:colcon.colcon_core.package_identification:_identify(src/micro_ros_msgs) by extensions ['colcon_meta']
[0.654s] Level 1:colcon.colcon_core.package_identification:_identify(src/micro_ros_msgs) by extension 'colcon_meta'
[0.654s] Level 1:colcon.colcon_core.package_identification:_identify(src/micro_ros_msgs) by extensions ['ros']
[0.654s] Level 1:colcon.colcon_core.package_identification:_identify(src/micro_ros_msgs) by extension 'ros'
[0.656s] DEBUG:colcon.colcon_core.package_identification:Package 'src/micro_ros_msgs' with type 'ros.ament_cmake' and name 'micro_ros_msgs'
[0.656s] Level 1:colcon.colcon_core.package_identification:_identify(src/my_robot_description) by extensions ['ignore', 'ignore_ament_install']
[0.656s] Level 1:colcon.colcon_core.package_identification:_identify(src/my_robot_description) by extension 'ignore'
[0.656s] Level 1:colcon.colcon_core.package_identification:_identify(src/my_robot_description) by extension 'ignore_ament_install'
[0.656s] Level 1:colcon.colcon_core.package_identification:_identify(src/my_robot_description) by extensions ['colcon_pkg']
[0.656s] Level 1:colcon.colcon_core.package_identification:_identify(src/my_robot_description) by extension 'colcon_pkg'
[0.656s] Level 1:colcon.colcon_core.package_identification:_identify(src/my_robot_description) by extensions ['colcon_meta']
[0.656s] Level 1:colcon.colcon_core.package_identification:_identify(src/my_robot_description) by extension 'colcon_meta'
[0.656s] Level 1:colcon.colcon_core.package_identification:_identify(src/my_robot_description) by extensions ['ros']
[0.656s] Level 1:colcon.colcon_core.package_identification:_identify(src/my_robot_description) by extension 'ros'
[0.658s] DEBUG:colcon.colcon_core.package_identification:Package 'src/my_robot_description' with type 'ros.ament_cmake' and name 'my_robot_description'
[0.658s] Level 1:colcon.colcon_core.package_identification:_identify(src/robot_arm_bridge) by extensions ['ignore', 'ignore_ament_install']
[0.658s] Level 1:colcon.colcon_core.package_identification:_identify(src/robot_arm_bridge) by extension 'ignore'
[0.658s] Level 1:colcon.colcon_core.package_identification:_identify(src/robot_arm_bridge) by extension 'ignore_ament_install'
[0.658s] Level 1:colcon.colcon_core.package_identification:_identify(src/robot_arm_bridge) by extensions ['colcon_pkg']
[0.658s] Level 1:colcon.colcon_core.package_identification:_identify(src/robot_arm_bridge) by extension 'colcon_pkg'
[0.658s] Level 1:colcon.colcon_core.package_identification:_identify(src/robot_arm_bridge) by extensions ['colcon_meta']
[0.658s] Level 1:colcon.colcon_core.package_identification:_identify(src/robot_arm_bridge) by extension 'colcon_meta'
[0.659s] Level 1:colcon.colcon_core.package_identification:_identify(src/robot_arm_bridge) by extensions ['ros']
[0.659s] Level 1:colcon.colcon_core.package_identification:_identify(src/robot_arm_bridge) by extension 'ros'
[0.661s] DEBUG:colcon.colcon_core.package_identification:Package 'src/robot_arm_bridge' with type 'ros.ament_python' and name 'robot_arm_bridge'
[0.661s] Level 1:colcon.colcon_core.package_discovery:discover_packages(recursive) using defaults
[0.661s] Level 1:colcon.colcon_core.package_discovery:discover_packages(ignore) discover
[0.661s] Level 1:colcon.colcon_core.package_discovery:discover_packages(ignore) using defaults
[0.661s] Level 1:colcon.colcon_core.package_discovery:discover_packages(path) discover
[0.661s] Level 1:colcon.colcon_core.package_discovery:discover_packages(path) using defaults
[0.698s] Level 1:colcon.colcon_core.package_discovery:discover_packages(prefix_path) check parameters
[0.698s] Level 1:colcon.colcon_core.package_discovery:discover_packages(prefix_path) discover
[0.701s] DEBUG:colcon.colcon_installed_package_information.package_discovery:Found 287 installed packages in /opt/ros/foxy
[0.703s] Level 1:colcon.colcon_core.package_discovery:discover_packages(prefix_path) using defaults
[0.790s] Level 5:colcon.colcon_core.verb:set package 'micro_ros_msgs' build argument 'cmake_args' from command line to 'None'
[0.790s] Level 5:colcon.colcon_core.verb:set package 'micro_ros_msgs' build argument 'cmake_target' from command line to 'None'
[0.790s] Level 5:colcon.colcon_core.verb:set package 'micro_ros_msgs' build argument 'cmake_target_skip_unavailable' from command line to 'False'
[0.790s] Level 5:colcon.colcon_core.verb:set package 'micro_ros_msgs' build argument 'cmake_clean_cache' from command line to 'False'
[0.790s] Level 5:colcon.colcon_core.verb:set package 'micro_ros_msgs' build argument 'cmake_clean_first' from command line to 'False'
[0.790s] Level 5:colcon.colcon_core.verb:set package 'micro_ros_msgs' build argument 'cmake_force_configure' from command line to 'False'
[0.790s] Level 5:colcon.colcon_core.verb:set package 'micro_ros_msgs' build argument 'ament_cmake_args' from command line to 'None'
[0.790s] Level 5:colcon.colcon_core.verb:set package 'micro_ros_msgs' build argument 'catkin_cmake_args' from command line to 'None'
[0.790s] Level 5:colcon.colcon_core.verb:set package 'micro_ros_msgs' build argument 'catkin_skip_building_tests' from command line to 'False'
[0.790s] DEBUG:colcon.colcon_core.verb:Building package 'micro_ros_msgs' with the following arguments: {'ament_cmake_args': None, 'build_base': '/home/farouk/ros2_ws/build/micro_ros_msgs', 'catkin_cmake_args': None, 'catkin_skip_building_tests': False, 'cmake_args': None, 'cmake_clean_cache': False, 'cmake_clean_first': False, 'cmake_force_configure': False, 'cmake_target': None, 'cmake_target_skip_unavailable': False, 'install_base': '/home/farouk/ros2_ws/install/micro_ros_msgs', 'merge_install': False, 'path': '/home/farouk/ros2_ws/src/micro_ros_msgs', 'symlink_install': False, 'test_result_base': None}
[0.791s] Level 5:colcon.colcon_core.verb:set package 'my_robot_description' build argument 'cmake_args' from command line to 'None'
[0.791s] Level 5:colcon.colcon_core.verb:set package 'my_robot_description' build argument 'cmake_target' from command line to 'None'
[0.791s] Level 5:colcon.colcon_core.verb:set package 'my_robot_description' build argument 'cmake_target_skip_unavailable' from command line to 'False'
[0.791s] Level 5:colcon.colcon_core.verb:set package 'my_robot_description' build argument 'cmake_clean_cache' from command line to 'False'
[0.791s] Level 5:colcon.colcon_core.verb:set package 'my_robot_description' build argument 'cmake_clean_first' from command line to 'False'
[0.791s] Level 5:colcon.colcon_core.verb:set package 'my_robot_description' build argument 'cmake_force_configure' from command line to 'False'
[0.791s] Level 5:colcon.colcon_core.verb:set package 'my_robot_description' build argument 'ament_cmake_args' from command line to 'None'
[0.791s] Level 5:colcon.colcon_core.verb:set package 'my_robot_description' build argument 'catkin_cmake_args' from command line to 'None'
[0.791s] Level 5:colcon.colcon_core.verb:set package 'my_robot_description' build argument 'catkin_skip_building_tests' from command line to 'False'
[0.791s] DEBUG:colcon.colcon_core.verb:Building package 'my_robot_description' with the following arguments: {'ament_cmake_args': None, 'build_base': '/home/farouk/ros2_ws/build/my_robot_description', 'catkin_cmake_args': None, 'catkin_skip_building_tests': False, 'cmake_args': None, 'cmake_clean_cache': False, 'cmake_clean_first': False, 'cmake_force_configure': False, 'cmake_target': None, 'cmake_target_skip_unavailable': False, 'install_base': '/home/farouk/ros2_ws/install/my_robot_description', 'merge_install': False, 'path': '/home/farouk/ros2_ws/src/my_robot_description', 'symlink_install': False, 'test_result_base': None}
[0.791s] Level 5:colcon.colcon_core.verb:set package 'robot_arm_bridge' build argument 'cmake_args' from command line to 'None'
[0.791s] Level 5:colcon.colcon_core.verb:set package 'robot_arm_bridge' build argument 'cmake_target' from command line to 'None'
[0.791s] Level 5:colcon.colcon_core.verb:set package 'robot_arm_bridge' build argument 'cmake_target_skip_unavailable' from command line to 'False'
[0.791s] Level 5:colcon.colcon_core.verb:set package 'robot_arm_bridge' build argument 'cmake_clean_cache' from command line to 'False'
[0.791s] Level 5:colcon.colcon_core.verb:set package 'robot_arm_bridge' build argument 'cmake_clean_first' from command line to 'False'
[0.791s] Level 5:colcon.colcon_core.verb:set package 'robot_arm_bridge' build argument 'cmake_force_configure' from command line to 'False'
[0.791s] Level 5:colcon.colcon_core.verb:set package 'robot_arm_bridge' build argument 'ament_cmake_args' from command line to 'None'
[0.791s] Level 5:colcon.colcon_core.verb:set package 'robot_arm_bridge' build argument 'catkin_cmake_args' from command line to 'None'
[0.791s] Level 5:colcon.colcon_core.verb:set package 'robot_arm_bridge' build argument 'catkin_skip_building_tests' from command line to 'False'
[0.792s] DEBUG:colcon.colcon_core.verb:Building package 'robot_arm_bridge' with the following arguments: {'ament_cmake_args': None, 'build_base': '/home/farouk/ros2_ws/build/robot_arm_bridge', 'catkin_cmake_args': None, 'catkin_skip_building_tests': False, 'cmake_args': None, 'cmake_clean_cache': False, 'cmake_clean_first': False, 'cmake_force_configure': False, 'cmake_target': None, 'cmake_target_skip_unavailable': False, 'install_base': '/home/farouk/ros2_ws/install/robot_arm_bridge', 'merge_install': False, 'path': '/home/farouk/ros2_ws/src/robot_arm_bridge', 'symlink_install': False, 'test_result_base': None}
[0.792s] Level 5:colcon.colcon_core.verb:set package 'micro_ros_agent' build argument 'cmake_args' from command line to 'None'
[0.792s] Level 5:colcon.colcon_core.verb:set package 'micro_ros_agent' build argument 'cmake_target' from command line to 'None'
[0.792s] Level 5:colcon.colcon_core.verb:set package 'micro_ros_agent' build argument 'cmake_target_skip_unavailable' from command line to 'False'
[0.792s] Level 5:colcon.colcon_core.verb:set package 'micro_ros_agent' build argument 'cmake_clean_cache' from command line to 'False'
[0.792s] Level 5:colcon.colcon_core.verb:set package 'micro_ros_agent' build argument 'cmake_clean_first' from command line to 'False'
[0.792s] Level 5:colcon.colcon_core.verb:set package 'micro_ros_agent' build argument 'cmake_force_configure' from command line to 'False'
[0.792s] Level 5:colcon.colcon_core.verb:set package 'micro_ros_agent' build argument 'ament_cmake_args' from command line to 'None'
[0.792s] Level 5:colcon.colcon_core.verb:set package 'micro_ros_agent' build argument 'catkin_cmake_args' from command line to 'None'
[0.792s] Level 5:colcon.colcon_core.verb:set package 'micro_ros_agent' build argument 'catkin_skip_building_tests' from command line to 'False'
[0.792s] DEBUG:colcon.colcon_core.verb:Building package 'micro_ros_agent' with the following arguments: {'ament_cmake_args': None, 'build_base': '/home/farouk/ros2_ws/build/micro_ros_agent', 'catkin_cmake_args': None, 'catkin_skip_building_tests': False, 'cmake_args': None, 'cmake_clean_cache': False, 'cmake_clean_first': False, 'cmake_force_configure': False, 'cmake_target': None, 'cmake_target_skip_unavailable': False, 'install_base': '/home/farouk/ros2_ws/install/micro_ros_agent', 'merge_install': False, 'path': '/home/farouk/ros2_ws/src/micro-ROS-Agent/micro_ros_agent', 'symlink_install': False, 'test_result_base': None}
[0.792s] INFO:colcon.colcon_core.executor:Executing jobs using 'parallel' executor
[0.793s] DEBUG:colcon.colcon_parallel_executor.executor.parallel:run_until_complete
[0.794s] INFO:colcon.colcon_ros.task.ament_cmake.build:Building ROS package in '/home/farouk/ros2_ws/src/micro_ros_msgs' with build type 'ament_cmake'
[0.794s] INFO:colcon.colcon_cmake.task.cmake.build:Building CMake package in '/home/farouk/ros2_ws/src/micro_ros_msgs'
[0.796s] INFO:colcon.colcon_core.plugin_system:Skipping extension 'colcon_core.shell.bat': Not used on non-Windows systems
[0.797s] INFO:colcon.colcon_core.shell:Skip shell extension 'powershell' for command environment: Not usable outside of PowerShell
[0.797s] DEBUG:colcon.colcon_core.shell:Skip shell extension 'dsv' for command environment
[0.802s] INFO:colcon.colcon_ros.task.ament_cmake.build:Building ROS package in '/home/farouk/ros2_ws/src/my_robot_description' with build type 'ament_cmake'
[0.803s] INFO:colcon.colcon_cmake.task.cmake.build:Building CMake package in '/home/farouk/ros2_ws/src/my_robot_description'
[0.803s] INFO:colcon.colcon_core.shell:Skip shell extension 'powershell' for command environment: Not usable outside of PowerShell
[0.804s] DEBUG:colcon.colcon_core.shell:Skip shell extension 'dsv' for command environment
[0.810s] INFO:colcon.colcon_ros.task.ament_python.build:Building ROS package in '/home/farouk/ros2_ws/src/robot_arm_bridge' with build type 'ament_python'
[0.810s] Level 1:colcon.colcon_core.shell:create_environment_hook('robot_arm_bridge', 'ament_prefix_path')
[0.811s] INFO:colcon.colcon_core.shell:Creating environment hook '/home/farouk/ros2_ws/install/robot_arm_bridge/share/robot_arm_bridge/hook/ament_prefix_path.ps1'
[0.812s] INFO:colcon.colcon_core.shell:Creating environment descriptor '/home/farouk/ros2_ws/install/robot_arm_bridge/share/robot_arm_bridge/hook/ament_prefix_path.dsv'
[0.813s] INFO:colcon.colcon_core.shell:Creating environment hook '/home/farouk/ros2_ws/install/robot_arm_bridge/share/robot_arm_bridge/hook/ament_prefix_path.sh'
[0.813s] INFO:colcon.colcon_core.shell:Skip shell extension 'powershell' for command environment: Not usable outside of PowerShell
[0.813s] DEBUG:colcon.colcon_core.shell:Skip shell extension 'dsv' for command environment
[0.829s] DEBUG:colcon.colcon_core.event_handler.log_command:Invoking command in '/home/farouk/ros2_ws/build/micro_ros_msgs': CMAKE_PREFIX_PATH=/opt/ros/foxy /usr/local/bin/cmake --build /home/farouk/ros2_ws/build/micro_ros_msgs -- -j4 -l4
[0.834s] DEBUG:colcon.colcon_core.event_handler.log_command:Invoking command in '/home/farouk/ros2_ws/build/my_robot_description': CMAKE_PREFIX_PATH=/opt/ros/foxy /usr/local/bin/cmake --build /home/farouk/ros2_ws/build/my_robot_description -- -j4 -l4
[1.250s] INFO:colcon.colcon_core.task.python.build:Building Python package in '/home/farouk/ros2_ws/src/robot_arm_bridge'
[1.251s] INFO:colcon.colcon_core.shell:Skip shell extension 'powershell' for command environment: Not usable outside of PowerShell
[1.251s] DEBUG:colcon.colcon_core.shell:Skip shell extension 'dsv' for command environment
[1.265s] DEBUG:colcon.colcon_core.event_handler.log_command:Invoked command in '/home/farouk/ros2_ws/build/my_robot_description' returned '0': CMAKE_PREFIX_PATH=/opt/ros/foxy /usr/local/bin/cmake --build /home/farouk/ros2_ws/build/my_robot_description -- -j4 -l4
[1.270s] DEBUG:colcon.colcon_core.event_handler.log_command:Invoking command in '/home/farouk/ros2_ws/build/my_robot_description': CMAKE_PREFIX_PATH=/opt/ros/foxy /usr/local/bin/cmake --install /home/farouk/ros2_ws/build/my_robot_description
[1.272s] DEBUG:colcon.colcon_core.event_handler.log_command:Invoked command in '/home/farouk/ros2_ws/build/micro_ros_msgs' returned '0': CMAKE_PREFIX_PATH=/opt/ros/foxy /usr/local/bin/cmake --build /home/farouk/ros2_ws/build/micro_ros_msgs -- -j4 -l4
[1.277s] DEBUG:colcon.colcon_core.event_handler.log_command:Invoking command in '/home/farouk/ros2_ws/build/micro_ros_msgs': CMAKE_PREFIX_PATH=/opt/ros/foxy /usr/local/bin/cmake --install /home/farouk/ros2_ws/build/micro_ros_msgs
[1.289s] Level 1:colcon.colcon_core.environment:create_environment_scripts_only(my_robot_description)
[1.310s] DEBUG:colcon.colcon_core.event_handler.log_command:Invoked command in '/home/farouk/ros2_ws/build/my_robot_description' returned '0': CMAKE_PREFIX_PATH=/opt/ros/foxy /usr/local/bin/cmake --install /home/farouk/ros2_ws/build/my_robot_description
[1.311s] Level 1:colcon.colcon_core.environment:checking '/home/farouk/ros2_ws/install/my_robot_description' for CMake module files
[1.312s] Level 1:colcon.colcon_core.environment:checking '/home/farouk/ros2_ws/install/my_robot_description' for CMake config files
[1.313s] Level 1:colcon.colcon_core.shell:create_environment_hook('my_robot_description', 'cmake_prefix_path')
[1.313s] INFO:colcon.colcon_core.shell:Creating environment hook '/home/farouk/ros2_ws/install/my_robot_description/share/my_robot_description/hook/cmake_prefix_path.ps1'
[1.314s] INFO:colcon.colcon_core.shell:Creating environment descriptor '/home/farouk/ros2_ws/install/my_robot_description/share/my_robot_description/hook/cmake_prefix_path.dsv'
[1.315s] INFO:colcon.colcon_core.shell:Creating environment hook '/home/farouk/ros2_ws/install/my_robot_description/share/my_robot_description/hook/cmake_prefix_path.sh'
[1.316s] Level 1:colcon.colcon_core.environment:checking '/home/farouk/ros2_ws/install/my_robot_description/bin'
[1.316s] Level 1:colcon.colcon_core.environment:checking '/home/farouk/ros2_ws/install/my_robot_description/lib/pkgconfig/my_robot_description.pc'
[1.316s] Level 1:colcon.colcon_core.environment:checking '/home/farouk/ros2_ws/install/my_robot_description/lib/python3.8/site-packages'
[1.317s] Level 1:colcon.colcon_core.environment:checking '/home/farouk/ros2_ws/install/my_robot_description/bin'
[1.317s] INFO:colcon.colcon_core.shell:Creating package script '/home/farouk/ros2_ws/install/my_robot_description/share/my_robot_description/package.ps1'
[1.319s] INFO:colcon.colcon_core.shell:Creating package descriptor '/home/farouk/ros2_ws/install/my_robot_description/share/my_robot_description/package.dsv'
[1.320s] INFO:colcon.colcon_core.shell:Creating package script '/home/farouk/ros2_ws/install/my_robot_description/share/my_robot_description/package.sh'
[1.321s] INFO:colcon.colcon_core.shell:Creating package script '/home/farouk/ros2_ws/install/my_robot_description/share/my_robot_description/package.bash'
[1.323s] INFO:colcon.colcon_core.shell:Creating package script '/home/farouk/ros2_ws/install/my_robot_description/share/my_robot_description/package.zsh'
[1.324s] Level 1:colcon.colcon_core.environment:create_file_with_runtime_dependencies(/home/farouk/ros2_ws/install/my_robot_description/share/colcon-core/packages/my_robot_description)
[1.325s] Level 1:colcon.colcon_core.environment:create_environment_scripts_only(my_robot_description)
[1.325s] Level 1:colcon.colcon_core.environment:checking '/home/farouk/ros2_ws/install/my_robot_description' for CMake module files
[1.326s] Level 1:colcon.colcon_core.environment:checking '/home/farouk/ros2_ws/install/my_robot_description' for CMake config files
[1.326s] Level 1:colcon.colcon_core.shell:create_environment_hook('my_robot_description', 'cmake_prefix_path')
[1.327s] INFO:colcon.colcon_core.shell:Creating environment hook '/home/farouk/ros2_ws/install/my_robot_description/share/my_robot_description/hook/cmake_prefix_path.ps1'
[1.328s] INFO:colcon.colcon_core.shell:Creating environment descriptor '/home/farouk/ros2_ws/install/my_robot_description/share/my_robot_description/hook/cmake_prefix_path.dsv'
[1.328s] INFO:colcon.colcon_core.shell:Creating environment hook '/home/farouk/ros2_ws/install/my_robot_description/share/my_robot_description/hook/cmake_prefix_path.sh'
[1.329s] Level 1:colcon.colcon_core.environment:checking '/home/farouk/ros2_ws/install/my_robot_description/bin'
[1.329s] Level 1:colcon.colcon_core.environment:checking '/home/farouk/ros2_ws/install/my_robot_description/lib/pkgconfig/my_robot_description.pc'
[1.330s] Level 1:colcon.colcon_core.environment:checking '/home/farouk/ros2_ws/install/my_robot_description/lib/python3.8/site-packages'
[1.330s] Level 1:colcon.colcon_core.environment:checking '/home/farouk/ros2_ws/install/my_robot_description/bin'
[1.331s] INFO:colcon.colcon_core.shell:Creating package script '/home/farouk/ros2_ws/install/my_robot_description/share/my_robot_description/package.ps1'
[1.331s] INFO:colcon.colcon_core.shell:Creating package descriptor '/home/farouk/ros2_ws/install/my_robot_description/share/my_robot_description/package.dsv'
[1.332s] INFO:colcon.colcon_core.shell:Creating package script '/home/farouk/ros2_ws/install/my_robot_description/share/my_robot_description/package.sh'
[1.333s] INFO:colcon.colcon_core.shell:Creating package script '/home/farouk/ros2_ws/install/my_robot_description/share/my_robot_description/package.bash'
[1.334s] INFO:colcon.colcon_core.shell:Creating package script '/home/farouk/ros2_ws/install/my_robot_description/share/my_robot_description/package.zsh'
[1.335s] Level 1:colcon.colcon_core.environment:create_file_with_runtime_dependencies(/home/farouk/ros2_ws/install/my_robot_description/share/colcon-core/packages/my_robot_description)
[1.351s] Level 1:colcon.colcon_core.environment:create_environment_scripts_only(micro_ros_msgs)
[1.352s] Level 1:colcon.colcon_core.environment:checking '/home/farouk/ros2_ws/install/micro_ros_msgs' for CMake module files
[1.355s] Level 1:colcon.colcon_core.environment:checking '/home/farouk/ros2_ws/install/micro_ros_msgs' for CMake config files
[1.356s] Level 1:colcon.colcon_core.shell:create_environment_hook('micro_ros_msgs', 'cmake_prefix_path')
[1.357s] INFO:colcon.colcon_core.shell:Creating environment hook '/home/farouk/ros2_ws/install/micro_ros_msgs/share/micro_ros_msgs/hook/cmake_prefix_path.ps1'
[1.358s] INFO:colcon.colcon_core.shell:Creating environment descriptor '/home/farouk/ros2_ws/install/micro_ros_msgs/share/micro_ros_msgs/hook/cmake_prefix_path.dsv'
[1.358s] DEBUG:colcon.colcon_core.event_handler.log_command:Invoked command in '/home/farouk/ros2_ws/build/micro_ros_msgs' returned '0': CMAKE_PREFIX_PATH=/opt/ros/foxy /usr/local/bin/cmake --install /home/farouk/ros2_ws/build/micro_ros_msgs
[1.359s] INFO:colcon.colcon_core.shell:Creating environment hook '/home/farouk/ros2_ws/install/micro_ros_msgs/share/micro_ros_msgs/hook/cmake_prefix_path.sh'
[1.360s] Level 1:colcon.colcon_core.environment:checking '/home/farouk/ros2_ws/install/micro_ros_msgs/lib'
[1.361s] Level 1:colcon.colcon_core.shell:create_environment_hook('micro_ros_msgs', 'ld_library_path_lib')
[1.361s] INFO:colcon.colcon_core.shell:Creating environment hook '/home/farouk/ros2_ws/install/micro_ros_msgs/share/micro_ros_msgs/hook/ld_library_path_lib.ps1'
[1.362s] INFO:colcon.colcon_core.shell:Creating environment descriptor '/home/farouk/ros2_ws/install/micro_ros_msgs/share/micro_ros_msgs/hook/ld_library_path_lib.dsv'
[1.362s] INFO:colcon.colcon_core.shell:Creating environment hook '/home/farouk/ros2_ws/install/micro_ros_msgs/share/micro_ros_msgs/hook/ld_library_path_lib.sh'
[1.363s] Level 1:colcon.colcon_core.environment:checking '/home/farouk/ros2_ws/install/micro_ros_msgs/bin'
[1.363s] Level 1:colcon.colcon_core.environment:checking '/home/farouk/ros2_ws/install/micro_ros_msgs/lib/pkgconfig/micro_ros_msgs.pc'
[1.363s] Level 1:colcon.colcon_core.environment:checking '/home/farouk/ros2_ws/install/micro_ros_msgs/lib/python3.8/site-packages'
[1.363s] Level 1:colcon.colcon_core.shell:create_environment_hook('micro_ros_msgs', 'pythonpath')
[1.364s] INFO:colcon.colcon_core.shell:Creating environment hook '/home/farouk/ros2_ws/install/micro_ros_msgs/share/micro_ros_msgs/hook/pythonpath.ps1'
[1.364s] INFO:colcon.colcon_core.shell:Creating environment descriptor '/home/farouk/ros2_ws/install/micro_ros_msgs/share/micro_ros_msgs/hook/pythonpath.dsv'
[1.365s] INFO:colcon.colcon_core.shell:Creating environment hook '/home/farouk/ros2_ws/install/micro_ros_msgs/share/micro_ros_msgs/hook/pythonpath.sh'
[1.365s] Level 1:colcon.colcon_core.environment:checking '/home/farouk/ros2_ws/install/micro_ros_msgs/bin'
[1.366s] INFO:colcon.colcon_core.shell:Creating package script '/home/farouk/ros2_ws/install/micro_ros_msgs/share/micro_ros_msgs/package.ps1'
[1.367s] INFO:colcon.colcon_core.shell:Creating package descriptor '/home/farouk/ros2_ws/install/micro_ros_msgs/share/micro_ros_msgs/package.dsv'
[1.367s] INFO:colcon.colcon_core.shell:Creating package script '/home/farouk/ros2_ws/install/micro_ros_msgs/share/micro_ros_msgs/package.sh'
[1.368s] INFO:colcon.colcon_core.shell:Creating package script '/home/farouk/ros2_ws/install/micro_ros_msgs/share/micro_ros_msgs/package.bash'
[1.368s] INFO:colcon.colcon_core.shell:Creating package script '/home/farouk/ros2_ws/install/micro_ros_msgs/share/micro_ros_msgs/package.zsh'
[1.369s] Level 1:colcon.colcon_core.environment:create_file_with_runtime_dependencies(/home/farouk/ros2_ws/install/micro_ros_msgs/share/colcon-core/packages/micro_ros_msgs)
[1.370s] Level 1:colcon.colcon_core.environment:create_environment_scripts_only(micro_ros_msgs)
[1.370s] Level 1:colcon.colcon_core.environment:checking '/home/farouk/ros2_ws/install/micro_ros_msgs' for CMake module files
[1.371s] Level 1:colcon.colcon_core.environment:checking '/home/farouk/ros2_ws/install/micro_ros_msgs' for CMake config files
[1.371s] Level 1:colcon.colcon_core.shell:create_environment_hook('micro_ros_msgs', 'cmake_prefix_path')
[1.372s] INFO:colcon.colcon_core.shell:Creating environment hook '/home/farouk/ros2_ws/install/micro_ros_msgs/share/micro_ros_msgs/hook/cmake_prefix_path.ps1'
[1.372s] INFO:colcon.colcon_core.shell:Creating environment descriptor '/home/farouk/ros2_ws/install/micro_ros_msgs/share/micro_ros_msgs/hook/cmake_prefix_path.dsv'
[1.373s] INFO:colcon.colcon_core.shell:Creating environment hook '/home/farouk/ros2_ws/install/micro_ros_msgs/share/micro_ros_msgs/hook/cmake_prefix_path.sh'
[1.373s] Level 1:colcon.colcon_core.environment:checking '/home/farouk/ros2_ws/install/micro_ros_msgs/lib'
[1.373s] Level 1:colcon.colcon_core.shell:create_environment_hook('micro_ros_msgs', 'ld_library_path_lib')
[1.374s] INFO:colcon.colcon_core.shell:Creating environment hook '/home/farouk/ros2_ws/install/micro_ros_msgs/share/micro_ros_msgs/hook/ld_library_path_lib.ps1'
[1.374s] INFO:colcon.colcon_core.shell:Creating environment descriptor '/home/farouk/ros2_ws/install/micro_ros_msgs/share/micro_ros_msgs/hook/ld_library_path_lib.dsv'
[1.375s] INFO:colcon.colcon_core.shell:Creating environment hook '/home/farouk/ros2_ws/install/micro_ros_msgs/share/micro_ros_msgs/hook/ld_library_path_lib.sh'
[1.375s] Level 1:colcon.colcon_core.environment:checking '/home/farouk/ros2_ws/install/micro_ros_msgs/bin'
[1.376s] Level 1:colcon.colcon_core.environment:checking '/home/farouk/ros2_ws/install/micro_ros_msgs/lib/pkgconfig/micro_ros_msgs.pc'
[1.376s] Level 1:colcon.colcon_core.environment:checking '/home/farouk/ros2_ws/install/micro_ros_msgs/lib/python3.8/site-packages'
[1.376s] Level 1:colcon.colcon_core.shell:create_environment_hook('micro_ros_msgs', 'pythonpath')
[1.376s] INFO:colcon.colcon_core.shell:Creating environment hook '/home/farouk/ros2_ws/install/micro_ros_msgs/share/micro_ros_msgs/hook/pythonpath.ps1'
[1.377s] INFO:colcon.colcon_core.shell:Creating environment descriptor '/home/farouk/ros2_ws/install/micro_ros_msgs/share/micro_ros_msgs/hook/pythonpath.dsv'
[1.377s] INFO:colcon.colcon_core.shell:Creating environment hook '/home/farouk/ros2_ws/install/micro_ros_msgs/share/micro_ros_msgs/hook/pythonpath.sh'
[1.378s] Level 1:colcon.colcon_core.environment:checking '/home/farouk/ros2_ws/install/micro_ros_msgs/bin'
[1.379s] INFO:colcon.colcon_core.shell:Creating package script '/home/farouk/ros2_ws/install/micro_ros_msgs/share/micro_ros_msgs/package.ps1'
[1.380s] INFO:colcon.colcon_core.shell:Creating package descriptor '/home/farouk/ros2_ws/install/micro_ros_msgs/share/micro_ros_msgs/package.dsv'
[1.380s] INFO:colcon.colcon_core.shell:Creating package script '/home/farouk/ros2_ws/install/micro_ros_msgs/share/micro_ros_msgs/package.sh'
[1.381s] INFO:colcon.colcon_core.shell:Creating package script '/home/farouk/ros2_ws/install/micro_ros_msgs/share/micro_ros_msgs/package.bash'
[1.381s] INFO:colcon.colcon_core.shell:Creating package script '/home/farouk/ros2_ws/install/micro_ros_msgs/share/micro_ros_msgs/package.zsh'
[1.382s] Level 1:colcon.colcon_core.environment:create_file_with_runtime_dependencies(/home/farouk/ros2_ws/install/micro_ros_msgs/share/colcon-core/packages/micro_ros_msgs)
[1.382s] INFO:colcon.colcon_ros.task.ament_cmake.build:Building ROS package in '/home/farouk/ros2_ws/src/micro-ROS-Agent/micro_ros_agent' with build type 'ament_cmake'
[1.383s] INFO:colcon.colcon_cmake.task.cmake.build:Building CMake package in '/home/farouk/ros2_ws/src/micro-ROS-Agent/micro_ros_agent'
[1.383s] INFO:colcon.colcon_core.shell:Skip shell extension 'powershell' for command environment: Not usable outside of PowerShell
[1.383s] DEBUG:colcon.colcon_core.shell:Skip shell extension 'dsv' for command environment
[1.403s] DEBUG:colcon.colcon_core.event_handler.log_command:Invoking command in '/home/farouk/ros2_ws/build/micro_ros_agent': AMENT_PREFIX_PATH=/home/farouk/ros2_ws/install/micro_ros_msgs:${AMENT_PREFIX_PATH} CMAKE_PREFIX_PATH=/home/farouk/ros2_ws/install/micro_ros_msgs:/opt/ros/foxy LD_LIBRARY_PATH=/home/farouk/ros2_ws/install/micro_ros_msgs/lib:${LD_LIBRARY_PATH} PYTHONPATH=/home/farouk/ros2_ws/install/micro_ros_msgs/lib/python3.8/site-packages:${PYTHONPATH} /usr/local/bin/cmake --build /home/farouk/ros2_ws/build/micro_ros_agent -- -j4 -l4
[1.445s] DEBUG:colcon.colcon_core.event_handler.log_command:Invoked command in '/home/farouk/ros2_ws/build/micro_ros_agent' returned '0': AMENT_PREFIX_PATH=/home/farouk/ros2_ws/install/micro_ros_msgs:${AMENT_PREFIX_PATH} CMAKE_PREFIX_PATH=/home/farouk/ros2_ws/install/micro_ros_msgs:/opt/ros/foxy LD_LIBRARY_PATH=/home/farouk/ros2_ws/install/micro_ros_msgs/lib:${LD_LIBRARY_PATH} PYTHONPATH=/home/farouk/ros2_ws/install/micro_ros_msgs/lib/python3.8/site-packages:${PYTHONPATH} /usr/local/bin/cmake --build /home/farouk/ros2_ws/build/micro_ros_agent -- -j4 -l4
[1.449s] DEBUG:colcon.colcon_core.event_handler.log_command:Invoking command in '/home/farouk/ros2_ws/build/micro_ros_agent': AMENT_PREFIX_PATH=/home/farouk/ros2_ws/install/micro_ros_msgs:${AMENT_PREFIX_PATH} CMAKE_PREFIX_PATH=/home/farouk/ros2_ws/install/micro_ros_msgs:/opt/ros/foxy LD_LIBRARY_PATH=/home/farouk/ros2_ws/install/micro_ros_msgs/lib:${LD_LIBRARY_PATH} PYTHONPATH=/home/farouk/ros2_ws/install/micro_ros_msgs/lib/python3.8/site-packages:${PYTHONPATH} /usr/local/bin/cmake --install /home/farouk/ros2_ws/build/micro_ros_agent
[1.456s] Level 1:colcon.colcon_core.environment:create_environment_scripts_only(micro_ros_agent)
[1.457s] Level 1:colcon.colcon_core.environment:checking '/home/farouk/ros2_ws/install/micro_ros_agent' for CMake module files
[1.458s] DEBUG:colcon.colcon_core.event_handler.log_command:Invoked command in '/home/farouk/ros2_ws/build/micro_ros_agent' returned '0': AMENT_PREFIX_PATH=/home/farouk/ros2_ws/install/micro_ros_msgs:${AMENT_PREFIX_PATH} CMAKE_PREFIX_PATH=/home/farouk/ros2_ws/install/micro_ros_msgs:/opt/ros/foxy LD_LIBRARY_PATH=/home/farouk/ros2_ws/install/micro_ros_msgs/lib:${LD_LIBRARY_PATH} PYTHONPATH=/home/farouk/ros2_ws/install/micro_ros_msgs/lib/python3.8/site-packages:${PYTHONPATH} /usr/local/bin/cmake --install /home/farouk/ros2_ws/build/micro_ros_agent
[1.458s] Level 1:colcon.colcon_core.environment:checking '/home/farouk/ros2_ws/install/micro_ros_agent' for CMake config files
[1.460s] Level 1:colcon.colcon_core.shell:create_environment_hook('micro_ros_agent', 'cmake_prefix_path')
[1.460s] INFO:colcon.colcon_core.shell:Creating environment hook '/home/farouk/ros2_ws/install/micro_ros_agent/share/micro_ros_agent/hook/cmake_prefix_path.ps1'
[1.461s] INFO:colcon.colcon_core.shell:Creating environment descriptor '/home/farouk/ros2_ws/install/micro_ros_agent/share/micro_ros_agent/hook/cmake_prefix_path.dsv'
[1.461s] INFO:colcon.colcon_core.shell:Creating environment hook '/home/farouk/ros2_ws/install/micro_ros_agent/share/micro_ros_agent/hook/cmake_prefix_path.sh'
[1.462s] Level 1:colcon.colcon_core.environment:checking '/home/farouk/ros2_ws/install/micro_ros_agent/lib'
[1.462s] Level 1:colcon.colcon_core.shell:create_environment_hook('micro_ros_agent', 'ld_library_path_lib')
[1.463s] INFO:colcon.colcon_core.shell:Creating environment hook '/home/farouk/ros2_ws/install/micro_ros_agent/share/micro_ros_agent/hook/ld_library_path_lib.ps1'
[1.463s] INFO:colcon.colcon_core.shell:Creating environment descriptor '/home/farouk/ros2_ws/install/micro_ros_agent/share/micro_ros_agent/hook/ld_library_path_lib.dsv'
[1.464s] INFO:colcon.colcon_core.shell:Creating environment hook '/home/farouk/ros2_ws/install/micro_ros_agent/share/micro_ros_agent/hook/ld_library_path_lib.sh'
[1.464s] Level 1:colcon.colcon_core.environment:checking '/home/farouk/ros2_ws/install/micro_ros_agent/bin'
[1.464s] Level 1:colcon.colcon_core.environment:checking '/home/farouk/ros2_ws/install/micro_ros_agent/lib/pkgconfig/micro_ros_agent.pc'
[1.465s] Level 1:colcon.colcon_core.environment:checking '/home/farouk/ros2_ws/install/micro_ros_agent/lib/python3.8/site-packages'
[1.465s] Level 1:colcon.colcon_core.environment:checking '/home/farouk/ros2_ws/install/micro_ros_agent/bin'
[1.466s] INFO:colcon.colcon_core.shell:Creating package script '/home/farouk/ros2_ws/install/micro_ros_agent/share/micro_ros_agent/package.ps1'
[1.466s] INFO:colcon.colcon_core.shell:Creating package descriptor '/home/farouk/ros2_ws/install/micro_ros_agent/share/micro_ros_agent/package.dsv'
[1.467s] INFO:colcon.colcon_core.shell:Creating package script '/home/farouk/ros2_ws/install/micro_ros_agent/share/micro_ros_agent/package.sh'
[1.467s] INFO:colcon.colcon_core.shell:Creating package script '/home/farouk/ros2_ws/install/micro_ros_agent/share/micro_ros_agent/package.bash'
[1.468s] INFO:colcon.colcon_core.shell:Creating package script '/home/farouk/ros2_ws/install/micro_ros_agent/share/micro_ros_agent/package.zsh'
[1.468s] Level 1:colcon.colcon_core.environment:create_file_with_runtime_dependencies(/home/farouk/ros2_ws/install/micro_ros_agent/share/colcon-core/packages/micro_ros_agent)
[1.469s] Level 1:colcon.colcon_core.environment:create_environment_scripts_only(micro_ros_agent)
[1.469s] Level 1:colcon.colcon_core.environment:checking '/home/farouk/ros2_ws/install/micro_ros_agent' for CMake module files
[1.470s] Level 1:colcon.colcon_core.environment:checking '/home/farouk/ros2_ws/install/micro_ros_agent' for CMake config files
[1.471s] Level 1:colcon.colcon_core.shell:create_environment_hook('micro_ros_agent', 'cmake_prefix_path')
[1.471s] INFO:colcon.colcon_core.shell:Creating environment hook '/home/farouk/ros2_ws/install/micro_ros_agent/share/micro_ros_agent/hook/cmake_prefix_path.ps1'
[1.472s] INFO:colcon.colcon_core.shell:Creating environment descriptor '/home/farouk/ros2_ws/install/micro_ros_agent/share/micro_ros_agent/hook/cmake_prefix_path.dsv'
[1.472s] INFO:colcon.colcon_core.shell:Creating environment hook '/home/farouk/ros2_ws/install/micro_ros_agent/share/micro_ros_agent/hook/cmake_prefix_path.sh'
[1.473s] Level 1:colcon.colcon_core.environment:checking '/home/farouk/ros2_ws/install/micro_ros_agent/lib'
[1.473s] Level 1:colcon.colcon_core.shell:create_environment_hook('micro_ros_agent', 'ld_library_path_lib')
[1.474s] INFO:colcon.colcon_core.shell:Creating environment hook '/home/farouk/ros2_ws/install/micro_ros_agent/share/micro_ros_agent/hook/ld_library_path_lib.ps1'
[1.474s] INFO:colcon.colcon_core.shell:Creating environment descriptor '/home/farouk/ros2_ws/install/micro_ros_agent/share/micro_ros_agent/hook/ld_library_path_lib.dsv'
[1.475s] INFO:colcon.colcon_core.shell:Creating environment hook '/home/farouk/ros2_ws/install/micro_ros_agent/share/micro_ros_agent/hook/ld_library_path_lib.sh'
[1.475s] Level 1:colcon.colcon_core.environment:checking '/home/farouk/ros2_ws/install/micro_ros_agent/bin'
[1.475s] Level 1:colcon.colcon_core.environment:checking '/home/farouk/ros2_ws/install/micro_ros_agent/lib/pkgconfig/micro_ros_agent.pc'
[1.475s] Level 1:colcon.colcon_core.environment:checking '/home/farouk/ros2_ws/install/micro_ros_agent/lib/python3.8/site-packages'
[1.476s] Level 1:colcon.colcon_core.environment:checking '/home/farouk/ros2_ws/install/micro_ros_agent/bin'
[1.476s] INFO:colcon.colcon_core.shell:Creating package script '/home/farouk/ros2_ws/install/micro_ros_agent/share/micro_ros_agent/package.ps1'
[1.477s] INFO:colcon.colcon_core.shell:Creating package descriptor '/home/farouk/ros2_ws/install/micro_ros_agent/share/micro_ros_agent/package.dsv'
[1.477s] INFO:colcon.colcon_core.shell:Creating package script '/home/farouk/ros2_ws/install/micro_ros_agent/share/micro_ros_agent/package.sh'
[1.478s] INFO:colcon.colcon_core.shell:Creating package script '/home/farouk/ros2_ws/install/micro_ros_agent/share/micro_ros_agent/package.bash'
[1.479s] INFO:colcon.colcon_core.shell:Creating package script '/home/farouk/ros2_ws/install/micro_ros_agent/share/micro_ros_agent/package.zsh'
[1.479s] Level 1:colcon.colcon_core.environment:create_file_with_runtime_dependencies(/home/farouk/ros2_ws/install/micro_ros_agent/share/colcon-core/packages/micro_ros_agent)
[1.989s] DEBUG:colcon.colcon_core.event_handler.log_command:Invoking command in '/home/farouk/ros2_ws/src/robot_arm_bridge': PYTHONPATH=/home/farouk/ros2_ws/build/robot_arm_bridge/prefix_override:/usr/lib/python3/dist-packages/colcon_core/task/python/colcon_distutils_commands:/home/farouk/ros2_ws/install/robot_arm_bridge/lib/python3.8/site-packages:${PYTHONPATH} /usr/bin/python3 -W ignore:setup.py install is deprecated -W ignore:easy_install command is deprecated setup.py egg_info --egg-base ../../build/robot_arm_bridge build --build-base /home/farouk/ros2_ws/build/robot_arm_bridge/build install --record /home/farouk/ros2_ws/build/robot_arm_bridge/install.log --install-scripts $base/lib/robot_arm_bridge --single-version-externally-managed install_data
[2.445s] Level 1:colcon.colcon_core.environment:checking '/home/farouk/ros2_ws/install/robot_arm_bridge' for CMake module files
[2.446s] Level 1:colcon.colcon_core.environment:checking '/home/farouk/ros2_ws/install/robot_arm_bridge' for CMake config files
[2.447s] Level 1:colcon.colcon_core.environment:checking '/home/farouk/ros2_ws/install/robot_arm_bridge/lib'
[2.447s] Level 1:colcon.colcon_core.environment:checking '/home/farouk/ros2_ws/install/robot_arm_bridge/bin'
[2.447s] Level 1:colcon.colcon_core.environment:checking '/home/farouk/ros2_ws/install/robot_arm_bridge/lib/pkgconfig/robot_arm_bridge.pc'
[2.448s] Level 1:colcon.colcon_core.environment:checking '/home/farouk/ros2_ws/install/robot_arm_bridge/lib/python3.8/site-packages'
[2.448s] Level 1:colcon.colcon_core.shell:create_environment_hook('robot_arm_bridge', 'pythonpath')
[2.448s] INFO:colcon.colcon_core.shell:Creating environment hook '/home/farouk/ros2_ws/install/robot_arm_bridge/share/robot_arm_bridge/hook/pythonpath.ps1'
[2.449s] INFO:colcon.colcon_core.shell:Creating environment descriptor '/home/farouk/ros2_ws/install/robot_arm_bridge/share/robot_arm_bridge/hook/pythonpath.dsv'
[2.449s] INFO:colcon.colcon_core.shell:Creating environment hook '/home/farouk/ros2_ws/install/robot_arm_bridge/share/robot_arm_bridge/hook/pythonpath.sh'
[2.450s] Level 1:colcon.colcon_core.environment:checking '/home/farouk/ros2_ws/install/robot_arm_bridge/bin'
[2.450s] Level 1:colcon.colcon_core.environment:create_environment_scripts_only(robot_arm_bridge)
[2.450s] INFO:colcon.colcon_core.shell:Creating package script '/home/farouk/ros2_ws/install/robot_arm_bridge/share/robot_arm_bridge/package.ps1'
[2.451s] INFO:colcon.colcon_core.shell:Creating package descriptor '/home/farouk/ros2_ws/install/robot_arm_bridge/share/robot_arm_bridge/package.dsv'
[2.452s] INFO:colcon.colcon_core.shell:Creating package script '/home/farouk/ros2_ws/install/robot_arm_bridge/share/robot_arm_bridge/package.sh'
[2.452s] INFO:colcon.colcon_core.shell:Creating package script '/home/farouk/ros2_ws/install/robot_arm_bridge/share/robot_arm_bridge/package.bash'
[2.453s] INFO:colcon.colcon_core.shell:Creating package script '/home/farouk/ros2_ws/install/robot_arm_bridge/share/robot_arm_bridge/package.zsh'
[2.453s] Level 1:colcon.colcon_core.environment:create_file_with_runtime_dependencies(/home/farouk/ros2_ws/install/robot_arm_bridge/share/colcon-core/packages/robot_arm_bridge)
[2.453s] DEBUG:colcon.colcon_parallel_executor.executor.parallel:closing loop
[2.454s] DEBUG:colcon.colcon_parallel_executor.executor.parallel:loop closed
[2.454s] DEBUG:colcon.colcon_parallel_executor.executor.parallel:run_until_complete finished with '0'
[2.454s] DEBUG:colcon.colcon_core.event_handler.log_command:Invoked command in '/home/farouk/ros2_ws/src/robot_arm_bridge' returned '0': PYTHONPATH=/home/farouk/ros2_ws/build/robot_arm_bridge/prefix_override:/usr/lib/python3/dist-packages/colcon_core/task/python/colcon_distutils_commands:/home/farouk/ros2_ws/install/robot_arm_bridge/lib/python3.8/site-packages:${PYTHONPATH} /usr/bin/python3 -W ignore:setup.py install is deprecated -W ignore:easy_install command is deprecated setup.py egg_info --egg-base ../../build/robot_arm_bridge build --build-base /home/farouk/ros2_ws/build/robot_arm_bridge/build install --record /home/farouk/ros2_ws/build/robot_arm_bridge/install.log --install-scripts $base/lib/robot_arm_bridge --single-version-externally-managed install_data
[2.454s] DEBUG:colcon.colcon_core.event_reactor:joining thread
[2.461s] INFO:colcon.colcon_core.plugin_system:Skipping extension 'colcon_notification.desktop_notification.terminal_notifier': Not used on non-Darwin systems
[2.461s] INFO:colcon.colcon_core.plugin_system:Skipping extension 'colcon_notification.desktop_notification.win32': Not used on non-Windows systems
[2.461s] INFO:colcon.colcon_notification.desktop_notification:Sending desktop notification using 'notify2'
[2.477s] DEBUG:colcon.colcon_core.event_reactor:joined thread
[2.478s] INFO:colcon.colcon_core.shell:Creating prefix script '/home/farouk/ros2_ws/install/local_setup.ps1'
[2.480s] INFO:colcon.colcon_core.shell:Creating prefix util module '/home/farouk/ros2_ws/install/_local_setup_util_ps1.py'
[2.483s] INFO:colcon.colcon_core.shell:Creating prefix chain script '/home/farouk/ros2_ws/install/setup.ps1'
[2.484s] INFO:colcon.colcon_core.shell:Creating prefix script '/home/farouk/ros2_ws/install/local_setup.sh'
[2.485s] INFO:colcon.colcon_core.shell:Creating prefix util module '/home/farouk/ros2_ws/install/_local_setup_util_sh.py'
[2.486s] INFO:colcon.colcon_core.shell:Creating prefix chain script '/home/farouk/ros2_ws/install/setup.sh'
[2.487s] INFO:colcon.colcon_core.shell:Creating prefix script '/home/farouk/ros2_ws/install/local_setup.bash'
[2.488s] INFO:colcon.colcon_core.shell:Creating prefix chain script '/home/farouk/ros2_ws/install/setup.bash'
[2.489s] INFO:colcon.colcon_core.shell:Creating prefix script '/home/farouk/ros2_ws/install/local_setup.zsh'
[2.490s] INFO:colcon.colcon_core.shell:Creating prefix chain script '/home/farouk/ros2_ws/install/setup.zsh'
