[0.036s] Invoking command in '/home/farouk/ros2_ws/build/my_robot_description': CMAKE_PREFIX_PATH=/opt/ros/foxy /usr/local/bin/cmake --build /home/farouk/ros2_ws/build/my_robot_description -- -j4 -l4
[0.460s] Invoked command in '/home/farouk/ros2_ws/build/my_robot_description' returned '0': CMAKE_PREFIX_PATH=/opt/ros/foxy /usr/local/bin/cmake --build /home/farouk/ros2_ws/build/my_robot_description -- -j4 -l4
[0.465s] Invoking command in '/home/farouk/ros2_ws/build/my_robot_description': CMAKE_PREFIX_PATH=/opt/ros/foxy /usr/local/bin/cmake --install /home/farouk/ros2_ws/build/my_robot_description
[0.475s] -- Install configuration: ""
[0.476s] -- Up-to-date: /home/farouk/ros2_ws/install/my_robot_description/share/my_robot_description/launch
[0.476s] -- Up-to-date: /home/farouk/ros2_ws/install/my_robot_description/share/my_robot_description/launch/spawn_robot.launch.py
[0.476s] -- Up-to-date: /home/farouk/ros2_ws/install/my_robot_description/share/my_robot_description/urdf
[0.476s] -- Up-to-date: /home/farouk/ros2_ws/install/my_robot_description/share/my_robot_description/urdf/x.txt
[0.477s] -- Up-to-date: /home/farouk/ros2_ws/install/my_robot_description/share/my_robot_description/urdf/old.txt
[0.477s] -- Up-to-date: /home/farouk/ros2_ws/install/my_robot_description/share/my_robot_description/urdf/my_robot.urdf.xacro
[0.477s] -- Up-to-date: /home/farouk/ros2_ws/install/my_robot_description/share/my_robot_description/meshes
[0.477s] -- Up-to-date: /home/farouk/ros2_ws/install/my_robot_description/share/my_robot_description/meshes/link_3_wrist.stl
[0.477s] -- Up-to-date: /home/farouk/ros2_ws/install/my_robot_description/share/my_robot_description/meshes/link_1_shoulder.stl
[0.477s] -- Up-to-date: /home/farouk/ros2_ws/install/my_robot_description/share/my_robot_description/meshes/base_link.stl
[0.477s] -- Up-to-date: /home/farouk/ros2_ws/install/my_robot_description/share/my_robot_description/meshes/link_4_wrist.stl
[0.478s] -- Up-to-date: /home/farouk/ros2_ws/install/my_robot_description/share/my_robot_description/meshes/link_2_elbow.stl
[0.478s] -- Up-to-date: /home/farouk/ros2_ws/install/my_robot_description/share/my_robot_description/meshes/base.stl
[0.478s] -- Up-to-date: /home/farouk/ros2_ws/install/my_robot_description/share/my_robot_description/config
[0.478s] -- Up-to-date: /home/farouk/ros2_ws/install/my_robot_description/share/my_robot_description/config/my_robot_arm_controllers.yaml
[0.479s] -- Up-to-date: /home/farouk/ros2_ws/install/my_robot_description/share/my_robot_description/worlds
[0.480s] -- Installing: /home/farouk/ros2_ws/install/my_robot_description/share/my_robot_description/worlds/my_robot.world
[0.480s] -- Up-to-date: /home/farouk/ros2_ws/install/my_robot_description/share/ament_index/resource_index/package_run_dependencies/my_robot_description
[0.480s] -- Up-to-date: /home/farouk/ros2_ws/install/my_robot_description/share/ament_index/resource_index/parent_prefix_path/my_robot_description
[0.480s] -- Up-to-date: /home/farouk/ros2_ws/install/my_robot_description/share/my_robot_description/environment/ament_prefix_path.sh
[0.480s] -- Up-to-date: /home/farouk/ros2_ws/install/my_robot_description/share/my_robot_description/environment/ament_prefix_path.dsv
[0.483s] -- Up-to-date: /home/farouk/ros2_ws/install/my_robot_description/share/my_robot_description/environment/path.sh
[0.483s] -- Up-to-date: /home/farouk/ros2_ws/install/my_robot_description/share/my_robot_description/environment/path.dsv
[0.483s] -- Up-to-date: /home/farouk/ros2_ws/install/my_robot_description/share/my_robot_description/local_setup.bash
[0.484s] -- Up-to-date: /home/farouk/ros2_ws/install/my_robot_description/share/my_robot_description/local_setup.sh
[0.484s] -- Up-to-date: /home/farouk/ros2_ws/install/my_robot_description/share/my_robot_description/local_setup.zsh
[0.484s] -- Up-to-date: /home/farouk/ros2_ws/install/my_robot_description/share/my_robot_description/local_setup.dsv
[0.484s] -- Installing: /home/farouk/ros2_ws/install/my_robot_description/share/my_robot_description/package.dsv
[0.484s] -- Up-to-date: /home/farouk/ros2_ws/install/my_robot_description/share/ament_index/resource_index/packages/my_robot_description
[0.485s] -- Up-to-date: /home/farouk/ros2_ws/install/my_robot_description/share/my_robot_description/cmake/my_robot_descriptionConfig.cmake
[0.485s] -- Up-to-date: /home/farouk/ros2_ws/install/my_robot_description/share/my_robot_description/cmake/my_robot_descriptionConfig-version.cmake
[0.485s] -- Up-to-date: /home/farouk/ros2_ws/install/my_robot_description/share/my_robot_description/package.xml
[0.507s] Invoked command in '/home/farouk/ros2_ws/build/my_robot_description' returned '0': CMAKE_PREFIX_PATH=/opt/ros/foxy /usr/local/bin/cmake --install /home/farouk/ros2_ws/build/my_robot_description
