[0.030s] Invoking command in '/home/farouk/ros2_ws/build/micro_ros_msgs': CMAKE_PREFIX_PATH=${CMAKE_PREFIX_PATH}:/home/farouk/ros2_ws/install/robot_arm_bridge:/opt/ros/foxy /usr/local/bin/cmake /home/farouk/ros2_ws/src/micro_ros_msgs -DCMAKE_INSTALL_PREFIX=/home/farouk/ros2_ws/install/micro_ros_msgs
[0.139s] -- The C compiler identification is GNU 9.4.0
[0.241s] -- The CXX compiler identification is GNU 9.4.0
[0.255s] -- Detecting C compiler ABI info
[0.341s] -- Detecting C compiler ABI info - done
[0.358s] -- Check for working C compiler: /usr/bin/cc - skipped
[0.359s] -- Detecting C compile features
[0.360s] -- Detecting C compile features - done
[0.366s] -- Detecting CXX compiler ABI info
[0.496s] -- Detecting CXX compiler ABI info - done
[0.516s] -- Check for working CXX compiler: /usr/bin/c++ - skipped
[0.517s] -- Detecting CXX compile features
[0.518s] -- Detecting CXX compile features - done
[0.521s] -- Found ament_cmake: 0.9.12 (/opt/ros/foxy/share/ament_cmake/cmake)
[0.563s] -- Found PythonInterp: /usr/bin/python3 (found suitable version "3.8.10", minimum required is "3") 
[0.563s] -- Using PYTHON_EXECUTABLE: /usr/bin/python3
[1.128s] -- Found rosidl_default_generators: 1.0.1 (/opt/ros/foxy/share/rosidl_default_generators/cmake)
[1.134s] -- Using all available rosidl_typesupport_c: rosidl_typesupport_fastrtps_c;rosidl_typesupport_introspection_c
[1.148s] -- Found rosidl_adapter: 1.3.1 (/opt/ros/foxy/share/rosidl_adapter/cmake)
[1.332s] -- Found OpenSSL: /usr/lib/x86_64-linux-gnu/libcrypto.so (found version "1.1.1f")  
[1.400s] -- Found FastRTPS: /opt/ros/foxy/include  
[1.548s] -- Using all available rosidl_typesupport_cpp: rosidl_typesupport_fastrtps_cpp;rosidl_typesupport_introspection_cpp
[1.600s] -- Found ament_lint_auto: 0.9.8 (/opt/ros/foxy/share/ament_lint_auto/cmake)
[1.763s] -- Found PythonInterp: /usr/bin/python3 (found version "3.8.10") 
[1.933s] -- Found ament_cmake_ros: 0.9.2 (/opt/ros/foxy/share/ament_cmake_ros/cmake)
[2.153s] -- Using all available rosidl_typesupport_c: rosidl_typesupport_fastrtps_c;rosidl_typesupport_introspection_c
[2.165s] -- Using all available rosidl_typesupport_cpp: rosidl_typesupport_fastrtps_cpp;rosidl_typesupport_introspection_cpp
[2.212s] -- Found PythonInterp: /usr/bin/python3 (found suitable version "3.8.10", minimum required is "3.5") 
[2.214s] -- Found python_cmake_module: 0.8.1 (/opt/ros/foxy/share/python_cmake_module/cmake)
[2.253s] -- Found PythonLibs: /usr/lib/x86_64-linux-gnu/libpython3.8.so (found suitable version "3.8.10", minimum required is "3.5") 
[2.253s] -- Using PYTHON_EXECUTABLE: /usr/bin/python3
[2.254s] -- Using PYTHON_INCLUDE_DIRS: /usr/include/python3.8
[2.254s] -- Using PYTHON_LIBRARIES: /usr/lib/x86_64-linux-gnu/libpython3.8.so
[2.292s] -- Found PythonExtra: .so  
[2.348s] -- Added test 'copyright' to check source files copyright and LICENSE
[2.351s] -- Added test 'lint_cmake' to check CMake code style
[2.352s] -- Added test 'xmllint' to check XML markup files
[2.361s] -- Configuring done
[2.418s] -- Generating done
[2.437s] -- Build files have been written to: /home/farouk/ros2_ws/build/micro_ros_msgs
[2.447s] Invoked command in '/home/farouk/ros2_ws/build/micro_ros_msgs' returned '0': CMAKE_PREFIX_PATH=${CMAKE_PREFIX_PATH}:/home/farouk/ros2_ws/install/robot_arm_bridge:/opt/ros/foxy /usr/local/bin/cmake /home/farouk/ros2_ws/src/micro_ros_msgs -DCMAKE_INSTALL_PREFIX=/home/farouk/ros2_ws/install/micro_ros_msgs
[2.452s] Invoking command in '/home/farouk/ros2_ws/build/micro_ros_msgs': CMAKE_PREFIX_PATH=${CMAKE_PREFIX_PATH}:/home/farouk/ros2_ws/install/robot_arm_bridge:/opt/ros/foxy /usr/local/bin/cmake --build /home/farouk/ros2_ws/build/micro_ros_msgs -- -j4 -l4
[2.475s] [  2%] [34m[1mGenerating C code for ROS interfaces[0m
[2.486s] [  4%] [34m[1mGenerating C++ code for ROS interfaces[0m
[3.212s] [  4%] Built target micro_ros_msgs__cpp
[3.218s] [  6%] [34m[1mGenerating C++ type support for eProsima Fast-RTPS[0m
[3.220s] [  8%] [34m[1mGenerating C++ type support dispatch for ROS interfaces[0m
[3.227s] [ 10%] [34m[1mGenerating C++ introspection for ROS interfaces[0m
[3.274s] [ 12%] [32mBuilding C object CMakeFiles/micro_ros_msgs__rosidl_generator_c.dir/rosidl_generator_c/micro_ros_msgs/msg/detail/graph__functions.c.o[0m
[3.435s] [ 14%] [32mBuilding C object CMakeFiles/micro_ros_msgs__rosidl_generator_c.dir/rosidl_generator_c/micro_ros_msgs/msg/detail/node__functions.c.o[0m
[3.583s] [ 17%] [32mBuilding C object CMakeFiles/micro_ros_msgs__rosidl_generator_c.dir/rosidl_generator_c/micro_ros_msgs/msg/detail/entity__functions.c.o[0m
[3.748s] [ 19%] [32m[1mLinking C shared library libmicro_ros_msgs__rosidl_generator_c.so[0m
[3.844s] [ 21%] [32mBuilding CXX object CMakeFiles/micro_ros_msgs__rosidl_typesupport_cpp.dir/rosidl_typesupport_cpp/micro_ros_msgs/msg/graph__type_support.cpp.o[0m
[3.875s] [ 21%] Built target micro_ros_msgs__rosidl_generator_c
[3.881s] [ 23%] [34m[1mGenerating C introspection for ROS interfaces[0m
[4.151s] [ 25%] [32mBuilding CXX object CMakeFiles/micro_ros_msgs__rosidl_typesupport_introspection_cpp.dir/rosidl_typesupport_introspection_cpp/micro_ros_msgs/msg/detail/graph__type_support.cpp.o[0m
[4.179s] [ 27%] [32mBuilding CXX object CMakeFiles/micro_ros_msgs__rosidl_typesupport_fastrtps_cpp.dir/rosidl_typesupport_fastrtps_cpp/micro_ros_msgs/msg/detail/dds_fastrtps/graph__type_support.cpp.o[0m
[4.512s] [ 29%] [32mBuilding CXX object CMakeFiles/micro_ros_msgs__rosidl_typesupport_cpp.dir/rosidl_typesupport_cpp/micro_ros_msgs/msg/node__type_support.cpp.o[0m
[4.749s] [ 31%] [32mBuilding C object CMakeFiles/micro_ros_msgs__rosidl_typesupport_introspection_c.dir/rosidl_typesupport_introspection_c/micro_ros_msgs/msg/detail/graph__type_support.c.o[0m
[4.815s] [ 34%] [32mBuilding C object CMakeFiles/micro_ros_msgs__rosidl_typesupport_introspection_c.dir/rosidl_typesupport_introspection_c/micro_ros_msgs/msg/detail/node__type_support.c.o[0m
[4.878s] [ 36%] [32mBuilding C object CMakeFiles/micro_ros_msgs__rosidl_typesupport_introspection_c.dir/rosidl_typesupport_introspection_c/micro_ros_msgs/msg/detail/entity__type_support.c.o[0m
[4.933s] [ 38%] [32m[1mLinking C shared library libmicro_ros_msgs__rosidl_typesupport_introspection_c.so[0m
[4.972s] [ 38%] Built target micro_ros_msgs__rosidl_typesupport_introspection_c
[4.977s] [ 40%] [32mBuilding CXX object CMakeFiles/micro_ros_msgs__rosidl_typesupport_introspection_cpp.dir/rosidl_typesupport_introspection_cpp/micro_ros_msgs/msg/detail/node__type_support.cpp.o[0m
[5.148s] [ 42%] [32mBuilding CXX object CMakeFiles/micro_ros_msgs__rosidl_typesupport_introspection_cpp.dir/rosidl_typesupport_introspection_cpp/micro_ros_msgs/msg/detail/entity__type_support.cpp.o[0m
[5.241s] [ 44%] [32mBuilding CXX object CMakeFiles/micro_ros_msgs__rosidl_typesupport_cpp.dir/rosidl_typesupport_cpp/micro_ros_msgs/msg/entity__type_support.cpp.o[0m
[5.569s] [ 46%] [32mBuilding CXX object CMakeFiles/micro_ros_msgs__rosidl_typesupport_fastrtps_cpp.dir/rosidl_typesupport_fastrtps_cpp/micro_ros_msgs/msg/detail/dds_fastrtps/node__type_support.cpp.o[0m
[6.006s] [ 48%] [32m[1mLinking CXX shared library libmicro_ros_msgs__rosidl_typesupport_cpp.so[0m
[6.021s] [ 51%] [32mBuilding CXX object CMakeFiles/micro_ros_msgs__rosidl_typesupport_fastrtps_cpp.dir/rosidl_typesupport_fastrtps_cpp/micro_ros_msgs/msg/detail/dds_fastrtps/entity__type_support.cpp.o[0m
[6.082s] [ 51%] Built target micro_ros_msgs__rosidl_typesupport_cpp
[6.102s] [ 53%] [34m[1mGenerating C type support dispatch for ROS interfaces[0m
[6.111s] [ 55%] [32m[1mLinking CXX shared library libmicro_ros_msgs__rosidl_typesupport_introspection_cpp.so[0m
[6.273s] [ 55%] Built target micro_ros_msgs__rosidl_typesupport_introspection_cpp
[6.595s] [ 57%] [32mBuilding CXX object CMakeFiles/micro_ros_msgs__rosidl_typesupport_c.dir/rosidl_typesupport_c/micro_ros_msgs/msg/graph__type_support.cpp.o[0m
[6.615s] [ 59%] [32mBuilding CXX object CMakeFiles/micro_ros_msgs__rosidl_typesupport_c.dir/rosidl_typesupport_c/micro_ros_msgs/msg/node__type_support.cpp.o[0m
[6.653s] [ 61%] [32mBuilding CXX object CMakeFiles/micro_ros_msgs__rosidl_typesupport_c.dir/rosidl_typesupport_c/micro_ros_msgs/msg/entity__type_support.cpp.o[0m
[6.696s] [ 63%] [32m[1mLinking CXX shared library libmicro_ros_msgs__rosidl_typesupport_c.so[0m
[6.738s] [ 63%] Built target micro_ros_msgs__rosidl_typesupport_c
[6.892s] [ 65%] [32m[1mLinking CXX shared library libmicro_ros_msgs__rosidl_typesupport_fastrtps_cpp.so[0m
[6.993s] [ 65%] Built target micro_ros_msgs__rosidl_typesupport_fastrtps_cpp
[6.998s] [ 68%] [34m[1mGenerating C type support for eProsima Fast-RTPS[0m
[7.400s] [ 70%] [32mBuilding CXX object CMakeFiles/micro_ros_msgs__rosidl_typesupport_fastrtps_c.dir/rosidl_typesupport_fastrtps_c/micro_ros_msgs/msg/detail/graph__type_support_c.cpp.o[0m
[7.401s] [ 72%] [32mBuilding CXX object CMakeFiles/micro_ros_msgs__rosidl_typesupport_fastrtps_c.dir/rosidl_typesupport_fastrtps_c/micro_ros_msgs/msg/detail/node__type_support_c.cpp.o[0m
[7.402s] [ 74%] [32mBuilding CXX object CMakeFiles/micro_ros_msgs__rosidl_typesupport_fastrtps_c.dir/rosidl_typesupport_fastrtps_c/micro_ros_msgs/msg/detail/entity__type_support_c.cpp.o[0m
[8.032s] [ 76%] [32m[1mLinking CXX shared library libmicro_ros_msgs__rosidl_typesupport_fastrtps_c.so[0m
[8.128s] [ 76%] Built target micro_ros_msgs__rosidl_typesupport_fastrtps_c
[8.136s] [ 76%] Built target micro_ros_msgs
[8.145s] [ 78%] [34m[1mGenerating Python code for ROS interfaces[0m
[8.905s] [ 78%] Built target micro_ros_msgs__py
[8.914s] [ 82%] [32mBuilding C object CMakeFiles/micro_ros_msgs__python.dir/rosidl_generator_py/micro_ros_msgs/msg/_entity_s.c.o[0m
[8.915s] [ 82%] [32mBuilding C object CMakeFiles/micro_ros_msgs__python.dir/rosidl_generator_py/micro_ros_msgs/msg/_graph_s.c.o[0m
[8.915s] [ 85%] [32mBuilding C object CMakeFiles/micro_ros_msgs__python.dir/rosidl_generator_py/micro_ros_msgs/msg/_node_s.c.o[0m
[9.081s] [ 87%] [32m[1mLinking C shared library rosidl_generator_py/micro_ros_msgs/libmicro_ros_msgs__python.so[0m
[9.118s] [ 87%] Built target micro_ros_msgs__python
[9.128s] [ 93%] [32mBuilding C object CMakeFiles/micro_ros_msgs__rosidl_typesupport_fastrtps_c__pyext.dir/rosidl_generator_py/micro_ros_msgs/_micro_ros_msgs_s.ep.rosidl_typesupport_fastrtps_c.c.o[0m
[9.128s] [ 93%] [32mBuilding C object CMakeFiles/micro_ros_msgs__rosidl_typesupport_c__pyext.dir/rosidl_generator_py/micro_ros_msgs/_micro_ros_msgs_s.ep.rosidl_typesupport_c.c.o[0m
[9.129s] [ 93%] [32mBuilding C object CMakeFiles/micro_ros_msgs__rosidl_typesupport_introspection_c__pyext.dir/rosidl_generator_py/micro_ros_msgs/_micro_ros_msgs_s.ep.rosidl_typesupport_introspection_c.c.o[0m
[9.251s] [ 95%] [32m[1mLinking C shared library rosidl_generator_py/micro_ros_msgs/micro_ros_msgs_s__rosidl_typesupport_introspection_c.cpython-38-x86_64-linux-gnu.so[0m
[9.273s] [ 97%] [32m[1mLinking C shared library rosidl_generator_py/micro_ros_msgs/micro_ros_msgs_s__rosidl_typesupport_c.cpython-38-x86_64-linux-gnu.so[0m
[9.285s] [ 97%] Built target micro_ros_msgs__rosidl_typesupport_introspection_c__pyext
[9.295s] [100%] [32m[1mLinking CXX shared library rosidl_generator_py/micro_ros_msgs/micro_ros_msgs_s__rosidl_typesupport_fastrtps_c.cpython-38-x86_64-linux-gnu.so[0m
[9.313s] [100%] Built target micro_ros_msgs__rosidl_typesupport_c__pyext
[9.360s] [100%] Built target micro_ros_msgs__rosidl_typesupport_fastrtps_c__pyext
[9.365s] Invoked command in '/home/farouk/ros2_ws/build/micro_ros_msgs' returned '0': CMAKE_PREFIX_PATH=${CMAKE_PREFIX_PATH}:/home/farouk/ros2_ws/install/robot_arm_bridge:/opt/ros/foxy /usr/local/bin/cmake --build /home/farouk/ros2_ws/build/micro_ros_msgs -- -j4 -l4
[9.368s] Invoking command in '/home/farouk/ros2_ws/build/micro_ros_msgs': CMAKE_PREFIX_PATH=${CMAKE_PREFIX_PATH}:/home/farouk/ros2_ws/install/robot_arm_bridge:/opt/ros/foxy /usr/local/bin/cmake --install /home/farouk/ros2_ws/build/micro_ros_msgs
[9.372s] -- Install configuration: ""
[9.373s] -- Installing: /home/farouk/ros2_ws/install/micro_ros_msgs/share/ament_index/resource_index/rosidl_interfaces/micro_ros_msgs
[9.373s] -- Installing: /home/farouk/ros2_ws/install/micro_ros_msgs/include/micro_ros_msgs
[9.373s] -- Installing: /home/farouk/ros2_ws/install/micro_ros_msgs/include/micro_ros_msgs/msg
[9.373s] -- Installing: /home/farouk/ros2_ws/install/micro_ros_msgs/include/micro_ros_msgs/msg/detail
[9.374s] -- Installing: /home/farouk/ros2_ws/install/micro_ros_msgs/include/micro_ros_msgs/msg/detail/graph__functions.h
[9.374s] -- Installing: /home/farouk/ros2_ws/install/micro_ros_msgs/include/micro_ros_msgs/msg/detail/node__struct.h
[9.374s] -- Installing: /home/farouk/ros2_ws/install/micro_ros_msgs/include/micro_ros_msgs/msg/detail/entity__functions.c
[9.374s] -- Installing: /home/farouk/ros2_ws/install/micro_ros_msgs/include/micro_ros_msgs/msg/detail/entity__struct.h
[9.374s] -- Installing: /home/farouk/ros2_ws/install/micro_ros_msgs/include/micro_ros_msgs/msg/detail/entity__type_support.h
[9.374s] -- Installing: /home/farouk/ros2_ws/install/micro_ros_msgs/include/micro_ros_msgs/msg/detail/graph__type_support.h
[9.374s] -- Installing: /home/farouk/ros2_ws/install/micro_ros_msgs/include/micro_ros_msgs/msg/detail/entity__functions.h
[9.375s] -- Installing: /home/farouk/ros2_ws/install/micro_ros_msgs/include/micro_ros_msgs/msg/detail/node__type_support.h
[9.375s] -- Installing: /home/farouk/ros2_ws/install/micro_ros_msgs/include/micro_ros_msgs/msg/detail/graph__functions.c
[9.375s] -- Installing: /home/farouk/ros2_ws/install/micro_ros_msgs/include/micro_ros_msgs/msg/detail/node__functions.h
[9.375s] -- Installing: /home/farouk/ros2_ws/install/micro_ros_msgs/include/micro_ros_msgs/msg/detail/graph__struct.h
[9.376s] -- Installing: /home/farouk/ros2_ws/install/micro_ros_msgs/include/micro_ros_msgs/msg/detail/node__functions.c
[9.376s] -- Installing: /home/farouk/ros2_ws/install/micro_ros_msgs/include/micro_ros_msgs/msg/entity.h
[9.376s] -- Installing: /home/farouk/ros2_ws/install/micro_ros_msgs/include/micro_ros_msgs/msg/graph.h
[9.376s] -- Installing: /home/farouk/ros2_ws/install/micro_ros_msgs/include/micro_ros_msgs/msg/node.h
[9.376s] -- Installing: /home/farouk/ros2_ws/install/micro_ros_msgs/include/micro_ros_msgs/msg/rosidl_generator_c__visibility_control.h
[9.376s] -- Installing: /home/farouk/ros2_ws/install/micro_ros_msgs/share/micro_ros_msgs/environment/library_path.sh
[9.376s] -- Installing: /home/farouk/ros2_ws/install/micro_ros_msgs/share/micro_ros_msgs/environment/library_path.dsv
[9.377s] -- Installing: /home/farouk/ros2_ws/install/micro_ros_msgs/lib/libmicro_ros_msgs__rosidl_generator_c.so
[9.377s] -- Set runtime path of "/home/farouk/ros2_ws/install/micro_ros_msgs/lib/libmicro_ros_msgs__rosidl_generator_c.so" to ""
[9.377s] -- Up-to-date: /home/farouk/ros2_ws/install/micro_ros_msgs/include/micro_ros_msgs
[9.377s] -- Up-to-date: /home/farouk/ros2_ws/install/micro_ros_msgs/include/micro_ros_msgs/msg
[9.377s] -- Installing: /home/farouk/ros2_ws/install/micro_ros_msgs/include/micro_ros_msgs/msg/rosidl_typesupport_fastrtps_c__visibility_control.h
[9.378s] -- Up-to-date: /home/farouk/ros2_ws/install/micro_ros_msgs/include/micro_ros_msgs/msg/detail
[9.378s] -- Installing: /home/farouk/ros2_ws/install/micro_ros_msgs/include/micro_ros_msgs/msg/detail/graph__rosidl_typesupport_fastrtps_c.h
[9.378s] -- Installing: /home/farouk/ros2_ws/install/micro_ros_msgs/include/micro_ros_msgs/msg/detail/entity__rosidl_typesupport_fastrtps_c.h
[9.378s] -- Installing: /home/farouk/ros2_ws/install/micro_ros_msgs/include/micro_ros_msgs/msg/detail/node__rosidl_typesupport_fastrtps_c.h
[9.378s] -- Installing: /home/farouk/ros2_ws/install/micro_ros_msgs/lib/libmicro_ros_msgs__rosidl_typesupport_fastrtps_c.so
[9.378s] -- Set runtime path of "/home/farouk/ros2_ws/install/micro_ros_msgs/lib/libmicro_ros_msgs__rosidl_typesupport_fastrtps_c.so" to ""
[9.378s] -- Up-to-date: /home/farouk/ros2_ws/install/micro_ros_msgs/include/micro_ros_msgs
[9.378s] -- Up-to-date: /home/farouk/ros2_ws/install/micro_ros_msgs/include/micro_ros_msgs/msg
[9.378s] -- Installing: /home/farouk/ros2_ws/install/micro_ros_msgs/include/micro_ros_msgs/msg/rosidl_typesupport_fastrtps_cpp__visibility_control.h
[9.379s] -- Up-to-date: /home/farouk/ros2_ws/install/micro_ros_msgs/include/micro_ros_msgs/msg/detail
[9.379s] -- Installing: /home/farouk/ros2_ws/install/micro_ros_msgs/include/micro_ros_msgs/msg/detail/dds_fastrtps
[9.380s] -- Installing: /home/farouk/ros2_ws/install/micro_ros_msgs/include/micro_ros_msgs/msg/detail/graph__rosidl_typesupport_fastrtps_cpp.hpp
[9.380s] -- Installing: /home/farouk/ros2_ws/install/micro_ros_msgs/include/micro_ros_msgs/msg/detail/node__rosidl_typesupport_fastrtps_cpp.hpp
[9.380s] -- Installing: /home/farouk/ros2_ws/install/micro_ros_msgs/include/micro_ros_msgs/msg/detail/entity__rosidl_typesupport_fastrtps_cpp.hpp
[9.380s] -- Installing: /home/farouk/ros2_ws/install/micro_ros_msgs/lib/libmicro_ros_msgs__rosidl_typesupport_fastrtps_cpp.so
[9.381s] -- Set runtime path of "/home/farouk/ros2_ws/install/micro_ros_msgs/lib/libmicro_ros_msgs__rosidl_typesupport_fastrtps_cpp.so" to ""
[9.381s] -- Up-to-date: /home/farouk/ros2_ws/install/micro_ros_msgs/include/micro_ros_msgs
[9.381s] -- Up-to-date: /home/farouk/ros2_ws/install/micro_ros_msgs/include/micro_ros_msgs/msg
[9.381s] -- Installing: /home/farouk/ros2_ws/install/micro_ros_msgs/include/micro_ros_msgs/msg/rosidl_typesupport_introspection_c__visibility_control.h
[9.381s] -- Up-to-date: /home/farouk/ros2_ws/install/micro_ros_msgs/include/micro_ros_msgs/msg/detail
[9.382s] -- Installing: /home/farouk/ros2_ws/install/micro_ros_msgs/include/micro_ros_msgs/msg/detail/entity__rosidl_typesupport_introspection_c.h
[9.382s] -- Installing: /home/farouk/ros2_ws/install/micro_ros_msgs/include/micro_ros_msgs/msg/detail/node__type_support.c
[9.382s] -- Installing: /home/farouk/ros2_ws/install/micro_ros_msgs/include/micro_ros_msgs/msg/detail/graph__type_support.c
[9.382s] -- Installing: /home/farouk/ros2_ws/install/micro_ros_msgs/include/micro_ros_msgs/msg/detail/node__rosidl_typesupport_introspection_c.h
[9.382s] -- Installing: /home/farouk/ros2_ws/install/micro_ros_msgs/include/micro_ros_msgs/msg/detail/graph__rosidl_typesupport_introspection_c.h
[9.382s] -- Installing: /home/farouk/ros2_ws/install/micro_ros_msgs/include/micro_ros_msgs/msg/detail/entity__type_support.c
[9.383s] -- Installing: /home/farouk/ros2_ws/install/micro_ros_msgs/lib/libmicro_ros_msgs__rosidl_typesupport_introspection_c.so
[9.383s] -- Set runtime path of "/home/farouk/ros2_ws/install/micro_ros_msgs/lib/libmicro_ros_msgs__rosidl_typesupport_introspection_c.so" to ""
[9.383s] -- Installing: /home/farouk/ros2_ws/install/micro_ros_msgs/lib/libmicro_ros_msgs__rosidl_typesupport_c.so
[9.383s] -- Set runtime path of "/home/farouk/ros2_ws/install/micro_ros_msgs/lib/libmicro_ros_msgs__rosidl_typesupport_c.so" to ""
[9.383s] -- Up-to-date: /home/farouk/ros2_ws/install/micro_ros_msgs/include/micro_ros_msgs
[9.383s] -- Up-to-date: /home/farouk/ros2_ws/install/micro_ros_msgs/include/micro_ros_msgs/msg
[9.383s] -- Installing: /home/farouk/ros2_ws/install/micro_ros_msgs/include/micro_ros_msgs/msg/graph.hpp
[9.384s] -- Installing: /home/farouk/ros2_ws/install/micro_ros_msgs/include/micro_ros_msgs/msg/rosidl_generator_cpp__visibility_control.hpp
[9.384s] -- Installing: /home/farouk/ros2_ws/install/micro_ros_msgs/include/micro_ros_msgs/msg/entity.hpp
[9.384s] -- Installing: /home/farouk/ros2_ws/install/micro_ros_msgs/include/micro_ros_msgs/msg/node.hpp
[9.384s] -- Up-to-date: /home/farouk/ros2_ws/install/micro_ros_msgs/include/micro_ros_msgs/msg/detail
[9.384s] -- Installing: /home/farouk/ros2_ws/install/micro_ros_msgs/include/micro_ros_msgs/msg/detail/entity__traits.hpp
[9.384s] -- Installing: /home/farouk/ros2_ws/install/micro_ros_msgs/include/micro_ros_msgs/msg/detail/graph__type_support.hpp
[9.384s] -- Installing: /home/farouk/ros2_ws/install/micro_ros_msgs/include/micro_ros_msgs/msg/detail/entity__struct.hpp
[9.385s] -- Installing: /home/farouk/ros2_ws/install/micro_ros_msgs/include/micro_ros_msgs/msg/detail/graph__traits.hpp
[9.385s] -- Installing: /home/farouk/ros2_ws/install/micro_ros_msgs/include/micro_ros_msgs/msg/detail/entity__type_support.hpp
[9.385s] -- Installing: /home/farouk/ros2_ws/install/micro_ros_msgs/include/micro_ros_msgs/msg/detail/node__type_support.hpp
[9.385s] -- Installing: /home/farouk/ros2_ws/install/micro_ros_msgs/include/micro_ros_msgs/msg/detail/node__traits.hpp
[9.385s] -- Installing: /home/farouk/ros2_ws/install/micro_ros_msgs/include/micro_ros_msgs/msg/detail/node__struct.hpp
[9.385s] -- Installing: /home/farouk/ros2_ws/install/micro_ros_msgs/include/micro_ros_msgs/msg/detail/graph__struct.hpp
[9.385s] -- Installing: /home/farouk/ros2_ws/install/micro_ros_msgs/include/micro_ros_msgs/msg/detail/graph__builder.hpp
[9.385s] -- Installing: /home/farouk/ros2_ws/install/micro_ros_msgs/include/micro_ros_msgs/msg/detail/node__builder.hpp
[9.385s] -- Installing: /home/farouk/ros2_ws/install/micro_ros_msgs/include/micro_ros_msgs/msg/detail/entity__builder.hpp
[9.385s] -- Up-to-date: /home/farouk/ros2_ws/install/micro_ros_msgs/include/micro_ros_msgs
[9.386s] -- Up-to-date: /home/farouk/ros2_ws/install/micro_ros_msgs/include/micro_ros_msgs/msg
[9.386s] -- Up-to-date: /home/farouk/ros2_ws/install/micro_ros_msgs/include/micro_ros_msgs/msg/detail
[9.386s] -- Installing: /home/farouk/ros2_ws/install/micro_ros_msgs/include/micro_ros_msgs/msg/detail/node__type_support.cpp
[9.386s] -- Installing: /home/farouk/ros2_ws/install/micro_ros_msgs/include/micro_ros_msgs/msg/detail/node__rosidl_typesupport_introspection_cpp.hpp
[9.386s] -- Installing: /home/farouk/ros2_ws/install/micro_ros_msgs/include/micro_ros_msgs/msg/detail/entity__type_support.cpp
[9.386s] -- Installing: /home/farouk/ros2_ws/install/micro_ros_msgs/include/micro_ros_msgs/msg/detail/graph__type_support.cpp
[9.386s] -- Installing: /home/farouk/ros2_ws/install/micro_ros_msgs/include/micro_ros_msgs/msg/detail/entity__rosidl_typesupport_introspection_cpp.hpp
[9.386s] -- Installing: /home/farouk/ros2_ws/install/micro_ros_msgs/include/micro_ros_msgs/msg/detail/graph__rosidl_typesupport_introspection_cpp.hpp
[9.386s] -- Installing: /home/farouk/ros2_ws/install/micro_ros_msgs/lib/libmicro_ros_msgs__rosidl_typesupport_introspection_cpp.so
[9.386s] -- Set runtime path of "/home/farouk/ros2_ws/install/micro_ros_msgs/lib/libmicro_ros_msgs__rosidl_typesupport_introspection_cpp.so" to ""
[9.386s] -- Installing: /home/farouk/ros2_ws/install/micro_ros_msgs/lib/libmicro_ros_msgs__rosidl_typesupport_cpp.so
[9.387s] -- Set runtime path of "/home/farouk/ros2_ws/install/micro_ros_msgs/lib/libmicro_ros_msgs__rosidl_typesupport_cpp.so" to ""
[9.387s] -- Installing: /home/farouk/ros2_ws/install/micro_ros_msgs/share/micro_ros_msgs/environment/pythonpath.sh
[9.387s] -- Installing: /home/farouk/ros2_ws/install/micro_ros_msgs/share/micro_ros_msgs/environment/pythonpath.dsv
[9.387s] -- Installing: /home/farouk/ros2_ws/install/micro_ros_msgs/lib/python3.8/site-packages/micro_ros_msgs/__init__.py
[9.427s] Compiling '/home/farouk/ros2_ws/install/micro_ros_msgs/lib/python3.8/site-packages/micro_ros_msgs/__init__.py'...
[9.432s] -- Installing: /home/farouk/ros2_ws/install/micro_ros_msgs/lib/python3.8/site-packages/micro_ros_msgs/msg
[9.432s] -- Installing: /home/farouk/ros2_ws/install/micro_ros_msgs/lib/python3.8/site-packages/micro_ros_msgs/msg/_node_s.c
[9.433s] -- Installing: /home/farouk/ros2_ws/install/micro_ros_msgs/lib/python3.8/site-packages/micro_ros_msgs/msg/_node.py
[9.433s] -- Installing: /home/farouk/ros2_ws/install/micro_ros_msgs/lib/python3.8/site-packages/micro_ros_msgs/msg/_entity.py
[9.433s] -- Installing: /home/farouk/ros2_ws/install/micro_ros_msgs/lib/python3.8/site-packages/micro_ros_msgs/msg/_graph_s.c
[9.433s] -- Installing: /home/farouk/ros2_ws/install/micro_ros_msgs/lib/python3.8/site-packages/micro_ros_msgs/msg/__init__.py
[9.433s] -- Installing: /home/farouk/ros2_ws/install/micro_ros_msgs/lib/python3.8/site-packages/micro_ros_msgs/msg/_graph.py
[9.433s] -- Installing: /home/farouk/ros2_ws/install/micro_ros_msgs/lib/python3.8/site-packages/micro_ros_msgs/msg/_entity_s.c
[9.434s] -- Installing: /home/farouk/ros2_ws/install/micro_ros_msgs/lib/python3.8/site-packages/micro_ros_msgs/micro_ros_msgs_s__rosidl_typesupport_fastrtps_c.cpython-38-x86_64-linux-gnu.so
[9.434s] -- Set runtime path of "/home/farouk/ros2_ws/install/micro_ros_msgs/lib/python3.8/site-packages/micro_ros_msgs/micro_ros_msgs_s__rosidl_typesupport_fastrtps_c.cpython-38-x86_64-linux-gnu.so" to ""
[9.434s] -- Installing: /home/farouk/ros2_ws/install/micro_ros_msgs/lib/python3.8/site-packages/micro_ros_msgs/micro_ros_msgs_s__rosidl_typesupport_introspection_c.cpython-38-x86_64-linux-gnu.so
[9.434s] -- Set runtime path of "/home/farouk/ros2_ws/install/micro_ros_msgs/lib/python3.8/site-packages/micro_ros_msgs/micro_ros_msgs_s__rosidl_typesupport_introspection_c.cpython-38-x86_64-linux-gnu.so" to ""
[9.434s] -- Installing: /home/farouk/ros2_ws/install/micro_ros_msgs/lib/python3.8/site-packages/micro_ros_msgs/micro_ros_msgs_s__rosidl_typesupport_c.cpython-38-x86_64-linux-gnu.so
[9.435s] -- Set runtime path of "/home/farouk/ros2_ws/install/micro_ros_msgs/lib/python3.8/site-packages/micro_ros_msgs/micro_ros_msgs_s__rosidl_typesupport_c.cpython-38-x86_64-linux-gnu.so" to ""
[9.435s] -- Installing: /home/farouk/ros2_ws/install/micro_ros_msgs/lib/libmicro_ros_msgs__python.so
[9.435s] -- Set runtime path of "/home/farouk/ros2_ws/install/micro_ros_msgs/lib/libmicro_ros_msgs__python.so" to ""
[9.436s] -- Installing: /home/farouk/ros2_ws/install/micro_ros_msgs/share/micro_ros_msgs/msg/Graph.idl
[9.436s] -- Installing: /home/farouk/ros2_ws/install/micro_ros_msgs/share/micro_ros_msgs/msg/Node.idl
[9.436s] -- Installing: /home/farouk/ros2_ws/install/micro_ros_msgs/share/micro_ros_msgs/msg/Entity.idl
[9.436s] -- Installing: /home/farouk/ros2_ws/install/micro_ros_msgs/share/micro_ros_msgs/msg/Graph.msg
[9.436s] -- Installing: /home/farouk/ros2_ws/install/micro_ros_msgs/share/micro_ros_msgs/msg/Node.msg
[9.436s] -- Installing: /home/farouk/ros2_ws/install/micro_ros_msgs/share/micro_ros_msgs/msg/Entity.msg
[9.437s] -- Installing: /home/farouk/ros2_ws/install/micro_ros_msgs/share/ament_index/resource_index/package_run_dependencies/micro_ros_msgs
[9.437s] -- Installing: /home/farouk/ros2_ws/install/micro_ros_msgs/share/ament_index/resource_index/parent_prefix_path/micro_ros_msgs
[9.437s] -- Installing: /home/farouk/ros2_ws/install/micro_ros_msgs/share/micro_ros_msgs/environment/ament_prefix_path.sh
[9.437s] -- Installing: /home/farouk/ros2_ws/install/micro_ros_msgs/share/micro_ros_msgs/environment/ament_prefix_path.dsv
[9.437s] -- Installing: /home/farouk/ros2_ws/install/micro_ros_msgs/share/micro_ros_msgs/environment/path.sh
[9.437s] -- Installing: /home/farouk/ros2_ws/install/micro_ros_msgs/share/micro_ros_msgs/environment/path.dsv
[9.438s] -- Installing: /home/farouk/ros2_ws/install/micro_ros_msgs/share/micro_ros_msgs/local_setup.bash
[9.438s] -- Installing: /home/farouk/ros2_ws/install/micro_ros_msgs/share/micro_ros_msgs/local_setup.sh
[9.438s] -- Installing: /home/farouk/ros2_ws/install/micro_ros_msgs/share/micro_ros_msgs/local_setup.zsh
[9.438s] -- Installing: /home/farouk/ros2_ws/install/micro_ros_msgs/share/micro_ros_msgs/local_setup.dsv
[9.438s] -- Installing: /home/farouk/ros2_ws/install/micro_ros_msgs/share/micro_ros_msgs/package.dsv
[9.438s] -- Installing: /home/farouk/ros2_ws/install/micro_ros_msgs/share/ament_index/resource_index/packages/micro_ros_msgs
[9.439s] -- Installing: /home/farouk/ros2_ws/install/micro_ros_msgs/share/micro_ros_msgs/cmake/micro_ros_msgs__rosidl_generator_cExport.cmake
[9.439s] -- Installing: /home/farouk/ros2_ws/install/micro_ros_msgs/share/micro_ros_msgs/cmake/micro_ros_msgs__rosidl_generator_cExport-noconfig.cmake
[9.439s] -- Installing: /home/farouk/ros2_ws/install/micro_ros_msgs/share/micro_ros_msgs/cmake/micro_ros_msgs__rosidl_typesupport_introspection_cExport.cmake
[9.439s] -- Installing: /home/farouk/ros2_ws/install/micro_ros_msgs/share/micro_ros_msgs/cmake/micro_ros_msgs__rosidl_typesupport_introspection_cExport-noconfig.cmake
[9.439s] -- Installing: /home/farouk/ros2_ws/install/micro_ros_msgs/share/micro_ros_msgs/cmake/micro_ros_msgs__rosidl_typesupport_cExport.cmake
[9.439s] -- Installing: /home/farouk/ros2_ws/install/micro_ros_msgs/share/micro_ros_msgs/cmake/micro_ros_msgs__rosidl_typesupport_cExport-noconfig.cmake
[9.440s] -- Installing: /home/farouk/ros2_ws/install/micro_ros_msgs/share/micro_ros_msgs/cmake/micro_ros_msgs__rosidl_generator_cppExport.cmake
[9.440s] -- Installing: /home/farouk/ros2_ws/install/micro_ros_msgs/share/micro_ros_msgs/cmake/micro_ros_msgs__rosidl_typesupport_introspection_cppExport.cmake
[9.440s] -- Installing: /home/farouk/ros2_ws/install/micro_ros_msgs/share/micro_ros_msgs/cmake/micro_ros_msgs__rosidl_typesupport_introspection_cppExport-noconfig.cmake
[9.440s] -- Installing: /home/farouk/ros2_ws/install/micro_ros_msgs/share/micro_ros_msgs/cmake/micro_ros_msgs__rosidl_typesupport_cppExport.cmake
[9.440s] -- Installing: /home/farouk/ros2_ws/install/micro_ros_msgs/share/micro_ros_msgs/cmake/micro_ros_msgs__rosidl_typesupport_cppExport-noconfig.cmake
[9.440s] -- Installing: /home/farouk/ros2_ws/install/micro_ros_msgs/share/micro_ros_msgs/cmake/rosidl_cmake-extras.cmake
[9.440s] -- Installing: /home/farouk/ros2_ws/install/micro_ros_msgs/share/micro_ros_msgs/cmake/ament_cmake_export_dependencies-extras.cmake
[9.441s] -- Installing: /home/farouk/ros2_ws/install/micro_ros_msgs/share/micro_ros_msgs/cmake/ament_cmake_export_libraries-extras.cmake
[9.441s] -- Installing: /home/farouk/ros2_ws/install/micro_ros_msgs/share/micro_ros_msgs/cmake/ament_cmake_export_targets-extras.cmake
[9.441s] -- Installing: /home/farouk/ros2_ws/install/micro_ros_msgs/share/micro_ros_msgs/cmake/ament_cmake_export_include_directories-extras.cmake
[9.441s] -- Installing: /home/farouk/ros2_ws/install/micro_ros_msgs/share/micro_ros_msgs/cmake/rosidl_cmake_export_typesupport_libraries-extras.cmake
[9.441s] -- Installing: /home/farouk/ros2_ws/install/micro_ros_msgs/share/micro_ros_msgs/cmake/rosidl_cmake_export_typesupport_targets-extras.cmake
[9.441s] -- Installing: /home/farouk/ros2_ws/install/micro_ros_msgs/share/micro_ros_msgs/cmake/micro_ros_msgsConfig.cmake
[9.442s] -- Installing: /home/farouk/ros2_ws/install/micro_ros_msgs/share/micro_ros_msgs/cmake/micro_ros_msgsConfig-version.cmake
[9.442s] -- Installing: /home/farouk/ros2_ws/install/micro_ros_msgs/share/micro_ros_msgs/package.xml
[9.444s] Invoked command in '/home/farouk/ros2_ws/build/micro_ros_msgs' returned '0': CMAKE_PREFIX_PATH=${CMAKE_PREFIX_PATH}:/home/farouk/ros2_ws/install/robot_arm_bridge:/opt/ros/foxy /usr/local/bin/cmake --install /home/farouk/ros2_ws/build/micro_ros_msgs
